2023-03-23 16:46:11,012 INFO org.springframework.boot.StartupInfoLogger [main] Starting StartPoint on NOLI125045 with PID 2648 (C:\sandbox\EvinyFordelingstjenester_futureVersion\target\classes started by ronend in C:\sandbox\EvinyFordelingstjenester_futureVersion)
2023-03-23 16:46:11,028 INFO org.springframework.boot.SpringApplication [main] No active profile set, falling back to default profiles: default
2023-03-23 16:46:12,669 INFO org.springframework.scheduling.concurrent.ExecutorConfigurationSupport [main] Initializing ExecutorService 'taskScheduler'
2023-03-23 16:46:12,740 INFO com.cts.utils.GetListOfSubDirectories [scheduling-1] Scanning C:\Users\ronend\Desktop\BKKE_BASE_FOLDER for existing sub-directories.
2023-03-23 16:46:12,743 INFO org.springframework.boot.StartupInfoLogger [main] Started StartPoint in 2.734 seconds (JVM running for 4.069)
2023-03-23 16:46:12,754 INFO com.zaxxer.hikari.HikariDataSource [main] HikariPool-1 - Starting...
2023-03-23 16:46:12,829 INFO com.cts.controller.Controller [scheduling-1] Found 6 sub-directories - one directory per file format.
2023-03-23 16:46:12,830 INFO com.cts.controller.Controller [scheduling-1] Completed processing C:\Users\ronend\Desktop\BKKE_BASE_FOLDER\CircutorPLC in 0 seconds.
2023-03-23 16:46:12,830 INFO com.cts.controller.Controller [scheduling-1] Scanning for sub directories for forbruksImportFormat in C:\Users\ronend\Desktop\BKKE_BASE_FOLDER\Forbruk.
2023-03-23 16:46:12,858 INFO com.cts.utils.GetListOfSubDirectories [scheduling-1] Scanning C:\Users\ronend\Desktop\BKKE_BASE_FOLDER\Forbruk\ for existing sub-directories.
2023-03-23 16:46:12,874 INFO com.cts.controller.Controller [scheduling-1] Found 3 sub-folders for forbruksImportFormat - one for each meter data collection system .
2023-03-23 16:46:12,876 INFO com.cts.controller.Controller [scheduling-1] Scanning for new input file/s for forbruksImportFormat in C:\Users\ronend\Desktop\BKKE_BASE_FOLDER\Forbruk\Borettslag_1.
2023-03-23 16:46:12,941 INFO com.cts.controller.Controller [scheduling-1] Found 1 new input file/s.
2023-03-23 16:46:12,942 INFO com.cts.controller.Controller [scheduling-1] Will merge all 1 input files into one file
2023-03-23 16:46:12,952 INFO com.cts.utils.MergerFiles [scheduling-1] merging: C:\Users\ronend\Desktop\BKKE_BASE_FOLDER\Forbruk\Borettslag_1\mergedFile_TimestampRead_1679586372891.txt into C:\Users\ronend\Desktop\BKKE_BASE_FOLDER\Forbruk\Borettslag_1\Merged_Temp\mergedFile.txt.
2023-03-23 16:46:12,972 INFO com.cts.controller.Controller [scheduling-1] Moving used file C:\Users\ronend\Desktop\BKKE_BASE_FOLDER\Forbruk\Borettslag_1\mergedFile_TimestampRead_1679586372891.txt to Used folder at C:\Users\ronend\Desktop\BKKE_BASE_FOLDER\Forbruk\Borettslag_1\Used\.
2023-03-23 16:46:12,973 INFO com.cts.controller.Controller [scheduling-1] Starting to move used input files to C:\Users\ronend\Desktop\BKKE_BASE_FOLDER\Forbruk\Borettslag_1\Used\.
2023-03-23 16:46:12,989 INFO com.cts.utils.MoveUsedInputFilesToUsedFolder [scheduling-1] mergedFile_TimestampRead_1679586372891.txt moved to C:\Users\ronend\Desktop\BKKE_BASE_FOLDER\Forbruk\Borettslag_1\Used\ .
2023-03-23 16:46:12,990 INFO com.cts.controller.Controller [scheduling-1] Completed moving used file in 0 seconds.
2023-03-23 16:46:13,031 INFO com.cts.controller.Controller [scheduling-1] Found input file: mergedFile_TimestampRead_1679586372990.txt.
2023-03-23 16:46:13,035 INFO com.cts.generator.ProcessInput [scheduling-1] Start processing input file mergedFile_TimestampRead_1679586372990.txt.
2023-03-23 16:46:13,040 INFO com.cts.ioutils.InputFileReader [scheduling-1] Starting to read mergedFile_TimestampRead_1679586372990.txt.
2023-03-23 16:46:13,047 INFO com.cts.ioutils.InputFileReader [scheduling-1] So far read 100 rows.
2023-03-23 16:46:13,050 INFO com.cts.ioutils.InputFileReader [scheduling-1] So far read 200 rows.
2023-03-23 16:46:13,055 INFO com.cts.ioutils.InputFileReader [scheduling-1] So far read 300 rows.
2023-03-23 16:46:13,059 INFO com.cts.ioutils.InputFileReader [scheduling-1] So far read 400 rows.
2023-03-23 16:46:13,061 INFO com.cts.ioutils.InputFileReader [scheduling-1] So far read 500 rows.
2023-03-23 16:46:13,066 INFO com.cts.ioutils.InputFileReader [scheduling-1] So far read 600 rows.
2023-03-23 16:46:13,079 INFO com.cts.ioutils.InputFileReader [scheduling-1] So far read 700 rows.
2023-03-23 16:46:13,081 INFO com.cts.ioutils.InputFileReader [scheduling-1] So far read 800 rows.
2023-03-23 16:46:13,091 INFO com.cts.ioutils.InputFileReader [scheduling-1] So far read 900 rows.
2023-03-23 16:46:13,093 INFO com.cts.ioutils.InputFileReader [scheduling-1] So far read 1000 rows.
2023-03-23 16:46:13,095 INFO com.cts.ioutils.InputFileReader [scheduling-1] So far read 1100 rows.
2023-03-23 16:46:13,098 INFO com.cts.ioutils.InputFileReader [scheduling-1] So far read 1200 rows.
2023-03-23 16:46:13,100 INFO com.cts.ioutils.InputFileReader [scheduling-1] So far read 1300 rows.
2023-03-23 16:46:13,101 INFO com.cts.ioutils.InputFileReader [scheduling-1] So far read 1400 rows.
2023-03-23 16:46:13,106 INFO com.cts.ioutils.InputFileReader [scheduling-1] So far read 1500 rows.
2023-03-23 16:46:13,108 INFO com.cts.ioutils.InputFileReader [scheduling-1] So far read 1600 rows.
2023-03-23 16:46:13,109 INFO com.cts.ioutils.InputFileReader [scheduling-1] So far read 1700 rows.
2023-03-23 16:46:13,112 INFO com.cts.ioutils.InputFileReader [scheduling-1] So far read 1800 rows.
2023-03-23 16:46:13,113 INFO com.cts.ioutils.InputFileReader [scheduling-1] So far read 1900 rows.
2023-03-23 16:46:13,115 INFO com.cts.ioutils.InputFileReader [scheduling-1] So far read 2000 rows.
2023-03-23 16:46:13,115 INFO com.cts.ioutils.InputFileReader [scheduling-1] Completed reading. Total rows read = 2001.
2023-03-23 16:46:13,116 INFO com.cts.generator.ProcessInput [scheduling-1] Collected 2001 input rows.
2023-03-23 16:46:13,117 INFO com.cts.generator.ProcessInput [scheduling-1] Checking correct date format.
2023-03-23 16:46:13,273 INFO com.cts.utils.VerifyDateFormat [scheduling-1] So far checked 100 rows, out of which 100 have correct date format.
2023-03-23 16:46:13,281 INFO com.cts.utils.VerifyDateFormat [scheduling-1] So far checked 200 rows, out of which 200 have correct date format.
2023-03-23 16:46:13,286 INFO com.cts.utils.VerifyDateFormat [scheduling-1] So far checked 300 rows, out of which 300 have correct date format.
2023-03-23 16:46:13,290 INFO com.cts.utils.VerifyDateFormat [scheduling-1] So far checked 400 rows, out of which 400 have correct date format.
2023-03-23 16:46:13,295 INFO com.cts.utils.VerifyDateFormat [scheduling-1] So far checked 500 rows, out of which 500 have correct date format.
2023-03-23 16:46:13,298 INFO com.cts.utils.VerifyDateFormat [scheduling-1] So far checked 600 rows, out of which 600 have correct date format.
2023-03-23 16:46:13,301 INFO com.cts.utils.VerifyDateFormat [scheduling-1] So far checked 700 rows, out of which 700 have correct date format.
2023-03-23 16:46:13,304 INFO com.cts.utils.VerifyDateFormat [scheduling-1] So far checked 800 rows, out of which 800 have correct date format.
2023-03-23 16:46:13,306 INFO com.cts.utils.VerifyDateFormat [scheduling-1] So far checked 900 rows, out of which 900 have correct date format.
2023-03-23 16:46:13,307 INFO com.cts.utils.VerifyDateFormat [scheduling-1] So far checked 1000 rows, out of which 1000 have correct date format.
2023-03-23 16:46:13,308 INFO com.cts.utils.VerifyDateFormat [scheduling-1] So far checked 1100 rows, out of which 1100 have correct date format.
2023-03-23 16:46:13,311 INFO com.cts.utils.VerifyDateFormat [scheduling-1] So far checked 1200 rows, out of which 1200 have correct date format.
2023-03-23 16:46:13,312 INFO com.cts.utils.VerifyDateFormat [scheduling-1] So far checked 1300 rows, out of which 1300 have correct date format.
2023-03-23 16:46:13,313 INFO com.cts.utils.VerifyDateFormat [scheduling-1] So far checked 1400 rows, out of which 1400 have correct date format.
2023-03-23 16:46:13,315 INFO com.cts.utils.VerifyDateFormat [scheduling-1] So far checked 1500 rows, out of which 1500 have correct date format.
2023-03-23 16:46:13,316 INFO com.cts.utils.VerifyDateFormat [scheduling-1] So far checked 1600 rows, out of which 1600 have correct date format.
2023-03-23 16:46:13,318 INFO com.cts.utils.VerifyDateFormat [scheduling-1] So far checked 1700 rows, out of which 1700 have correct date format.
2023-03-23 16:46:13,319 INFO com.cts.utils.VerifyDateFormat [scheduling-1] So far checked 1800 rows, out of which 1800 have correct date format.
2023-03-23 16:46:13,320 INFO com.cts.utils.VerifyDateFormat [scheduling-1] So far checked 1900 rows, out of which 1900 have correct date format.
2023-03-23 16:46:13,323 INFO com.cts.utils.VerifyDateFormat [scheduling-1] So far checked 2000 rows, out of which 2000 have correct date format.
2023-03-23 16:46:13,324 INFO com.cts.utils.VerifyDateFormat [scheduling-1] Completed checking 2001 rows, out of which 2001 have correct date format.
2023-03-23 16:46:13,327 INFO com.cts.utils.VerifyDateFormat [scheduling-1] Checked date for 2001 rows in less than a second.
2023-03-23 16:46:13,328 INFO com.cts.generator.ProcessInput [scheduling-1] Checking correct number format.
2023-03-23 16:46:13,331 INFO com.cts.utils.VerifyNumberFormat [scheduling-1] So far checked 100 rows, out of which 100 have correct number format.
2023-03-23 16:46:13,332 INFO com.cts.utils.VerifyNumberFormat [scheduling-1] So far checked 200 rows, out of which 200 have correct number format.
2023-03-23 16:46:13,333 INFO com.cts.utils.VerifyNumberFormat [scheduling-1] So far checked 300 rows, out of which 300 have correct number format.
2023-03-23 16:46:13,333 INFO com.cts.utils.VerifyNumberFormat [scheduling-1] So far checked 400 rows, out of which 400 have correct number format.
2023-03-23 16:46:13,334 INFO com.cts.utils.VerifyNumberFormat [scheduling-1] So far checked 500 rows, out of which 500 have correct number format.
2023-03-23 16:46:13,334 INFO com.cts.utils.VerifyNumberFormat [scheduling-1] So far checked 600 rows, out of which 600 have correct number format.
2023-03-23 16:46:13,334 INFO com.cts.utils.VerifyNumberFormat [scheduling-1] So far checked 700 rows, out of which 700 have correct number format.
2023-03-23 16:46:13,335 INFO com.cts.utils.VerifyNumberFormat [scheduling-1] So far checked 800 rows, out of which 800 have correct number format.
2023-03-23 16:46:13,335 INFO com.cts.utils.VerifyNumberFormat [scheduling-1] So far checked 900 rows, out of which 900 have correct number format.
2023-03-23 16:46:13,336 INFO com.cts.utils.VerifyNumberFormat [scheduling-1] So far checked 1000 rows, out of which 1000 have correct number format.
2023-03-23 16:46:13,336 INFO com.cts.utils.VerifyNumberFormat [scheduling-1] So far checked 1100 rows, out of which 1100 have correct number format.
2023-03-23 16:46:13,337 INFO com.cts.utils.VerifyNumberFormat [scheduling-1] So far checked 1200 rows, out of which 1200 have correct number format.
2023-03-23 16:46:13,337 INFO com.cts.utils.VerifyNumberFormat [scheduling-1] So far checked 1300 rows, out of which 1300 have correct number format.
2023-03-23 16:46:13,338 INFO com.cts.utils.VerifyNumberFormat [scheduling-1] So far checked 1400 rows, out of which 1400 have correct number format.
2023-03-23 16:46:13,339 INFO com.cts.utils.VerifyNumberFormat [scheduling-1] So far checked 1500 rows, out of which 1500 have correct number format.
2023-03-23 16:46:13,339 INFO com.cts.utils.VerifyNumberFormat [scheduling-1] So far checked 1600 rows, out of which 1600 have correct number format.
2023-03-23 16:46:13,339 INFO com.cts.utils.VerifyNumberFormat [scheduling-1] So far checked 1700 rows, out of which 1700 have correct number format.
2023-03-23 16:46:13,340 INFO com.cts.utils.VerifyNumberFormat [scheduling-1] So far checked 1800 rows, out of which 1800 have correct number format.
2023-03-23 16:46:13,340 INFO com.cts.utils.VerifyNumberFormat [scheduling-1] So far checked 1900 rows, out of which 1900 have correct number format.
2023-03-23 16:46:13,341 INFO com.cts.utils.VerifyNumberFormat [scheduling-1] So far checked 2000 rows, out of which 2000 have correct number format.
2023-03-23 16:46:13,341 INFO com.cts.utils.VerifyNumberFormat [scheduling-1] Completed checking 2001 rows, out of which 2001 have correct number format.
2023-03-23 16:46:13,341 INFO com.cts.utils.VerifyNumberFormat [scheduling-1] Checked number for 2001 rows in less than a second.
2023-03-23 16:46:13,341 INFO com.cts.generator.ProcessInput [scheduling-1] Received 2001 input rows, will check for an entry in customer for distinct meters in the input.
2023-03-23 16:46:13,346 INFO com.cts.nanoMeteringGateway.CheckUnitInNanoMetering [scheduling-1] Starting to check for Customer record.
2023-03-23 16:46:13,423 INFO com.zaxxer.hikari.HikariDataSource [main] HikariPool-1 - Start completed.
2023-03-23 16:46:15,442 INFO com.cts.nanoMeteringGateway.CheckUnitInNanoMetering [scheduling-1] Found 2001 distinct meters. Will check for a Customer registry for each.
2023-03-23 16:46:15,518 INFO com.cts.nanoMeteringGateway.CheckUnitInNanoMetering [scheduling-1] Could not find meter 93019 in the base of previously checked meters, will try to get details by API call to ISCU.
2023-03-23 16:46:15,518 INFO com.cts.nanoMeteringGateway.MeterSetupClient [scheduling-1] Getting details For meter_id 93019.
2023-03-23 16:46:16,371 ERROR com.cts.nanoMeteringGateway.MeterSetupClient [scheduling-1] could not get UNIT value for meter_id = 93019. This meter is ignored. org.springframework.web.client.HttpClientErrorException:
org.springframework.web.client.HttpClientErrorException$NotFound: 404 Not Found: [No matching record for the given condition]
	at org.springframework.web.client.HttpClientErrorException.create(HttpClientErrorException.java:113)
	at org.springframework.web.client.DefaultResponseErrorHandler.handleError(DefaultResponseErrorHandler.java:170)
	at org.springframework.web.client.DefaultResponseErrorHandler.handleError(DefaultResponseErrorHandler.java:112)
	at org.springframework.web.client.ResponseErrorHandler.handleError(ResponseErrorHandler.java:63)
	at org.springframework.web.client.RestTemplate.handleResponse(RestTemplate.java:785)
	at org.springframework.web.client.RestTemplate.doExecute(RestTemplate.java:743)
	at org.springframework.web.client.RestTemplate.execute(RestTemplate.java:677)
	at org.springframework.web.client.RestTemplate.getForEntity(RestTemplate.java:345)
	at com.cts.nanoMeteringGateway.MeterSetupClient.get(MeterSetupClient.java:75)
	at com.cts.nanoMeteringGateway.CheckUnitInNanoMetering.hasCustomerEntry(CheckMeterInCustomer.java:84)
	at com.cts.nanoMeteringGateway.CheckUnitInNanoMetering.getDistinctMetersInCustomer(CheckMeterInCustomer.java:63)
	at com.cts.nanoMeteringGateway.CheckUnitInNanoMetering.filterInputRows(CheckMeterInCustomer.java:41)
	at com.cts.nanoMeteringGateway.CheckUnitInNanoMetering.<init>(CheckMeterInCustomer.java:34)
	at com.cts.generator.ProcessInput.excludeMetersNotInCustomer(ProcessInput.java:85)
	at com.cts.generator.ProcessInput.<init>(ProcessInput.java:62)
	at com.cts.controller.Controller.printOutput(Controller.java:189)
	at com.cts.controller.Controller.startProgram(Controller.java:131)
	at com.cts.controller.Controller.execute(Controller.java:87)
	at java.base/jdk.internal.reflect.NativeMethodAccessorImpl.invoke0(Native Method)
	at java.base/jdk.internal.reflect.NativeMethodAccessorImpl.invoke(NativeMethodAccessorImpl.java:62)
	at java.base/jdk.internal.reflect.DelegatingMethodAccessorImpl.invoke(DelegatingMethodAccessorImpl.java:43)
	at java.base/java.lang.reflect.Method.invoke(Method.java:566)
	at org.springframework.scheduling.support.ScheduledMethodRunnable.run(ScheduledMethodRunnable.java:84)
	at org.springframework.scheduling.support.DelegatingErrorHandlingRunnable.run(DelegatingErrorHandlingRunnable.java:54)
	at java.base/java.util.concurrent.Executors$RunnableAdapter.call(Executors.java:515)
	at java.base/java.util.concurrent.FutureTask.runAndReset(FutureTask.java:305)
	at java.base/java.util.concurrent.ScheduledThreadPoolExecutor$ScheduledFutureTask.run(ScheduledThreadPoolExecutor.java:305)
	at java.base/java.util.concurrent.ThreadPoolExecutor.runWorker(ThreadPoolExecutor.java:1128)
	at java.base/java.util.concurrent.ThreadPoolExecutor$Worker.run(ThreadPoolExecutor.java:628)
	at java.base/java.lang.Thread.run(Thread.java:834)
2023-03-23 16:46:16,372 WARN com.cts.nanoMeteringGateway.CheckUnitInNanoMetering [scheduling-1] could not get UNIT value for meter_id = 93019. This meter is ignored. General Exception. Exception message below:
2023-03-23 16:46:16,372 ERROR com.cts.nanoMeteringGateway.CheckUnitInNanoMetering [scheduling-1] Unable to fetch UNIT.
java.lang.NullPointerException: null
	at com.cts.nanoMeteringGateway.CheckUnitInNanoMetering.hasCustomerEntry(CheckMeterInCustomer.java:84)
	at com.cts.nanoMeteringGateway.CheckUnitInNanoMetering.getDistinctMetersInCustomer(CheckMeterInCustomer.java:63)
	at com.cts.nanoMeteringGateway.CheckUnitInNanoMetering.filterInputRows(CheckMeterInCustomer.java:41)
	at com.cts.nanoMeteringGateway.CheckUnitInNanoMetering.<init>(CheckMeterInCustomer.java:34)
	at com.cts.generator.ProcessInput.excludeMetersNotInCustomer(ProcessInput.java:85)
	at com.cts.generator.ProcessInput.<init>(ProcessInput.java:62)
	at com.cts.controller.Controller.printOutput(Controller.java:189)
	at com.cts.controller.Controller.startProgram(Controller.java:131)
	at com.cts.controller.Controller.execute(Controller.java:87)
	at java.base/jdk.internal.reflect.NativeMethodAccessorImpl.invoke0(Native Method)
	at java.base/jdk.internal.reflect.NativeMethodAccessorImpl.invoke(NativeMethodAccessorImpl.java:62)
	at java.base/jdk.internal.reflect.DelegatingMethodAccessorImpl.invoke(DelegatingMethodAccessorImpl.java:43)
	at java.base/java.lang.reflect.Method.invoke(Method.java:566)
	at org.springframework.scheduling.support.ScheduledMethodRunnable.run(ScheduledMethodRunnable.java:84)
	at org.springframework.scheduling.support.DelegatingErrorHandlingRunnable.run(DelegatingErrorHandlingRunnable.java:54)
	at java.base/java.util.concurrent.Executors$RunnableAdapter.call(Executors.java:515)
	at java.base/java.util.concurrent.FutureTask.runAndReset(FutureTask.java:305)
	at java.base/java.util.concurrent.ScheduledThreadPoolExecutor$ScheduledFutureTask.run(ScheduledThreadPoolExecutor.java:305)
	at java.base/java.util.concurrent.ThreadPoolExecutor.runWorker(ThreadPoolExecutor.java:1128)
	at java.base/java.util.concurrent.ThreadPoolExecutor$Worker.run(ThreadPoolExecutor.java:628)
	at java.base/java.lang.Thread.run(Thread.java:834)
2023-03-23 16:46:16,373 INFO com.cts.nanoMeteringGateway.CheckUnitInNanoMetering [scheduling-1] Could not find meter 93018 in the base of previously checked meters, will try to get details by API call to ISCU.
2023-03-23 16:46:16,374 INFO com.cts.nanoMeteringGateway.MeterSetupClient [scheduling-1] Getting details For meter_id 93018.
2023-03-23 16:46:16,478 ERROR com.cts.nanoMeteringGateway.MeterSetupClient [scheduling-1] could not get UNIT value for meter_id = 93018. This meter is ignored. org.springframework.web.client.HttpClientErrorException:
org.springframework.web.client.HttpClientErrorException$NotFound: 404 Not Found: [No matching record for the given condition]
	at org.springframework.web.client.HttpClientErrorException.create(HttpClientErrorException.java:113)
	at org.springframework.web.client.DefaultResponseErrorHandler.handleError(DefaultResponseErrorHandler.java:170)
	at org.springframework.web.client.DefaultResponseErrorHandler.handleError(DefaultResponseErrorHandler.java:112)
	at org.springframework.web.client.ResponseErrorHandler.handleError(ResponseErrorHandler.java:63)
	at org.springframework.web.client.RestTemplate.handleResponse(RestTemplate.java:785)
	at org.springframework.web.client.RestTemplate.doExecute(RestTemplate.java:743)
	at org.springframework.web.client.RestTemplate.execute(RestTemplate.java:677)
	at org.springframework.web.client.RestTemplate.getForEntity(RestTemplate.java:345)
	at com.cts.nanoMeteringGateway.MeterSetupClient.get(MeterSetupClient.java:75)
	at com.cts.nanoMeteringGateway.CheckUnitInNanoMetering.hasCustomerEntry(CheckMeterInCustomer.java:84)
	at com.cts.nanoMeteringGateway.CheckUnitInNanoMetering.getDistinctMetersInCustomer(CheckMeterInCustomer.java:63)
	at com.cts.nanoMeteringGateway.CheckUnitInNanoMetering.filterInputRows(CheckMeterInCustomer.java:41)
	at com.cts.nanoMeteringGateway.CheckUnitInNanoMetering.<init>(CheckMeterInCustomer.java:34)
	at com.cts.generator.ProcessInput.excludeMetersNotInCustomer(ProcessInput.java:85)
	at com.cts.generator.ProcessInput.<init>(ProcessInput.java:62)
	at com.cts.controller.Controller.printOutput(Controller.java:189)
	at com.cts.controller.Controller.startProgram(Controller.java:131)
	at com.cts.controller.Controller.execute(Controller.java:87)
	at java.base/jdk.internal.reflect.NativeMethodAccessorImpl.invoke0(Native Method)
	at java.base/jdk.internal.reflect.NativeMethodAccessorImpl.invoke(NativeMethodAccessorImpl.java:62)
	at java.base/jdk.internal.reflect.DelegatingMethodAccessorImpl.invoke(DelegatingMethodAccessorImpl.java:43)
	at java.base/java.lang.reflect.Method.invoke(Method.java:566)
	at org.springframework.scheduling.support.ScheduledMethodRunnable.run(ScheduledMethodRunnable.java:84)
	at org.springframework.scheduling.support.DelegatingErrorHandlingRunnable.run(DelegatingErrorHandlingRunnable.java:54)
	at java.base/java.util.concurrent.Executors$RunnableAdapter.call(Executors.java:515)
	at java.base/java.util.concurrent.FutureTask.runAndReset(FutureTask.java:305)
	at java.base/java.util.concurrent.ScheduledThreadPoolExecutor$ScheduledFutureTask.run(ScheduledThreadPoolExecutor.java:305)
	at java.base/java.util.concurrent.ThreadPoolExecutor.runWorker(ThreadPoolExecutor.java:1128)
	at java.base/java.util.concurrent.ThreadPoolExecutor$Worker.run(ThreadPoolExecutor.java:628)
	at java.base/java.lang.Thread.run(Thread.java:834)
2023-03-23 16:46:16,479 WARN com.cts.nanoMeteringGateway.CheckUnitInNanoMetering [scheduling-1] could not get UNIT value for meter_id = 93018. This meter is ignored. General Exception. Exception message below:
2023-03-23 16:46:16,479 ERROR com.cts.nanoMeteringGateway.CheckUnitInNanoMetering [scheduling-1] Unable to fetch UNIT.
java.lang.NullPointerException: null
	at com.cts.nanoMeteringGateway.CheckUnitInNanoMetering.hasCustomerEntry(CheckMeterInCustomer.java:84)
	at com.cts.nanoMeteringGateway.CheckUnitInNanoMetering.getDistinctMetersInCustomer(CheckMeterInCustomer.java:63)
	at com.cts.nanoMeteringGateway.CheckUnitInNanoMetering.filterInputRows(CheckMeterInCustomer.java:41)
	at com.cts.nanoMeteringGateway.CheckUnitInNanoMetering.<init>(CheckMeterInCustomer.java:34)
	at com.cts.generator.ProcessInput.excludeMetersNotInCustomer(ProcessInput.java:85)
	at com.cts.generator.ProcessInput.<init>(ProcessInput.java:62)
	at com.cts.controller.Controller.printOutput(Controller.java:189)
	at com.cts.controller.Controller.startProgram(Controller.java:131)
	at com.cts.controller.Controller.execute(Controller.java:87)
	at java.base/jdk.internal.reflect.NativeMethodAccessorImpl.invoke0(Native Method)
	at java.base/jdk.internal.reflect.NativeMethodAccessorImpl.invoke(NativeMethodAccessorImpl.java:62)
	at java.base/jdk.internal.reflect.DelegatingMethodAccessorImpl.invoke(DelegatingMethodAccessorImpl.java:43)
	at java.base/java.lang.reflect.Method.invoke(Method.java:566)
	at org.springframework.scheduling.support.ScheduledMethodRunnable.run(ScheduledMethodRunnable.java:84)
	at org.springframework.scheduling.support.DelegatingErrorHandlingRunnable.run(DelegatingErrorHandlingRunnable.java:54)
	at java.base/java.util.concurrent.Executors$RunnableAdapter.call(Executors.java:515)
	at java.base/java.util.concurrent.FutureTask.runAndReset(FutureTask.java:305)
	at java.base/java.util.concurrent.ScheduledThreadPoolExecutor$ScheduledFutureTask.run(ScheduledThreadPoolExecutor.java:305)
	at java.base/java.util.concurrent.ThreadPoolExecutor.runWorker(ThreadPoolExecutor.java:1128)
	at java.base/java.util.concurrent.ThreadPoolExecutor$Worker.run(ThreadPoolExecutor.java:628)
	at java.base/java.lang.Thread.run(Thread.java:834)
2023-03-23 16:46:16,511 INFO com.cts.nanoMeteringGateway.CheckUnitInNanoMetering [scheduling-1] So far checked 100 meters. Out of which 98 has Customer entry.
2023-03-23 16:46:16,511 INFO com.cts.nanoMeteringGateway.CheckUnitInNanoMetering [scheduling-1] Time to check 100 meters =  1 seconds.
2023-03-23 16:46:16,543 INFO com.cts.nanoMeteringGateway.CheckUnitInNanoMetering [scheduling-1] Could not find meter 88836 in the base of previously checked meters, will try to get details by API call to ISCU.
2023-03-23 16:46:16,543 INFO com.cts.nanoMeteringGateway.MeterSetupClient [scheduling-1] Getting details For meter_id 88836.
2023-03-23 16:46:16,645 ERROR com.cts.nanoMeteringGateway.MeterSetupClient [scheduling-1] could not get UNIT value for meter_id = 88836. This meter is ignored. org.springframework.web.client.HttpClientErrorException:
org.springframework.web.client.HttpClientErrorException$NotFound: 404 Not Found: [No matching record for the given condition]
	at org.springframework.web.client.HttpClientErrorException.create(HttpClientErrorException.java:113)
	at org.springframework.web.client.DefaultResponseErrorHandler.handleError(DefaultResponseErrorHandler.java:170)
	at org.springframework.web.client.DefaultResponseErrorHandler.handleError(DefaultResponseErrorHandler.java:112)
	at org.springframework.web.client.ResponseErrorHandler.handleError(ResponseErrorHandler.java:63)
	at org.springframework.web.client.RestTemplate.handleResponse(RestTemplate.java:785)
	at org.springframework.web.client.RestTemplate.doExecute(RestTemplate.java:743)
	at org.springframework.web.client.RestTemplate.execute(RestTemplate.java:677)
	at org.springframework.web.client.RestTemplate.getForEntity(RestTemplate.java:345)
	at com.cts.nanoMeteringGateway.MeterSetupClient.get(MeterSetupClient.java:75)
	at com.cts.nanoMeteringGateway.CheckUnitInNanoMetering.hasCustomerEntry(CheckMeterInCustomer.java:84)
	at com.cts.nanoMeteringGateway.CheckUnitInNanoMetering.getDistinctMetersInCustomer(CheckMeterInCustomer.java:63)
	at com.cts.nanoMeteringGateway.CheckUnitInNanoMetering.filterInputRows(CheckMeterInCustomer.java:41)
	at com.cts.nanoMeteringGateway.CheckUnitInNanoMetering.<init>(CheckMeterInCustomer.java:34)
	at com.cts.generator.ProcessInput.excludeMetersNotInCustomer(ProcessInput.java:85)
	at com.cts.generator.ProcessInput.<init>(ProcessInput.java:62)
	at com.cts.controller.Controller.printOutput(Controller.java:189)
	at com.cts.controller.Controller.startProgram(Controller.java:131)
	at com.cts.controller.Controller.execute(Controller.java:87)
	at java.base/jdk.internal.reflect.NativeMethodAccessorImpl.invoke0(Native Method)
	at java.base/jdk.internal.reflect.NativeMethodAccessorImpl.invoke(NativeMethodAccessorImpl.java:62)
	at java.base/jdk.internal.reflect.DelegatingMethodAccessorImpl.invoke(DelegatingMethodAccessorImpl.java:43)
	at java.base/java.lang.reflect.Method.invoke(Method.java:566)
	at org.springframework.scheduling.support.ScheduledMethodRunnable.run(ScheduledMethodRunnable.java:84)
	at org.springframework.scheduling.support.DelegatingErrorHandlingRunnable.run(DelegatingErrorHandlingRunnable.java:54)
	at java.base/java.util.concurrent.Executors$RunnableAdapter.call(Executors.java:515)
	at java.base/java.util.concurrent.FutureTask.runAndReset(FutureTask.java:305)
	at java.base/java.util.concurrent.ScheduledThreadPoolExecutor$ScheduledFutureTask.run(ScheduledThreadPoolExecutor.java:305)
	at java.base/java.util.concurrent.ThreadPoolExecutor.runWorker(ThreadPoolExecutor.java:1128)
	at java.base/java.util.concurrent.ThreadPoolExecutor$Worker.run(ThreadPoolExecutor.java:628)
	at java.base/java.lang.Thread.run(Thread.java:834)
2023-03-23 16:46:16,645 WARN com.cts.nanoMeteringGateway.CheckUnitInNanoMetering [scheduling-1] could not get UNIT value for meter_id = 88836. This meter is ignored. General Exception. Exception message below:
2023-03-23 16:46:16,645 ERROR com.cts.nanoMeteringGateway.CheckUnitInNanoMetering [scheduling-1] Unable to fetch UNIT.
java.lang.NullPointerException: null
	at com.cts.nanoMeteringGateway.CheckUnitInNanoMetering.hasCustomerEntry(CheckMeterInCustomer.java:84)
	at com.cts.nanoMeteringGateway.CheckUnitInNanoMetering.getDistinctMetersInCustomer(CheckMeterInCustomer.java:63)
	at com.cts.nanoMeteringGateway.CheckUnitInNanoMetering.filterInputRows(CheckMeterInCustomer.java:41)
	at com.cts.nanoMeteringGateway.CheckUnitInNanoMetering.<init>(CheckMeterInCustomer.java:34)
	at com.cts.generator.ProcessInput.excludeMetersNotInCustomer(ProcessInput.java:85)
	at com.cts.generator.ProcessInput.<init>(ProcessInput.java:62)
	at com.cts.controller.Controller.printOutput(Controller.java:189)
	at com.cts.controller.Controller.startProgram(Controller.java:131)
	at com.cts.controller.Controller.execute(Controller.java:87)
	at java.base/jdk.internal.reflect.NativeMethodAccessorImpl.invoke0(Native Method)
	at java.base/jdk.internal.reflect.NativeMethodAccessorImpl.invoke(NativeMethodAccessorImpl.java:62)
	at java.base/jdk.internal.reflect.DelegatingMethodAccessorImpl.invoke(DelegatingMethodAccessorImpl.java:43)
	at java.base/java.lang.reflect.Method.invoke(Method.java:566)
	at org.springframework.scheduling.support.ScheduledMethodRunnable.run(ScheduledMethodRunnable.java:84)
	at org.springframework.scheduling.support.DelegatingErrorHandlingRunnable.run(DelegatingErrorHandlingRunnable.java:54)
	at java.base/java.util.concurrent.Executors$RunnableAdapter.call(Executors.java:515)
	at java.base/java.util.concurrent.FutureTask.runAndReset(FutureTask.java:305)
	at java.base/java.util.concurrent.ScheduledThreadPoolExecutor$ScheduledFutureTask.run(ScheduledThreadPoolExecutor.java:305)
	at java.base/java.util.concurrent.ThreadPoolExecutor.runWorker(ThreadPoolExecutor.java:1128)
	at java.base/java.util.concurrent.ThreadPoolExecutor$Worker.run(ThreadPoolExecutor.java:628)
	at java.base/java.lang.Thread.run(Thread.java:834)
2023-03-23 16:46:16,648 INFO com.cts.nanoMeteringGateway.CheckUnitInNanoMetering [scheduling-1] So far checked 200 meters. Out of which 197 has Customer entry.
2023-03-23 16:46:16,648 INFO com.cts.nanoMeteringGateway.CheckUnitInNanoMetering [scheduling-1] Time to check 200 meters =  1 seconds.
2023-03-23 16:46:16,687 INFO com.cts.nanoMeteringGateway.CheckUnitInNanoMetering [scheduling-1] So far checked 300 meters. Out of which 297 has Customer entry.
2023-03-23 16:46:16,688 INFO com.cts.nanoMeteringGateway.CheckUnitInNanoMetering [scheduling-1] Time to check 300 meters =  1 seconds.
2023-03-23 16:46:16,726 INFO com.cts.nanoMeteringGateway.CheckUnitInNanoMetering [scheduling-1] So far checked 400 meters. Out of which 397 has Customer entry.
2023-03-23 16:46:16,728 INFO com.cts.nanoMeteringGateway.CheckUnitInNanoMetering [scheduling-1] Time to check 400 meters =  1 seconds.
2023-03-23 16:46:16,763 INFO com.cts.nanoMeteringGateway.CheckUnitInNanoMetering [scheduling-1] So far checked 500 meters. Out of which 497 has Customer entry.
2023-03-23 16:46:16,763 INFO com.cts.nanoMeteringGateway.CheckUnitInNanoMetering [scheduling-1] Time to check 500 meters =  1 seconds.
2023-03-23 16:46:16,798 INFO com.cts.nanoMeteringGateway.CheckUnitInNanoMetering [scheduling-1] So far checked 600 meters. Out of which 597 has Customer entry.
2023-03-23 16:46:16,798 INFO com.cts.nanoMeteringGateway.CheckUnitInNanoMetering [scheduling-1] Time to check 600 meters =  1 seconds.
2023-03-23 16:46:16,820 INFO com.cts.nanoMeteringGateway.CheckUnitInNanoMetering [scheduling-1] So far checked 700 meters. Out of which 697 has Customer entry.
2023-03-23 16:46:16,820 INFO com.cts.nanoMeteringGateway.CheckUnitInNanoMetering [scheduling-1] Time to check 700 meters =  1 seconds.
2023-03-23 16:46:16,839 INFO com.cts.nanoMeteringGateway.CheckUnitInNanoMetering [scheduling-1] So far checked 800 meters. Out of which 797 has Customer entry.
2023-03-23 16:46:16,839 INFO com.cts.nanoMeteringGateway.CheckUnitInNanoMetering [scheduling-1] Time to check 800 meters =  1 seconds.
2023-03-23 16:46:16,857 INFO com.cts.nanoMeteringGateway.CheckUnitInNanoMetering [scheduling-1] So far checked 900 meters. Out of which 897 has Customer entry.
2023-03-23 16:46:16,857 INFO com.cts.nanoMeteringGateway.CheckUnitInNanoMetering [scheduling-1] Time to check 900 meters =  1 seconds.
2023-03-23 16:46:16,875 INFO com.cts.nanoMeteringGateway.CheckUnitInNanoMetering [scheduling-1] So far checked 1000 meters. Out of which 997 has Customer entry.
2023-03-23 16:46:16,875 INFO com.cts.nanoMeteringGateway.CheckUnitInNanoMetering [scheduling-1] Time to check 1000 meters =  1 seconds.
2023-03-23 16:46:16,899 INFO com.cts.nanoMeteringGateway.CheckUnitInNanoMetering [scheduling-1] So far checked 1100 meters. Out of which 1097 has Customer entry.
2023-03-23 16:46:16,900 INFO com.cts.nanoMeteringGateway.CheckUnitInNanoMetering [scheduling-1] Time to check 1100 meters =  1 seconds.
2023-03-23 16:46:16,919 INFO com.cts.nanoMeteringGateway.CheckUnitInNanoMetering [scheduling-1] So far checked 1200 meters. Out of which 1197 has Customer entry.
2023-03-23 16:46:16,919 INFO com.cts.nanoMeteringGateway.CheckUnitInNanoMetering [scheduling-1] Time to check 1200 meters =  1 seconds.
2023-03-23 16:46:16,938 INFO com.cts.nanoMeteringGateway.CheckUnitInNanoMetering [scheduling-1] So far checked 1300 meters. Out of which 1297 has Customer entry.
2023-03-23 16:46:16,938 INFO com.cts.nanoMeteringGateway.CheckUnitInNanoMetering [scheduling-1] Time to check 1300 meters =  1 seconds.
2023-03-23 16:46:16,956 INFO com.cts.nanoMeteringGateway.CheckUnitInNanoMetering [scheduling-1] So far checked 1400 meters. Out of which 1397 has Customer entry.
2023-03-23 16:46:16,956 INFO com.cts.nanoMeteringGateway.CheckUnitInNanoMetering [scheduling-1] Time to check 1400 meters =  1 seconds.
2023-03-23 16:46:16,972 INFO com.cts.nanoMeteringGateway.CheckUnitInNanoMetering [scheduling-1] So far checked 1500 meters. Out of which 1497 has Customer entry.
2023-03-23 16:46:16,972 INFO com.cts.nanoMeteringGateway.CheckUnitInNanoMetering [scheduling-1] Time to check 1500 meters =  1 seconds.
2023-03-23 16:46:16,993 INFO com.cts.nanoMeteringGateway.CheckUnitInNanoMetering [scheduling-1] So far checked 1600 meters. Out of which 1597 has Customer entry.
2023-03-23 16:46:16,994 INFO com.cts.nanoMeteringGateway.CheckUnitInNanoMetering [scheduling-1] Time to check 1600 meters =  1 seconds.
2023-03-23 16:46:17,014 INFO com.cts.nanoMeteringGateway.CheckUnitInNanoMetering [scheduling-1] So far checked 1700 meters. Out of which 1697 has Customer entry.
2023-03-23 16:46:17,015 INFO com.cts.nanoMeteringGateway.CheckUnitInNanoMetering [scheduling-1] Time to check 1700 meters =  1 seconds.
2023-03-23 16:46:17,035 INFO com.cts.nanoMeteringGateway.CheckUnitInNanoMetering [scheduling-1] So far checked 1800 meters. Out of which 1797 has Customer entry.
2023-03-23 16:46:17,035 INFO com.cts.nanoMeteringGateway.CheckUnitInNanoMetering [scheduling-1] Time to check 1800 meters =  1 seconds.
2023-03-23 16:46:17,062 INFO com.cts.nanoMeteringGateway.CheckUnitInNanoMetering [scheduling-1] So far checked 1900 meters. Out of which 1897 has Customer entry.
2023-03-23 16:46:17,062 INFO com.cts.nanoMeteringGateway.CheckUnitInNanoMetering [scheduling-1] Time to check 1900 meters =  1 seconds.
2023-03-23 16:46:17,078 INFO com.cts.nanoMeteringGateway.CheckUnitInNanoMetering [scheduling-1] Could not find meter 79650 in the base of previously checked meters, will try to get details by API call to ISCU.
2023-03-23 16:46:17,079 INFO com.cts.nanoMeteringGateway.MeterSetupClient [scheduling-1] Getting details For meter_id 79650.
2023-03-23 16:46:17,197 ERROR com.cts.nanoMeteringGateway.MeterSetupClient [scheduling-1] could not get UNIT value for meter_id = 79650. This meter is ignored. org.springframework.web.client.HttpClientErrorException:
org.springframework.web.client.HttpClientErrorException$NotFound: 404 Not Found: [No matching record for the given condition]
	at org.springframework.web.client.HttpClientErrorException.create(HttpClientErrorException.java:113)
	at org.springframework.web.client.DefaultResponseErrorHandler.handleError(DefaultResponseErrorHandler.java:170)
	at org.springframework.web.client.DefaultResponseErrorHandler.handleError(DefaultResponseErrorHandler.java:112)
	at org.springframework.web.client.ResponseErrorHandler.handleError(ResponseErrorHandler.java:63)
	at org.springframework.web.client.RestTemplate.handleResponse(RestTemplate.java:785)
	at org.springframework.web.client.RestTemplate.doExecute(RestTemplate.java:743)
	at org.springframework.web.client.RestTemplate.execute(RestTemplate.java:677)
	at org.springframework.web.client.RestTemplate.getForEntity(RestTemplate.java:345)
	at com.cts.nanoMeteringGateway.MeterSetupClient.get(MeterSetupClient.java:75)
	at com.cts.nanoMeteringGateway.CheckUnitInNanoMetering.hasCustomerEntry(CheckMeterInCustomer.java:84)
	at com.cts.nanoMeteringGateway.CheckUnitInNanoMetering.getDistinctMetersInCustomer(CheckMeterInCustomer.java:63)
	at com.cts.nanoMeteringGateway.CheckUnitInNanoMetering.filterInputRows(CheckMeterInCustomer.java:41)
	at com.cts.nanoMeteringGateway.CheckUnitInNanoMetering.<init>(CheckMeterInCustomer.java:34)
	at com.cts.generator.ProcessInput.excludeMetersNotInCustomer(ProcessInput.java:85)
	at com.cts.generator.ProcessInput.<init>(ProcessInput.java:62)
	at com.cts.controller.Controller.printOutput(Controller.java:189)
	at com.cts.controller.Controller.startProgram(Controller.java:131)
	at com.cts.controller.Controller.execute(Controller.java:87)
	at java.base/jdk.internal.reflect.NativeMethodAccessorImpl.invoke0(Native Method)
	at java.base/jdk.internal.reflect.NativeMethodAccessorImpl.invoke(NativeMethodAccessorImpl.java:62)
	at java.base/jdk.internal.reflect.DelegatingMethodAccessorImpl.invoke(DelegatingMethodAccessorImpl.java:43)
	at java.base/java.lang.reflect.Method.invoke(Method.java:566)
	at org.springframework.scheduling.support.ScheduledMethodRunnable.run(ScheduledMethodRunnable.java:84)
	at org.springframework.scheduling.support.DelegatingErrorHandlingRunnable.run(DelegatingErrorHandlingRunnable.java:54)
	at java.base/java.util.concurrent.Executors$RunnableAdapter.call(Executors.java:515)
	at java.base/java.util.concurrent.FutureTask.runAndReset(FutureTask.java:305)
	at java.base/java.util.concurrent.ScheduledThreadPoolExecutor$ScheduledFutureTask.run(ScheduledThreadPoolExecutor.java:305)
	at java.base/java.util.concurrent.ThreadPoolExecutor.runWorker(ThreadPoolExecutor.java:1128)
	at java.base/java.util.concurrent.ThreadPoolExecutor$Worker.run(ThreadPoolExecutor.java:628)
	at java.base/java.lang.Thread.run(Thread.java:834)
2023-03-23 16:46:17,197 WARN com.cts.nanoMeteringGateway.CheckUnitInNanoMetering [scheduling-1] could not get UNIT value for meter_id = 79650. This meter is ignored. General Exception. Exception message below:
2023-03-23 16:46:17,197 ERROR com.cts.nanoMeteringGateway.CheckUnitInNanoMetering [scheduling-1] Unable to fetch UNIT.
java.lang.NullPointerException: null
	at com.cts.nanoMeteringGateway.CheckUnitInNanoMetering.hasCustomerEntry(CheckMeterInCustomer.java:84)
	at com.cts.nanoMeteringGateway.CheckUnitInNanoMetering.getDistinctMetersInCustomer(CheckMeterInCustomer.java:63)
	at com.cts.nanoMeteringGateway.CheckUnitInNanoMetering.filterInputRows(CheckMeterInCustomer.java:41)
	at com.cts.nanoMeteringGateway.CheckUnitInNanoMetering.<init>(CheckMeterInCustomer.java:34)
	at com.cts.generator.ProcessInput.excludeMetersNotInCustomer(ProcessInput.java:85)
	at com.cts.generator.ProcessInput.<init>(ProcessInput.java:62)
	at com.cts.controller.Controller.printOutput(Controller.java:189)
	at com.cts.controller.Controller.startProgram(Controller.java:131)
	at com.cts.controller.Controller.execute(Controller.java:87)
	at java.base/jdk.internal.reflect.NativeMethodAccessorImpl.invoke0(Native Method)
	at java.base/jdk.internal.reflect.NativeMethodAccessorImpl.invoke(NativeMethodAccessorImpl.java:62)
	at java.base/jdk.internal.reflect.DelegatingMethodAccessorImpl.invoke(DelegatingMethodAccessorImpl.java:43)
	at java.base/java.lang.reflect.Method.invoke(Method.java:566)
	at org.springframework.scheduling.support.ScheduledMethodRunnable.run(ScheduledMethodRunnable.java:84)
	at org.springframework.scheduling.support.DelegatingErrorHandlingRunnable.run(DelegatingErrorHandlingRunnable.java:54)
	at java.base/java.util.concurrent.Executors$RunnableAdapter.call(Executors.java:515)
	at java.base/java.util.concurrent.FutureTask.runAndReset(FutureTask.java:305)
	at java.base/java.util.concurrent.ScheduledThreadPoolExecutor$ScheduledFutureTask.run(ScheduledThreadPoolExecutor.java:305)
	at java.base/java.util.concurrent.ThreadPoolExecutor.runWorker(ThreadPoolExecutor.java:1128)
	at java.base/java.util.concurrent.ThreadPoolExecutor$Worker.run(ThreadPoolExecutor.java:628)
	at java.base/java.lang.Thread.run(Thread.java:834)
2023-03-23 16:46:17,198 INFO com.cts.nanoMeteringGateway.CheckUnitInNanoMetering [scheduling-1] So far checked 2000 meters. Out of which 1996 has Customer entry.
2023-03-23 16:46:17,199 INFO com.cts.nanoMeteringGateway.CheckUnitInNanoMetering [scheduling-1] Time to check 2000 meters =  1 seconds.
2023-03-23 16:46:17,199 INFO com.cts.nanoMeteringGateway.CheckUnitInNanoMetering [scheduling-1] So far checked 2001 meters. Out of which 1997 has Customer entry.
2023-03-23 16:46:17,199 INFO com.cts.nanoMeteringGateway.CheckUnitInNanoMetering [scheduling-1] Time to check 2001 meters =  1 seconds.
2023-03-23 16:46:17,199 INFO com.cts.nanoMeteringGateway.CheckUnitInNanoMetering [scheduling-1] Completed check for entry in Customer, found 1997 meters which have a Customer record.
2023-03-23 16:46:17,207 INFO com.cts.generator.ProcessInput [scheduling-1] proceeding to process 1997 input rows.
2023-03-23 16:46:17,432 INFO com.cts.generator.ProcessInput [scheduling-1] Will process 1997 records for json file - forbruksImportFormat.
2023-03-23 16:46:17,936 INFO com.cts.generator.CreateJSONForProfileIndexD0 [scheduling-1] Creating jsonPayload for periodic consumption 'Forbruk' format
2023-03-23 16:46:18,004 INFO com.cts.generator.ProcessInput [scheduling-1] Created json file/s from input.
2023-03-23 16:46:18,008 INFO com.cts.ioutils.OutputFileWriter [scheduling-1] Starting writeOutput.
2023-03-23 16:46:18,027 INFO com.cts.ioutils.OutputFileWriter [scheduling-1] Completed writeOutput.
2023-03-23 16:46:18,028 INFO com.cts.controller.Controller [scheduling-1] Json file for input file mergedFile_TimestampRead_1679586372990.txt written to C:\Users\ronend\Desktop\BKKE_BASE_FOLDER\Forbruk\Borettslag_1\Processed\.
2023-03-23 16:46:18,030 INFO com.cts.ioutils.DeviationReportWriter [scheduling-1] Publish Deviation Report = TRUE
2023-03-23 16:46:18,039 INFO com.cts.ioutils.DeviationReportWriter [scheduling-1] AvviksRapport skrevet til: C:\Users\ronend\Desktop\BKKE_BASE_FOLDER\Forbruk\Borettslag_1\Failed\mergedFile_Failed_1679586372990.txt
2023-03-23 16:46:18,040 INFO com.cts.controller.Controller [scheduling-1] Starting to move used merged input file to C:\Users\ronend\Desktop\BKKE_BASE_FOLDER\Forbruk\Borettslag_1\Merged_Temp\mergedFile_TimestampRead_1679586372990.txt.
2023-03-23 16:46:18,045 INFO com.cts.utils.MoveUsedInputFilesToUsedFolder [scheduling-1] mergedFile_TimestampRead_1679586372990.txt moved to C:\Users\ronend\Desktop\BKKE_BASE_FOLDER\Forbruk\Borettslag_1\Used\ .
2023-03-23 16:46:18,045 INFO com.cts.controller.Controller [scheduling-1] Completed processing in 5 seconds.
2023-03-23 16:46:18,046 INFO com.cts.controller.Controller [scheduling-1] Scan for new input files will be performed in 10 minutes according to scheduling plan.
2023-03-23 16:46:18,046 INFO com.cts.controller.Controller [scheduling-1] Scanning for new input file/s for forbruksImportFormat in C:\Users\ronend\Desktop\BKKE_BASE_FOLDER\Forbruk\Borettslag_2.
2023-03-23 16:46:18,049 INFO com.cts.controller.Controller [scheduling-1] Found 0 new input file/s.
2023-03-23 16:46:18,049 INFO com.cts.controller.Controller [scheduling-1] Will merge all 0 input files into one file
2023-03-23 16:46:18,049 INFO com.cts.controller.Controller [scheduling-1] Scanning for new input file/s for forbruksImportFormat in C:\Users\ronend\Desktop\BKKE_BASE_FOLDER\Forbruk\Borettslag_3.
2023-03-23 16:46:18,051 INFO com.cts.controller.Controller [scheduling-1] Found 0 new input file/s.
2023-03-23 16:46:18,052 INFO com.cts.controller.Controller [scheduling-1] Will merge all 0 input files into one file
2023-03-23 16:46:18,052 INFO com.cts.controller.Controller [scheduling-1] Completed processing C:\Users\ronend\Desktop\BKKE_BASE_FOLDER\Forbruk in 5 seconds.
2023-03-23 16:46:18,052 INFO com.cts.controller.Controller [scheduling-1] Completed processing C:\Users\ronend\Desktop\BKKE_BASE_FOLDER\KamstrupVBV in 5 seconds.
2023-03-23 16:46:18,052 INFO com.cts.controller.Controller [scheduling-1] Completed processing C:\Users\ronend\Desktop\BKKE_BASE_FOLDER\KamstrupVT in 5 seconds.
2023-03-23 16:46:18,052 INFO com.cts.controller.Controller [scheduling-1] Scanning for sub directories for mBusFormat in C:\Users\ronend\Desktop\BKKE_BASE_FOLDER\M-bus.
2023-03-23 16:46:18,052 INFO com.cts.utils.GetListOfSubDirectories [scheduling-1] Scanning C:\Users\ronend\Desktop\BKKE_BASE_FOLDER\M-bus\ for existing sub-directories.
2023-03-23 16:46:18,062 INFO com.cts.controller.Controller [scheduling-1] Found 5 sub-folders for mBusFormat - one for each meter data collection system .
2023-03-23 16:46:18,062 INFO com.cts.controller.Controller [scheduling-1] Scanning for new input file/s for mBusFormat in C:\Users\ronend\Desktop\BKKE_BASE_FOLDER\M-bus\Borettslag_1.
2023-03-23 16:46:18,073 INFO com.cts.controller.Controller [scheduling-1] Found 1 new input file/s.
2023-03-23 16:46:18,073 INFO com.cts.controller.Controller [scheduling-1] Will merge all 1 input files into one file
2023-03-23 16:46:18,076 INFO com.cts.utils.MergerFiles [scheduling-1] merging: C:\Users\ronend\Desktop\BKKE_BASE_FOLDER\M-bus\Borettslag_1\mergedFile_TimestampRead_1679586378064.txt into C:\Users\ronend\Desktop\BKKE_BASE_FOLDER\M-bus\Borettslag_1\Merged_Temp\mergedFile.txt.
2023-03-23 16:46:18,079 INFO com.cts.controller.Controller [scheduling-1] Moving used file C:\Users\ronend\Desktop\BKKE_BASE_FOLDER\M-bus\Borettslag_1\mergedFile_TimestampRead_1679586378064.txt to Used folder at C:\Users\ronend\Desktop\BKKE_BASE_FOLDER\M-bus\Borettslag_1\Used\.
2023-03-23 16:46:18,079 INFO com.cts.controller.Controller [scheduling-1] Starting to move used input files to C:\Users\ronend\Desktop\BKKE_BASE_FOLDER\M-bus\Borettslag_1\Used\.
2023-03-23 16:46:18,086 INFO com.cts.utils.MoveUsedInputFilesToUsedFolder [scheduling-1] mergedFile_TimestampRead_1679586378064.txt moved to C:\Users\ronend\Desktop\BKKE_BASE_FOLDER\M-bus\Borettslag_1\Used\ .
2023-03-23 16:46:18,087 INFO com.cts.controller.Controller [scheduling-1] Completed moving used file in 5 seconds.
2023-03-23 16:46:18,093 INFO com.cts.controller.Controller [scheduling-1] Found input file: mergedFile_TimestampRead_1679586378087.txt.
2023-03-23 16:46:18,093 INFO com.cts.generator.ProcessInput [scheduling-1] Start processing input file mergedFile_TimestampRead_1679586378087.txt.
2023-03-23 16:46:18,093 INFO com.cts.ioutils.InputFileReader [scheduling-1] Starting to read mergedFile_TimestampRead_1679586378087.txt.
2023-03-23 16:46:18,098 INFO com.cts.ioutils.InputFileReader [scheduling-1] Completed reading. Total rows read = 75.
2023-03-23 16:46:18,098 INFO com.cts.generator.ProcessInput [scheduling-1] Collected 75 input rows.
2023-03-23 16:46:18,099 INFO com.cts.generator.ProcessInput [scheduling-1] Checking correct date format.
2023-03-23 16:46:18,102 INFO com.cts.utils.VerifyDateFormat [scheduling-1] Completed checking 75 rows, out of which 75 have correct date format.
2023-03-23 16:46:18,102 INFO com.cts.utils.VerifyDateFormat [scheduling-1] Checked date for 75 rows in less than a second.
2023-03-23 16:46:18,102 INFO com.cts.generator.ProcessInput [scheduling-1] Checking correct number format.
2023-03-23 16:46:18,103 INFO com.cts.utils.VerifyNumberFormat [scheduling-1] Completed checking 75 rows, out of which 75 have correct number format.
2023-03-23 16:46:18,103 INFO com.cts.utils.VerifyNumberFormat [scheduling-1] Checked number for 75 rows in less than a second.
2023-03-23 16:46:18,103 INFO com.cts.generator.ProcessInput [scheduling-1] Received 75 input rows, will check for an entry in customer for distinct meters in the input.
2023-03-23 16:46:18,103 INFO com.cts.nanoMeteringGateway.CheckUnitInNanoMetering [scheduling-1] Starting to check for Customer record.
2023-03-23 16:46:18,110 INFO com.cts.nanoMeteringGateway.CheckUnitInNanoMetering [scheduling-1] Found 3 distinct meters. Will check for a Customer registry for each.
2023-03-23 16:46:18,112 INFO com.cts.nanoMeteringGateway.CheckUnitInNanoMetering [scheduling-1] So far checked 3 meters. Out of which 3 has Customer entry.
2023-03-23 16:46:18,112 INFO com.cts.nanoMeteringGateway.CheckUnitInNanoMetering [scheduling-1] Time to check 3 meters =  0 seconds.
2023-03-23 16:46:18,112 INFO com.cts.nanoMeteringGateway.CheckUnitInNanoMetering [scheduling-1] Completed check for entry in Customer, found 3 meters which have a Customer record.
2023-03-23 16:46:18,112 INFO com.cts.generator.ProcessInput [scheduling-1] proceeding to process 75 input rows.
2023-03-23 16:46:18,113 INFO com.cts.generator.ProcessInput [scheduling-1] Will process 75 records for json file - mBusFormat.
2023-03-23 16:46:18,118 INFO com.cts.generator.CreateJSONForProfileIndexD0 [scheduling-1] There are 6 readings for timestamp = 00:00:00. Only readings @00:00:00 are relevant for creating dayStand payload.
2023-03-23 16:46:18,118 INFO com.cts.generator.CreateJSONForProfileIndexD0 [scheduling-1] Creating jsonPayload for daily stand M-Bus format
2023-03-23 16:46:18,144 INFO com.cts.generator.CreateJSONForProfileIndexD0 [scheduling-1] Creating jsonPayload for hourly stand 'M-Bus' format
2023-03-23 16:46:18,144 INFO com.cts.generator.CreateJSONForProfileIndexD0 [scheduling-1] Found 3 meters with hourly stands. Will create payload for hourly stand for those.
2023-03-23 16:46:18,149 INFO com.cts.generator.ProcessInput [scheduling-1] Created json file/s from input.
2023-03-23 16:46:18,159 INFO com.cts.ioutils.OutputFileWriter [scheduling-1] Starting writeOutput.
2023-03-23 16:46:18,174 INFO com.cts.ioutils.OutputFileWriter [scheduling-1] Completed writeOutput.
2023-03-23 16:46:18,174 INFO com.cts.controller.Controller [scheduling-1] Json file for input file mergedFile_TimestampRead_1679586378087.txt written to C:\Users\ronend\Desktop\BKKE_BASE_FOLDER\M-bus\Borettslag_1\Processed\.
2023-03-23 16:46:18,174 INFO com.cts.ioutils.DeviationReportWriter [scheduling-1] Publish Deviation Report = TRUE
2023-03-23 16:46:18,181 INFO com.cts.ioutils.DeviationReportWriter [scheduling-1] AvviksRapport skrevet til: C:\Users\ronend\Desktop\BKKE_BASE_FOLDER\M-bus\Borettslag_1\Failed\mergedFile_Failed_1679586378087.txt
2023-03-23 16:46:18,182 INFO com.cts.controller.Controller [scheduling-1] Starting to move used merged input file to C:\Users\ronend\Desktop\BKKE_BASE_FOLDER\M-bus\Borettslag_1\Merged_Temp\mergedFile_TimestampRead_1679586378087.txt.
2023-03-23 16:46:18,189 INFO com.cts.utils.MoveUsedInputFilesToUsedFolder [scheduling-1] mergedFile_TimestampRead_1679586378087.txt moved to C:\Users\ronend\Desktop\BKKE_BASE_FOLDER\M-bus\Borettslag_1\Used\ .
2023-03-23 16:46:18,189 INFO com.cts.controller.Controller [scheduling-1] Completed processing in 5 seconds.
2023-03-23 16:46:18,189 INFO com.cts.controller.Controller [scheduling-1] Scan for new input files will be performed in 10 minutes according to scheduling plan.
2023-03-23 16:46:18,189 INFO com.cts.controller.Controller [scheduling-1] Scanning for new input file/s for mBusFormat in C:\Users\ronend\Desktop\BKKE_BASE_FOLDER\M-bus\Borettslag_2.
2023-03-23 16:46:18,194 INFO com.cts.controller.Controller [scheduling-1] Found 0 new input file/s.
2023-03-23 16:46:18,194 INFO com.cts.controller.Controller [scheduling-1] Will merge all 0 input files into one file
2023-03-23 16:46:18,195 INFO com.cts.controller.Controller [scheduling-1] Scanning for new input file/s for mBusFormat in C:\Users\ronend\Desktop\BKKE_BASE_FOLDER\M-bus\Borettslag_3.
2023-03-23 16:46:18,198 INFO com.cts.controller.Controller [scheduling-1] Found 0 new input file/s.
2023-03-23 16:46:18,198 INFO com.cts.controller.Controller [scheduling-1] Will merge all 0 input files into one file
2023-03-23 16:46:18,198 INFO com.cts.controller.Controller [scheduling-1] Scanning for new input file/s for mBusFormat in C:\Users\ronend\Desktop\BKKE_BASE_FOLDER\M-bus\Paradishagen.
2023-03-23 16:46:18,200 INFO com.cts.controller.Controller [scheduling-1] Found 0 new input file/s.
2023-03-23 16:46:18,200 INFO com.cts.controller.Controller [scheduling-1] Will merge all 0 input files into one file
2023-03-23 16:46:18,200 INFO com.cts.controller.Controller [scheduling-1] Scanning for new input file/s for mBusFormat in C:\Users\ronend\Desktop\BKKE_BASE_FOLDER\M-bus\Test.
2023-03-23 16:46:18,203 INFO com.cts.controller.Controller [scheduling-1] Found 0 new input file/s.
2023-03-23 16:46:18,203 INFO com.cts.controller.Controller [scheduling-1] Will merge all 0 input files into one file
2023-03-23 16:46:18,203 INFO com.cts.controller.Controller [scheduling-1] Completed processing C:\Users\ronend\Desktop\BKKE_BASE_FOLDER\M-bus in 5 seconds.
2023-03-23 16:46:18,203 INFO com.cts.controller.Controller [scheduling-1] Completed processing C:\Users\ronend\Desktop\BKKE_BASE_FOLDER\QKunde in 5 seconds.
2023-03-23 16:46:18,203 INFO com.cts.controller.Controller [scheduling-1] Completed processing in 5 seconds.
2023-03-23 16:46:18,204 INFO com.cts.controller.Controller [scheduling-1] Scan for new input files will be performed in 10 minutes according to scheduling plan.
2023-03-23 16:46:25,645 INFO org.springframework.scheduling.concurrent.ExecutorConfigurationSupport [SpringContextShutdownHook] Shutting down ExecutorService 'taskScheduler'
2023-03-23 16:46:25,648 INFO com.zaxxer.hikari.HikariDataSource [SpringContextShutdownHook] HikariPool-1 - Shutdown initiated...
2023-03-23 16:46:25,658 INFO com.zaxxer.hikari.HikariDataSource [SpringContextShutdownHook] HikariPool-1 - Shutdown completed.
