2023-09-28 09:10:11,339 INFO org.springframework.boot.StartupInfoLogger [main] Starting StartPoint on NOLI125045 with PID 21940 (C:\sandbox\evinyFordelingstjenesterOnSmart24\target\classes started by ronend in C:\sandbox\evinyFordelingstjenesterOnSmart24)
2023-09-28 09:10:11,350 INFO org.springframework.boot.SpringApplication [main] No active profile set, falling back to default profiles: default
2023-09-28 09:10:12,743 INFO org.springframework.scheduling.concurrent.ExecutorConfigurationSupport [main] Initializing ExecutorService 'taskScheduler'
2023-09-28 09:10:12,827 INFO org.springframework.boot.StartupInfoLogger [main] Started StartPoint in 2.263 seconds (JVM running for 3.084)
2023-09-28 09:10:12,840 INFO com.zaxxer.hikari.HikariDataSource [main] HikariPool-1 - Starting...
2023-09-28 09:10:13,173 INFO com.zaxxer.hikari.HikariDataSource [main] HikariPool-1 - Start completed.
2023-09-28 09:10:13,336 INFO com.cts.utils.GetListOfSubDirectories [scheduling-1] Scanning C:\Users\ronend\Desktop\BKKE_BASE_FOLDER for existing sub-directories.
2023-09-28 09:10:13,347 INFO com.cts.controller.Controller [scheduling-1] Found 2 sub-directories - one directory per file format.
2023-09-28 09:10:13,348 INFO com.cts.controller.Controller [scheduling-1] Scanning for sub directories for mBusFormat in C:\Users\ronend\Desktop\BKKE_BASE_FOLDER\MVV.
2023-09-28 09:10:13,373 INFO com.cts.controller.Controller [scheduling-1] Found 1 new input file/s.
2023-09-28 09:10:13,373 INFO com.cts.controller.Controller [scheduling-1] Will merge all 1 input files into one file
2023-09-28 09:10:13,378 INFO com.cts.utils.MergerFiles [scheduling-1] merging: C:\Users\ronend\Desktop\BKKE_BASE_FOLDER\MVV\j10_4MPs_Stipulation_TimestampRead_1695885013356.txt into C:\Users\ronend\Desktop\BKKE_BASE_FOLDER\MVV\Merged_Temp\mergedFile.txt.
2023-09-28 09:10:13,382 INFO com.cts.controller.Controller [scheduling-1] Moving used file C:\Users\ronend\Desktop\BKKE_BASE_FOLDER\MVV\j10_4MPs_Stipulation_TimestampRead_1695885013356.txt to Used folder at C:\Users\ronend\Desktop\BKKE_BASE_FOLDER\MVV\Used\.
2023-09-28 09:10:13,383 INFO com.cts.controller.Controller [scheduling-1] Starting to move used input files to C:\Users\ronend\Desktop\BKKE_BASE_FOLDER\MVV\Used\.
2023-09-28 09:10:13,392 INFO com.cts.utils.MoveUsedInputFilesToUsedFolder [scheduling-1] j10_4MPs_Stipulation_TimestampRead_1695885013356.txt moved to C:\Users\ronend\Desktop\BKKE_BASE_FOLDER\MVV\Used\ .
2023-09-28 09:10:13,393 INFO com.cts.controller.Controller [scheduling-1] Completed moving used file in 0 seconds.
2023-09-28 09:10:13,398 INFO com.cts.controller.Controller [scheduling-1] Found input file: mergedFile_TimestampRead_1695885013393.txt.
2023-09-28 09:10:13,400 INFO com.cts.generator.ProcessInput [scheduling-1] Start processing input file mergedFile_TimestampRead_1695885013393.txt.
2023-09-28 09:10:13,402 INFO com.cts.ioutils.InputFileReader [scheduling-1] Starting to read mergedFile_TimestampRead_1695885013393.txt.
2023-09-28 09:10:13,407 INFO com.cts.ioutils.InputFileReader [scheduling-1] So far read 100 rows.
2023-09-28 09:10:13,408 INFO com.cts.ioutils.InputFileReader [scheduling-1] Completed reading. Total rows read = 104.
2023-09-28 09:10:13,408 INFO com.cts.generator.ProcessInput [scheduling-1] Collected 104 input rows.
2023-09-28 09:10:13,408 INFO com.cts.generator.ProcessInput [scheduling-1] Checking correct date format.
2023-09-28 09:10:13,484 INFO com.cts.utils.VerifyDateFormat [scheduling-1] So far checked 100 rows, out of which 100 have correct date format.
2023-09-28 09:10:13,485 INFO com.cts.utils.VerifyDateFormat [scheduling-1] Completed checking 104 rows, out of which 104 have correct date format.
2023-09-28 09:10:13,485 INFO com.cts.utils.VerifyDateFormat [scheduling-1] Checked date for 104 rows in less than a second.
2023-09-28 09:10:13,486 INFO com.cts.generator.ProcessInput [scheduling-1] Checking correct number format.
2023-09-28 09:10:13,489 INFO com.cts.utils.VerifyNumberFormat [scheduling-1] So far checked 100 rows, out of which 100 have correct number format.
2023-09-28 09:10:13,489 INFO com.cts.utils.VerifyNumberFormat [scheduling-1] Completed checking 104 rows, out of which 104 have correct number format.
2023-09-28 09:10:13,489 INFO com.cts.utils.VerifyNumberFormat [scheduling-1] Checked number for 104 rows in less than a second.
2023-09-28 09:10:13,490 INFO com.cts.generator.ProcessInput [scheduling-1] Received 104 input rows, will check for an entry in customer for distinct meters in the input.
2023-09-28 09:10:13,492 INFO com.cts.customerGateway.CheckMeterInCustomer [scheduling-1] Starting to check for Customer record.
2023-09-28 09:10:13,521 WARN com.infosynergi.framework.yafr.restful.YafrRestTemplate [scheduling-1] Failed to reset the logger, framework log events may be logged as part of application logs, error: In java 12+ final cannot be removed.
2023-09-28 09:10:14,032 INFO com.cts.customerGateway.CheckMeterInCustomer [scheduling-1] Found 4 distinct meters. Will check for a Customer registry for each.
2023-09-28 09:10:14,086 INFO com.cts.customerGateway.CheckMeterInCustomer [scheduling-1] So far checked 4 meters. Out of which 4 has Customer entry.
2023-09-28 09:10:14,087 INFO com.cts.customerGateway.CheckMeterInCustomer [scheduling-1] Time to check 4 meters =  0 seconds.
2023-09-28 09:10:14,087 INFO com.cts.customerGateway.CheckMeterInCustomer [scheduling-1] Completed check for entry in Customer, found 4 meters which have a Customer record.
2023-09-28 09:10:14,087 INFO com.cts.generator.ProcessInput [scheduling-1] proceeding to process 104 input rows.
2023-09-28 09:10:14,096 INFO com.cts.generator.ProcessInput [scheduling-1] Will process 104 records for json file - mBusFormat.
2023-09-28 09:10:14,143 INFO com.cts.generator.CreateJSONForProfileIndexD0 [scheduling-1] There are 12 readings for timestamp = 00:00:00. Only readings @00:00:00 are relevant for creating dayStand payload.
2023-09-28 09:10:14,143 INFO com.cts.generator.CreateJSONForProfileIndexD0 [scheduling-1] Creating jsonPayload for daily stand M-Bus format
2023-09-28 09:10:14,217 INFO com.cts.generator.CreateJSONForProfileIndexD0 [scheduling-1] Creating jsonPayload for hourly stand 'M-Bus' format
2023-09-28 09:10:14,217 INFO com.cts.generator.CreateJSONForProfileIndexD0 [scheduling-1] Found 4 meters with hourly stands. Will create payload for hourly stand for those.
2023-09-28 09:10:14,228 INFO com.cts.generator.ProcessInput [scheduling-1] Created json file/s from input.
2023-09-28 09:10:14,234 INFO com.cts.ioutils.OutputFileWriter [scheduling-1] Starting writeOutput.
2023-09-28 09:10:14,247 INFO com.cts.ioutils.OutputFileWriter [scheduling-1] Completed writeOutput.
2023-09-28 09:10:14,248 INFO com.cts.controller.Controller [scheduling-1] Json file for input file mergedFile_TimestampRead_1695885013393.txt written to C:\Users\ronend\Desktop\techyon_In\measurements\.
2023-09-28 09:10:14,248 INFO com.cts.controller.Controller [scheduling-1] Starting to move used merged input file to C:\Users\ronend\Desktop\BKKE_BASE_FOLDER\MVV\Merged_Temp\mergedFile_TimestampRead_1695885013393.txt.
2023-09-28 09:10:14,252 INFO com.cts.utils.MoveUsedInputFilesToUsedFolder [scheduling-1] mergedFile_TimestampRead_1695885013393.txt moved to C:\Users\ronend\Desktop\BKKE_BASE_FOLDER\MVV\Used\ .
2023-09-28 09:10:14,253 INFO com.cts.controller.Controller [scheduling-1] Completed processing in 0 seconds.
2023-09-28 09:10:14,253 INFO com.cts.controller.Controller [scheduling-1] Scan for new input files will be performed in 10 minutes according to scheduling plan.
2023-09-28 09:10:14,254 INFO com.cts.controller.Controller [scheduling-1] Completed processing C:\Users\ronend\Desktop\BKKE_BASE_FOLDER\MVV in 0 seconds.
2023-09-28 09:10:14,254 INFO com.cts.controller.Controller [scheduling-1] Scanning for sub directories for forbruksImportFormat in C:\Users\ronend\Desktop\BKKE_BASE_FOLDER\Zaptec.
2023-09-28 09:10:14,258 INFO com.cts.controller.Controller [scheduling-1] Found 0 new input file/s.
2023-09-28 09:10:14,259 INFO com.cts.controller.Controller [scheduling-1] Will merge all 0 input files into one file
2023-09-28 09:10:14,259 INFO com.cts.controller.Controller [scheduling-1] Completed processing C:\Users\ronend\Desktop\BKKE_BASE_FOLDER\Zaptec in 0 seconds.
2023-09-28 09:10:14,260 INFO com.cts.controller.Controller [scheduling-1] Completed processing in 0 seconds.
2023-09-28 09:10:14,260 INFO com.cts.controller.Controller [scheduling-1] Scan for new input files will be performed in 10 minutes according to scheduling plan.
2023-09-28 09:20:13,352 INFO com.cts.utils.GetListOfSubDirectories [scheduling-1] Scanning C:\Users\ronend\Desktop\BKKE_BASE_FOLDER for existing sub-directories.
2023-09-28 09:20:13,370 INFO com.cts.controller.Controller [scheduling-1] Found 2 sub-directories - one directory per file format.
2023-09-28 09:20:13,371 INFO com.cts.controller.Controller [scheduling-1] Scanning for sub directories for mBusFormat in C:\Users\ronend\Desktop\BKKE_BASE_FOLDER\MVV.
2023-09-28 09:20:13,378 INFO com.cts.controller.Controller [scheduling-1] Found 0 new input file/s.
2023-09-28 09:20:13,379 INFO com.cts.controller.Controller [scheduling-1] Will merge all 0 input files into one file
2023-09-28 09:20:13,380 INFO com.cts.controller.Controller [scheduling-1] Completed processing C:\Users\ronend\Desktop\BKKE_BASE_FOLDER\MVV in 0 seconds.
2023-09-28 09:20:13,380 INFO com.cts.controller.Controller [scheduling-1] Scanning for sub directories for forbruksImportFormat in C:\Users\ronend\Desktop\BKKE_BASE_FOLDER\Zaptec.
2023-09-28 09:20:13,385 INFO com.cts.controller.Controller [scheduling-1] Found 0 new input file/s.
2023-09-28 09:20:13,386 INFO com.cts.controller.Controller [scheduling-1] Will merge all 0 input files into one file
2023-09-28 09:20:13,386 INFO com.cts.controller.Controller [scheduling-1] Completed processing C:\Users\ronend\Desktop\BKKE_BASE_FOLDER\Zaptec in 0 seconds.
2023-09-28 09:20:13,386 INFO com.cts.controller.Controller [scheduling-1] Completed processing in 0 seconds.
2023-09-28 09:20:13,386 INFO com.cts.controller.Controller [scheduling-1] Scan for new input files will be performed in 10 minutes according to scheduling plan.
2023-09-28 09:30:13,333 INFO com.cts.utils.GetListOfSubDirectories [scheduling-1] Scanning C:\Users\ronend\Desktop\BKKE_BASE_FOLDER for existing sub-directories.
2023-09-28 09:30:13,340 INFO com.cts.controller.Controller [scheduling-1] Found 2 sub-directories - one directory per file format.
2023-09-28 09:30:13,340 INFO com.cts.controller.Controller [scheduling-1] Scanning for sub directories for mBusFormat in C:\Users\ronend\Desktop\BKKE_BASE_FOLDER\MVV.
2023-09-28 09:30:13,342 INFO com.cts.controller.Controller [scheduling-1] Found 0 new input file/s.
2023-09-28 09:30:13,343 INFO com.cts.controller.Controller [scheduling-1] Will merge all 0 input files into one file
2023-09-28 09:30:13,343 INFO com.cts.controller.Controller [scheduling-1] Completed processing C:\Users\ronend\Desktop\BKKE_BASE_FOLDER\MVV in 0 seconds.
2023-09-28 09:30:13,343 INFO com.cts.controller.Controller [scheduling-1] Scanning for sub directories for forbruksImportFormat in C:\Users\ronend\Desktop\BKKE_BASE_FOLDER\Zaptec.
2023-09-28 09:30:13,346 INFO com.cts.controller.Controller [scheduling-1] Found 0 new input file/s.
2023-09-28 09:30:13,346 INFO com.cts.controller.Controller [scheduling-1] Will merge all 0 input files into one file
2023-09-28 09:30:13,347 INFO com.cts.controller.Controller [scheduling-1] Completed processing C:\Users\ronend\Desktop\BKKE_BASE_FOLDER\Zaptec in 0 seconds.
2023-09-28 09:30:13,347 INFO com.cts.controller.Controller [scheduling-1] Completed processing in 0 seconds.
2023-09-28 09:30:13,347 INFO com.cts.controller.Controller [scheduling-1] Scan for new input files will be performed in 10 minutes according to scheduling plan.
2023-09-28 09:38:29,374 INFO org.springframework.scheduling.concurrent.ExecutorConfigurationSupport [SpringContextShutdownHook] Shutting down ExecutorService 'taskScheduler'
2023-09-28 09:38:29,376 INFO com.zaxxer.hikari.HikariDataSource [SpringContextShutdownHook] HikariPool-1 - Shutdown initiated...
2023-09-28 09:38:29,380 INFO com.zaxxer.hikari.HikariDataSource [SpringContextShutdownHook] HikariPool-1 - Shutdown completed.
