2023-09-27 15:18:00,625 INFO org.springframework.boot.StartupInfoLogger [main] Starting StartPoint on NOLI125045 with PID 15420 (C:\sandbox\evinyFordelingstjenesterOnSmart24\target\classes started by ronend in C:\sandbox\evinyFordelingstjenesterOnSmart24)
2023-09-27 15:18:00,636 INFO org.springframework.boot.SpringApplication [main] No active profile set, falling back to default profiles: default
2023-09-27 15:18:02,136 INFO org.springframework.scheduling.concurrent.ExecutorConfigurationSupport [main] Initializing ExecutorService 'taskScheduler'
2023-09-27 15:18:02,203 INFO org.springframework.boot.StartupInfoLogger [main] Started StartPoint in 2.363 seconds (JVM running for 2.971)
2023-09-27 15:18:02,211 INFO com.zaxxer.hikari.HikariDataSource [main] HikariPool-1 - Starting...
2023-09-27 15:18:02,503 INFO com.zaxxer.hikari.HikariDataSource [main] HikariPool-1 - Start completed.
2023-09-27 15:18:02,700 INFO com.cts.utils.GetListOfSubDirectories [scheduling-1] Scanning C:\Users\ronend\Desktop\BKKE_BASE_FOLDER for existing sub-directories.
2023-09-27 15:18:02,712 INFO com.cts.controller.Controller [scheduling-1] Found 2 sub-directories - one directory per file format.
2023-09-27 15:18:02,713 INFO com.cts.controller.Controller [scheduling-1] Scanning for sub directories for mBusFormat in C:\Users\ronend\Desktop\BKKE_BASE_FOLDER\MVV.
2023-09-27 15:18:02,748 INFO com.cts.controller.Controller [scheduling-1] Found 2 new input file/s.
2023-09-27 15:18:02,748 INFO com.cts.controller.Controller [scheduling-1] Will merge all 2 input files into one file
2023-09-27 15:18:02,753 INFO com.cts.utils.MergerFiles [scheduling-1] merging: C:\Users\ronend\Desktop\BKKE_BASE_FOLDER\MVV\j10_4MPs_TimestampRead_1695820682723.txt into C:\Users\ronend\Desktop\BKKE_BASE_FOLDER\MVV\Merged_Temp\mergedFile.txt.
2023-09-27 15:18:02,755 INFO com.cts.utils.MergerFiles [scheduling-1] merging: C:\Users\ronend\Desktop\BKKE_BASE_FOLDER\MVV\j10_4MPsNoQuality_TimestampRead_1695820682742.txt into C:\Users\ronend\Desktop\BKKE_BASE_FOLDER\MVV\Merged_Temp\mergedFile.txt.
2023-09-27 15:18:02,759 INFO com.cts.controller.Controller [scheduling-1] Moving used file C:\Users\ronend\Desktop\BKKE_BASE_FOLDER\MVV\j10_4MPs_TimestampRead_1695820682723.txt to Used folder at C:\Users\ronend\Desktop\BKKE_BASE_FOLDER\MVV\Used\.
2023-09-27 15:18:02,760 INFO com.cts.controller.Controller [scheduling-1] Starting to move used input files to C:\Users\ronend\Desktop\BKKE_BASE_FOLDER\MVV\Used\.
2023-09-27 15:18:02,768 INFO com.cts.utils.MoveUsedInputFilesToUsedFolder [scheduling-1] j10_4MPs_TimestampRead_1695820682723.txt moved to C:\Users\ronend\Desktop\BKKE_BASE_FOLDER\MVV\Used\ .
2023-09-27 15:18:02,769 INFO com.cts.controller.Controller [scheduling-1] Completed moving used file in 0 seconds.
2023-09-27 15:18:02,769 INFO com.cts.controller.Controller [scheduling-1] Moving used file C:\Users\ronend\Desktop\BKKE_BASE_FOLDER\MVV\j10_4MPsNoQuality_TimestampRead_1695820682742.txt to Used folder at C:\Users\ronend\Desktop\BKKE_BASE_FOLDER\MVV\Used\.
2023-09-27 15:18:02,770 INFO com.cts.controller.Controller [scheduling-1] Starting to move used input files to C:\Users\ronend\Desktop\BKKE_BASE_FOLDER\MVV\Used\.
2023-09-27 15:18:02,775 INFO com.cts.utils.MoveUsedInputFilesToUsedFolder [scheduling-1] j10_4MPsNoQuality_TimestampRead_1695820682742.txt moved to C:\Users\ronend\Desktop\BKKE_BASE_FOLDER\MVV\Used\ .
2023-09-27 15:18:02,776 INFO com.cts.controller.Controller [scheduling-1] Completed moving used file in 0 seconds.
2023-09-27 15:18:02,782 INFO com.cts.controller.Controller [scheduling-1] Found input file: mergedFile_TimestampRead_1695820682776.txt.
2023-09-27 15:18:02,784 INFO com.cts.generator.ProcessInput [scheduling-1] Start processing input file mergedFile_TimestampRead_1695820682776.txt.
2023-09-27 15:18:02,786 INFO com.cts.ioutils.InputFileReader [scheduling-1] Starting to read mergedFile_TimestampRead_1695820682776.txt.
2023-09-27 15:18:02,790 INFO com.cts.ioutils.InputFileReader [scheduling-1] So far read 100 rows.
2023-09-27 15:18:02,793 INFO com.cts.ioutils.InputFileReader [scheduling-1] So far read 200 rows.
2023-09-27 15:18:02,794 INFO com.cts.ioutils.InputFileReader [scheduling-1] Completed reading. Total rows read = 208.
2023-09-27 15:18:02,795 INFO com.cts.generator.ProcessInput [scheduling-1] Collected 208 input rows.
2023-09-27 15:18:02,795 INFO com.cts.generator.ProcessInput [scheduling-1] Checking correct date format.
2023-09-27 15:18:02,876 INFO com.cts.utils.VerifyDateFormat [scheduling-1] So far checked 100 rows, out of which 100 have correct date format.
2023-09-27 15:18:02,885 INFO com.cts.utils.VerifyDateFormat [scheduling-1] So far checked 200 rows, out of which 200 have correct date format.
2023-09-27 15:18:02,886 INFO com.cts.utils.VerifyDateFormat [scheduling-1] Completed checking 208 rows, out of which 208 have correct date format.
2023-09-27 15:18:02,886 INFO com.cts.utils.VerifyDateFormat [scheduling-1] Checked date for 208 rows in less than a second.
2023-09-27 15:18:02,887 INFO com.cts.generator.ProcessInput [scheduling-1] Checking correct number format.
2023-09-27 15:18:02,890 INFO com.cts.utils.VerifyNumberFormat [scheduling-1] So far checked 100 rows, out of which 100 have correct number format.
2023-09-27 15:18:02,891 INFO com.cts.utils.VerifyNumberFormat [scheduling-1] So far checked 200 rows, out of which 200 have correct number format.
2023-09-27 15:18:02,891 INFO com.cts.utils.VerifyNumberFormat [scheduling-1] Completed checking 208 rows, out of which 208 have correct number format.
2023-09-27 15:18:02,891 INFO com.cts.utils.VerifyNumberFormat [scheduling-1] Checked number for 208 rows in less than a second.
2023-09-27 15:18:02,892 INFO com.cts.generator.ProcessInput [scheduling-1] Received 208 input rows, will check for an entry in customer for distinct meters in the input.
2023-09-27 15:18:02,894 INFO com.cts.customerGateway.CheckMeterInCustomer [scheduling-1] Starting to check for Customer record.
2023-09-27 15:18:02,928 WARN com.infosynergi.framework.yafr.restful.YafrRestTemplate [scheduling-1] Failed to reset the logger, framework log events may be logged as part of application logs, error: In java 12+ final cannot be removed.
2023-09-27 15:18:03,359 INFO com.cts.customerGateway.CheckMeterInCustomer [scheduling-1] Found 4 distinct meters. Will check for a Customer registry for each.
2023-09-27 15:18:03,425 INFO com.cts.customerGateway.CheckMeterInCustomer [scheduling-1] So far checked 4 meters. Out of which 4 has Customer entry.
2023-09-27 15:18:03,427 INFO com.cts.customerGateway.CheckMeterInCustomer [scheduling-1] Time to check 4 meters =  0 seconds.
2023-09-27 15:18:03,427 INFO com.cts.customerGateway.CheckMeterInCustomer [scheduling-1] Completed check for entry in Customer, found 4 meters which have a Customer record.
2023-09-27 15:18:03,428 INFO com.cts.generator.ProcessInput [scheduling-1] proceeding to process 208 input rows.
2023-09-27 15:18:03,448 INFO com.cts.generator.ProcessInput [scheduling-1] Will process 208 records for json file - mBusFormat.
2023-09-27 15:18:03,518 INFO com.cts.generator.CreateJSONForProfileIndexD0 [scheduling-1] There are 24 readings for timestamp = 00:00:00. Only readings @00:00:00 are relevant for creating dayStand payload.
2023-09-27 15:18:03,519 INFO com.cts.generator.CreateJSONForProfileIndexD0 [scheduling-1] Creating jsonPayload for daily stand M-Bus format
2023-09-27 15:18:03,600 INFO com.cts.generator.CreateJSONForProfileIndexD0 [scheduling-1] Creating jsonPayload for hourly stand 'M-Bus' format
2023-09-27 15:18:03,600 INFO com.cts.generator.CreateJSONForProfileIndexD0 [scheduling-1] Found 4 meters with hourly stands. Will create payload for hourly stand for those.
2023-09-27 15:18:03,617 INFO com.cts.generator.ProcessInput [scheduling-1] Created json file/s from input.
2023-09-27 15:18:03,628 INFO com.cts.ioutils.OutputFileWriter [scheduling-1] Starting writeOutput.
2023-09-27 15:18:03,644 INFO com.cts.ioutils.OutputFileWriter [scheduling-1] Completed writeOutput.
2023-09-27 15:18:03,644 INFO com.cts.controller.Controller [scheduling-1] Json file for input file mergedFile_TimestampRead_1695820682776.txt written to C:\Users\ronend\Desktop\techyon_In\measurements\.
2023-09-27 15:18:03,645 INFO com.cts.controller.Controller [scheduling-1] Starting to move used merged input file to C:\Users\ronend\Desktop\BKKE_BASE_FOLDER\MVV\Merged_Temp\mergedFile_TimestampRead_1695820682776.txt.
2023-09-27 15:18:03,649 INFO com.cts.utils.MoveUsedInputFilesToUsedFolder [scheduling-1] mergedFile_TimestampRead_1695820682776.txt moved to C:\Users\ronend\Desktop\BKKE_BASE_FOLDER\MVV\Used\ .
2023-09-27 15:18:03,649 INFO com.cts.controller.Controller [scheduling-1] Completed processing in 0 seconds.
2023-09-27 15:18:03,650 INFO com.cts.controller.Controller [scheduling-1] Scan for new input files will be performed in 10 minutes according to scheduling plan.
2023-09-27 15:18:03,650 INFO com.cts.controller.Controller [scheduling-1] Completed processing C:\Users\ronend\Desktop\BKKE_BASE_FOLDER\MVV in 0 seconds.
2023-09-27 15:18:03,650 INFO com.cts.controller.Controller [scheduling-1] Scanning for sub directories for forbruksImportFormat in C:\Users\ronend\Desktop\BKKE_BASE_FOLDER\Zaptec.
2023-09-27 15:18:03,656 INFO com.cts.controller.Controller [scheduling-1] Found 0 new input file/s.
2023-09-27 15:18:03,657 INFO com.cts.controller.Controller [scheduling-1] Will merge all 0 input files into one file
2023-09-27 15:18:03,657 INFO com.cts.controller.Controller [scheduling-1] Completed processing C:\Users\ronend\Desktop\BKKE_BASE_FOLDER\Zaptec in 0 seconds.
2023-09-27 15:18:03,658 INFO com.cts.controller.Controller [scheduling-1] Completed processing in 0 seconds.
2023-09-27 15:18:03,659 INFO com.cts.controller.Controller [scheduling-1] Scan for new input files will be performed in 10 minutes according to scheduling plan.
2023-09-27 15:18:26,855 INFO org.springframework.scheduling.concurrent.ExecutorConfigurationSupport [SpringContextShutdownHook] Shutting down ExecutorService 'taskScheduler'
2023-09-27 15:18:26,856 INFO com.zaxxer.hikari.HikariDataSource [SpringContextShutdownHook] HikariPool-1 - Shutdown initiated...
2023-09-27 15:18:26,860 INFO com.zaxxer.hikari.HikariDataSource [SpringContextShutdownHook] HikariPool-1 - Shutdown completed.
