2023-11-15 11:53:23,410 INFO org.springframework.boot.StartupInfoLogger [main] Starting StartPoint on NOLI125045 with PID 15364 (C:\sandbox\evinyFordelingstjenesterOnSmart24\target\classes started by ronend in C:\sandbox\evinyFordelingstjenesterOnSmart24)
2023-11-15 11:53:23,418 INFO org.springframework.boot.SpringApplication [main] No active profile set, falling back to default profiles: default
2023-11-15 11:53:24,769 INFO org.springframework.scheduling.concurrent.ExecutorConfigurationSupport [main] Initializing ExecutorService 'taskScheduler'
2023-11-15 11:53:24,837 INFO org.springframework.boot.StartupInfoLogger [main] Started StartPoint in 2.228 seconds (JVM running for 2.963)
2023-11-15 11:53:24,846 INFO com.zaxxer.hikari.HikariDataSource [main] HikariPool-1 - Starting...
2023-11-15 11:53:25,202 INFO com.zaxxer.hikari.HikariDataSource [main] HikariPool-1 - Start completed.
2023-11-15 11:53:25,344 INFO com.cts.utils.GetListOfSubDirectories [scheduling-1] Scanning C:\Users\ronend\Desktop\BKKE_BASE_FOLDER for existing sub-directories.
2023-11-15 11:53:25,355 INFO com.cts.controller.Controller [scheduling-1] Found 2 sub-directories - one directory per file format.
2023-11-15 11:53:25,355 INFO com.cts.controller.Controller [scheduling-1] Scanning for sub directories for mBusFormat in C:\Users\ronend\Desktop\BKKE_BASE_FOLDER\MVV.
2023-11-15 11:53:25,379 INFO com.cts.controller.Controller [scheduling-1] Found 1 new input file/s.
2023-11-15 11:53:25,379 INFO com.cts.controller.Controller [scheduling-1] Will merge all 1 input files into one file
2023-11-15 11:53:25,383 INFO com.cts.utils.MergerFiles [scheduling-1] merging: C:\Users\ronend\Desktop\BKKE_BASE_FOLDER\MVV\mergedFile_TimestampRead_1700045605363.txt into C:\Users\ronend\Desktop\BKKE_BASE_FOLDER\MVV\Merged_Temp\mergedFile.txt.
2023-11-15 11:53:25,385 INFO com.cts.controller.Controller [scheduling-1] Moving used file C:\Users\ronend\Desktop\BKKE_BASE_FOLDER\MVV\mergedFile_TimestampRead_1700045605363.txt to Used folder at C:\Users\ronend\Desktop\BKKE_BASE_FOLDER\MVV\Used\.
2023-11-15 11:53:25,385 INFO com.cts.controller.Controller [scheduling-1] Starting to move used input files to C:\Users\ronend\Desktop\BKKE_BASE_FOLDER\MVV\Used\.
2023-11-15 11:53:25,392 INFO com.cts.utils.MoveUsedInputFilesToUsedFolder [scheduling-1] mergedFile_TimestampRead_1700045605363.txt moved to C:\Users\ronend\Desktop\BKKE_BASE_FOLDER\MVV\Used\ .
2023-11-15 11:53:25,392 INFO com.cts.controller.Controller [scheduling-1] Completed moving used file in 0 seconds.
2023-11-15 11:53:25,397 INFO com.cts.controller.Controller [scheduling-1] Found input file: mergedFile_TimestampRead_1700045605392.txt.
2023-11-15 11:53:25,399 INFO com.cts.generator.ProcessInput [scheduling-1] Start processing input file mergedFile_TimestampRead_1700045605392.txt.
2023-11-15 11:53:25,400 INFO com.cts.ioutils.InputFileReader [scheduling-1] Starting to read mergedFile_TimestampRead_1700045605392.txt.
2023-11-15 11:53:25,401 INFO com.cts.ioutils.InputFileReader [scheduling-1] Completed reading. Total rows read = 1.
2023-11-15 11:53:25,401 INFO com.cts.generator.ProcessInput [scheduling-1] Collected 1 input rows.
2023-11-15 11:53:25,401 INFO com.cts.generator.ProcessInput [scheduling-1] Checking correct date format.
2023-11-15 11:53:25,492 INFO com.cts.utils.VerifyDateFormat [scheduling-1] Completed checking 1 rows, out of which 1 have correct date format.
2023-11-15 11:53:25,492 INFO com.cts.utils.VerifyDateFormat [scheduling-1] Checked date for 1 rows in less than a second.
2023-11-15 11:53:25,492 INFO com.cts.generator.ProcessInput [scheduling-1] Checking correct number format.
2023-11-15 11:53:25,494 INFO com.cts.utils.VerifyNumberFormat [scheduling-1] Completed checking 1 rows, out of which 1 have correct number format.
2023-11-15 11:53:25,495 INFO com.cts.utils.VerifyNumberFormat [scheduling-1] Checked number for 1 rows in less than a second.
2023-11-15 11:53:25,495 INFO com.cts.generator.ProcessInput [scheduling-1] Received 1 input rows, will check for an entry in customer for distinct meters in the input.
2023-11-15 11:53:25,498 INFO com.cts.nanoMeteringGateway.CheckUnitInNanoMetering [scheduling-1] Starting to check for Customer record.
2023-11-15 11:53:25,540 WARN com.infosynergi.framework.yafr.restful.YafrRestTemplate [scheduling-1] Failed to reset the logger, framework log events may be logged as part of application logs, error: In java 12+ final cannot be removed.
2023-11-15 11:53:26,068 INFO com.cts.nanoMeteringGateway.CheckUnitInNanoMetering [scheduling-1] Found 1 distinct meters. Will check for a Customer registry for each.
2023-11-15 11:53:26,128 INFO com.cts.nanoMeteringGateway.CheckUnitInNanoMetering [scheduling-1] So far checked 1 meters. Out of which 1 has Customer entry.
2023-11-15 11:53:26,129 INFO com.cts.nanoMeteringGateway.CheckUnitInNanoMetering [scheduling-1] Time to check 1 meters =  0 seconds.
2023-11-15 11:53:26,130 INFO com.cts.nanoMeteringGateway.CheckUnitInNanoMetering [scheduling-1] Completed check for entry in Customer, found 1 meters which have a Customer record.
2023-11-15 11:53:26,130 INFO com.cts.generator.ProcessInput [scheduling-1] proceeding to process 1 input rows.
2023-11-15 11:53:26,134 INFO com.cts.generator.ProcessInput [scheduling-1] Will process 1 records for json file - mBusFormat.
2023-11-15 11:53:26,138 INFO com.cts.generator.CreateJSONForProfileIndexD0 [scheduling-1] There are 0 readings for timestamp = 00:00:00. Only readings @00:00:00 are relevant for creating dayStand payload.
2023-11-15 11:53:26,139 INFO com.cts.generator.CreateJSONForProfileIndexD0 [scheduling-1] Creating jsonPayload for hourly stand 'M-Bus' format
2023-11-15 11:53:26,139 INFO com.cts.generator.CreateJSONForProfileIndexD0 [scheduling-1] Found 1 meters with hourly stands. Will create payload for hourly stand for those.
2023-11-15 11:53:26,212 ERROR org.springframework.scheduling.support.TaskUtils$LoggingErrorHandler [scheduling-1] Unexpected error occurred in scheduled task
java.lang.NullPointerException: Cannot invoke "java.util.List.addAll(java.util.Collection)" because "this.listOfJSONFiles" is null
	at com.cts.generator.CreateJSONForProfileIndexD0.<init>(CreateJSONForProfileIndexD0.java:38)
	at com.cts.generator.ProcessInput.createLastStandFile(ProcessInput.java:102)
	at com.cts.generator.ProcessInput.<init>(ProcessInput.java:64)
	at com.cts.controller.Controller.printOutput(Controller.java:160)
	at com.cts.controller.Controller.startProgram(Controller.java:129)
	at com.cts.controller.Controller.execute(Controller.java:92)
	at java.base/jdk.internal.reflect.NativeMethodAccessorImpl.invoke0(Native Method)
	at java.base/jdk.internal.reflect.NativeMethodAccessorImpl.invoke(NativeMethodAccessorImpl.java:77)
	at java.base/jdk.internal.reflect.DelegatingMethodAccessorImpl.invoke(DelegatingMethodAccessorImpl.java:43)
	at java.base/java.lang.reflect.Method.invoke(Method.java:568)
	at org.springframework.scheduling.support.ScheduledMethodRunnable.run(ScheduledMethodRunnable.java:84)
	at org.springframework.scheduling.support.DelegatingErrorHandlingRunnable.run(DelegatingErrorHandlingRunnable.java:54)
	at java.base/java.util.concurrent.Executors$RunnableAdapter.call(Executors.java:539)
	at java.base/java.util.concurrent.FutureTask.runAndReset(FutureTask.java:305)
	at java.base/java.util.concurrent.ScheduledThreadPoolExecutor$ScheduledFutureTask.run(ScheduledThreadPoolExecutor.java:305)
	at java.base/java.util.concurrent.ThreadPoolExecutor.runWorker(ThreadPoolExecutor.java:1136)
	at java.base/java.util.concurrent.ThreadPoolExecutor$Worker.run(ThreadPoolExecutor.java:635)
	at java.base/java.lang.Thread.run(Thread.java:833)
2023-11-15 11:53:32,911 INFO org.springframework.scheduling.concurrent.ExecutorConfigurationSupport [SpringContextShutdownHook] Shutting down ExecutorService 'taskScheduler'
2023-11-15 11:53:32,913 INFO com.zaxxer.hikari.HikariDataSource [SpringContextShutdownHook] HikariPool-1 - Shutdown initiated...
2023-11-15 11:53:32,917 INFO com.zaxxer.hikari.HikariDataSource [SpringContextShutdownHook] HikariPool-1 - Shutdown completed.
