2023-11-02 08:08:08,517 INFO org.springframework.boot.StartupInfoLogger [main] Starting StartPoint on NOLI125045 with PID 22136 (C:\sandbox\evinyFordelingstjenesterOnSmart24\target\classes started by ronend in C:\sandbox\evinyFordelingstjenesterOnSmart24)
2023-11-02 08:08:08,530 INFO org.springframework.boot.SpringApplication [main] No active profile set, falling back to default profiles: default
2023-11-02 08:08:09,996 INFO org.springframework.scheduling.concurrent.ExecutorConfigurationSupport [main] Initializing ExecutorService 'taskScheduler'
2023-11-02 08:08:10,073 INFO org.springframework.boot.StartupInfoLogger [main] Started StartPoint in 2.324 seconds (JVM running for 3.101)
2023-11-02 08:08:10,082 INFO com.zaxxer.hikari.HikariDataSource [main] HikariPool-1 - Starting...
2023-11-02 08:08:10,450 INFO com.zaxxer.hikari.HikariDataSource [main] HikariPool-1 - Start completed.
2023-11-02 08:08:10,580 INFO com.cts.utils.GetListOfSubDirectories [scheduling-1] Scanning C:\Users\ronend\Desktop\BKKE_BASE_FOLDER for existing sub-directories.
2023-11-02 08:08:10,598 INFO com.cts.controller.Controller [scheduling-1] Found 2 sub-directories - one directory per file format.
2023-11-02 08:08:10,598 INFO com.cts.controller.Controller [scheduling-1] Scanning for sub directories for mBusFormat in C:\Users\ronend\Desktop\BKKE_BASE_FOLDER\MVV.
2023-11-02 08:08:10,609 INFO com.cts.controller.Controller [scheduling-1] Found 0 new input file/s.
2023-11-02 08:08:10,609 INFO com.cts.controller.Controller [scheduling-1] Will merge all 0 input files into one file
2023-11-02 08:08:10,610 INFO com.cts.controller.Controller [scheduling-1] Completed processing C:\Users\ronend\Desktop\BKKE_BASE_FOLDER\MVV in 0 seconds.
2023-11-02 08:08:10,610 INFO com.cts.controller.Controller [scheduling-1] Scanning for sub directories for forbruksImportFormat in C:\Users\ronend\Desktop\BKKE_BASE_FOLDER\Zaptec.
2023-11-02 08:08:10,636 INFO com.cts.controller.Controller [scheduling-1] Found 1 new input file/s.
2023-11-02 08:08:10,637 INFO com.cts.controller.Controller [scheduling-1] Will merge all 1 input files into one file
2023-11-02 08:08:10,642 INFO com.cts.utils.MergerFiles [scheduling-1] merging: C:\Users\ronend\Desktop\BKKE_BASE_FOLDER\Zaptec\transitionwinterSummerWinter_TimestampRead_1698908890615.txt into C:\Users\ronend\Desktop\BKKE_BASE_FOLDER\Zaptec\Merged_Temp\mergedFile.txt.
2023-11-02 08:08:10,644 INFO com.cts.controller.Controller [scheduling-1] Moving used file C:\Users\ronend\Desktop\BKKE_BASE_FOLDER\Zaptec\transitionwinterSummerWinter_TimestampRead_1698908890615.txt to Used folder at C:\Users\ronend\Desktop\BKKE_BASE_FOLDER\Zaptec\Used\.
2023-11-02 08:08:10,645 INFO com.cts.controller.Controller [scheduling-1] Starting to move used input files to C:\Users\ronend\Desktop\BKKE_BASE_FOLDER\Zaptec\Used\.
2023-11-02 08:08:10,651 INFO com.cts.utils.MoveUsedInputFilesToUsedFolder [scheduling-1] transitionwinterSummerWinter_TimestampRead_1698908890615.txt moved to C:\Users\ronend\Desktop\BKKE_BASE_FOLDER\Zaptec\Used\ .
2023-11-02 08:08:10,651 INFO com.cts.controller.Controller [scheduling-1] Completed moving used file in 0 seconds.
2023-11-02 08:08:10,656 INFO com.cts.controller.Controller [scheduling-1] Found input file: mergedFile_TimestampRead_1698908890651.txt.
2023-11-02 08:08:10,657 INFO com.cts.generator.ProcessInput [scheduling-1] Start processing input file mergedFile_TimestampRead_1698908890651.txt.
2023-11-02 08:08:10,659 INFO com.cts.ioutils.InputFileReader [scheduling-1] Starting to read mergedFile_TimestampRead_1698908890651.txt.
2023-11-02 08:08:10,661 INFO com.cts.ioutils.InputFileReader [scheduling-1] Completed reading. Total rows read = 6.
2023-11-02 08:08:10,661 INFO com.cts.generator.ProcessInput [scheduling-1] Collected 6 input rows.
2023-11-02 08:08:10,661 INFO com.cts.generator.ProcessInput [scheduling-1] Checking correct date format.
2023-11-02 08:08:10,727 INFO com.cts.utils.VerifyDateFormat [scheduling-1] Completed checking 6 rows, out of which 6 have correct date format.
2023-11-02 08:08:10,728 INFO com.cts.utils.VerifyDateFormat [scheduling-1] Checked date for 6 rows in less than a second.
2023-11-02 08:08:10,728 INFO com.cts.generator.ProcessInput [scheduling-1] Checking correct number format.
2023-11-02 08:08:10,730 INFO com.cts.utils.VerifyNumberFormat [scheduling-1] Completed checking 6 rows, out of which 6 have correct number format.
2023-11-02 08:08:10,730 INFO com.cts.utils.VerifyNumberFormat [scheduling-1] Checked number for 6 rows in less than a second.
2023-11-02 08:08:10,731 INFO com.cts.generator.ProcessInput [scheduling-1] Received 6 input rows, will check for an entry in customer for distinct meters in the input.
2023-11-02 08:08:10,734 INFO com.cts.customerGateway.CheckMeterInCustomer [scheduling-1] Starting to check for Customer record.
2023-11-02 08:08:10,770 WARN com.infosynergi.framework.yafr.restful.YafrRestTemplate [scheduling-1] Failed to reset the logger, framework log events may be logged as part of application logs, error: In java 12+ final cannot be removed.
2023-11-02 08:08:11,411 INFO com.cts.customerGateway.CheckMeterInCustomer [scheduling-1] Found 1 distinct meters. Will check for a Customer registry for each.
2023-11-02 08:08:11,479 INFO com.cts.customerGateway.CheckMeterInCustomer [scheduling-1] So far checked 1 meters. Out of which 1 has Customer entry.
2023-11-02 08:08:11,480 INFO com.cts.customerGateway.CheckMeterInCustomer [scheduling-1] Time to check 1 meters =  0 seconds.
2023-11-02 08:08:11,480 INFO com.cts.customerGateway.CheckMeterInCustomer [scheduling-1] Completed check for entry in Customer, found 1 meters which have a Customer record.
2023-11-02 08:08:11,480 INFO com.cts.generator.ProcessInput [scheduling-1] proceeding to process 6 input rows.
2023-11-02 08:08:11,486 INFO com.cts.generator.ProcessInput [scheduling-1] Will process 6 records for json file - forbruksImportFormat.
2023-11-02 08:08:11,498 INFO com.cts.generator.CreateJSONForProfileIndexD0 [scheduling-1] Creating jsonPayload for periodic consumption 'Forbruk' format
2023-11-02 08:08:11,588 INFO com.cts.generator.ProcessInput [scheduling-1] Created json file/s from input.
2023-11-02 08:08:11,590 INFO com.cts.ioutils.OutputFileWriter [scheduling-1] Starting writeOutput.
2023-11-02 08:08:11,605 INFO com.cts.ioutils.OutputFileWriter [scheduling-1] Completed writeOutput.
2023-11-02 08:08:11,605 INFO com.cts.controller.Controller [scheduling-1] Json file for input file mergedFile_TimestampRead_1698908890651.txt written to C:\Users\ronend\Desktop\techyon_In\measurements\.
2023-11-02 08:08:11,605 INFO com.cts.controller.Controller [scheduling-1] Starting to move used merged input file to C:\Users\ronend\Desktop\BKKE_BASE_FOLDER\Zaptec\Merged_Temp\mergedFile_TimestampRead_1698908890651.txt.
2023-11-02 08:08:11,613 INFO com.cts.utils.MoveUsedInputFilesToUsedFolder [scheduling-1] mergedFile_TimestampRead_1698908890651.txt moved to C:\Users\ronend\Desktop\BKKE_BASE_FOLDER\Zaptec\Used\ .
2023-11-02 08:08:11,613 INFO com.cts.controller.Controller [scheduling-1] Completed processing in 1 seconds.
2023-11-02 08:08:11,614 INFO com.cts.controller.Controller [scheduling-1] Scan for new input files will be performed in 10 minutes according to scheduling plan.
2023-11-02 08:08:11,618 INFO com.cts.controller.Controller [scheduling-1] Completed processing C:\Users\ronend\Desktop\BKKE_BASE_FOLDER\Zaptec in 1 seconds.
2023-11-02 08:08:11,619 INFO com.cts.controller.Controller [scheduling-1] Completed processing in 1 seconds.
2023-11-02 08:08:11,619 INFO com.cts.controller.Controller [scheduling-1] Scan for new input files will be performed in 10 minutes according to scheduling plan.
2023-11-02 08:08:34,619 INFO org.springframework.scheduling.concurrent.ExecutorConfigurationSupport [SpringContextShutdownHook] Shutting down ExecutorService 'taskScheduler'
2023-11-02 08:08:34,621 INFO com.zaxxer.hikari.HikariDataSource [SpringContextShutdownHook] HikariPool-1 - Shutdown initiated...
2023-11-02 08:08:34,625 INFO com.zaxxer.hikari.HikariDataSource [SpringContextShutdownHook] HikariPool-1 - Shutdown completed.
