2020-11-10 09:49:24,760 INFO org.springframework.boot.StartupInfoLogger [main] Starting StartPoint on NOLI125045 with PID 19152 (C:\sandbox\bkk_energitjenester_in_progress\target\classes started by ronend in C:\sandbox\bkk_energitjenester_in_progress)
2020-11-10 09:49:24,772 INFO org.springframework.boot.SpringApplication [main] No active profile set, falling back to default profiles: default
2020-11-10 09:49:26,084 INFO org.springframework.scheduling.concurrent.ExecutorConfigurationSupport [main] Initializing ExecutorService 'taskScheduler'
2020-11-10 09:49:26,147 INFO com.cts.utils.GetListOfSubDirectories [scheduling-1] Scanning C:\Users\ronend\Desktop\BKKE_BASE_FOLDER for existing sub-directories.
2020-11-10 09:49:26,152 INFO org.springframework.boot.StartupInfoLogger [main] Started StartPoint in 2.187 seconds (JVM running for 2.996)
2020-11-10 09:49:26,161 INFO com.zaxxer.hikari.HikariDataSource [main] HikariPool-1 - Starting...
2020-11-10 09:49:26,207 INFO com.cts.controller.Controller [scheduling-1] Found 6 sub-directories - one directory per file format.
2020-11-10 09:49:26,207 INFO com.cts.controller.Controller [scheduling-1] Scanning for sub directories for circutorPLCFormat in C:\Users\ronend\Desktop\BKKE_BASE_FOLDER\CircutorPLC.
2020-11-10 09:49:26,208 INFO com.cts.utils.GetListOfSubDirectories [scheduling-1] Scanning C:\Users\ronend\Desktop\BKKE_BASE_FOLDER\CircutorPLC\ for existing sub-directories.
2020-11-10 09:49:26,219 INFO com.cts.controller.Controller [scheduling-1] Found 3 sub-folders for circutorPLCFormat - one for each meter data collection system .
2020-11-10 09:49:26,219 INFO com.cts.controller.Controller [scheduling-1] Scanning for new input file/s for circutorPLCFormat in C:\Users\ronend\Desktop\BKKE_BASE_FOLDER\CircutorPLC\Borettslag_1.
2020-11-10 09:49:26,243 INFO com.cts.controller.Controller [scheduling-1] Found 1 new input file/s.
2020-11-10 09:49:26,243 INFO com.cts.controller.Controller [scheduling-1] Will merge all 1 input files into one file
2020-11-10 09:49:26,248 INFO com.cts.utils.MergerFiles [scheduling-1] merging: C:\Users\ronend\Desktop\BKKE_BASE_FOLDER\CircutorPLC\Borettslag_1\test_Merge_Part1_TimestampRead_1604998166230.txt into C:\Users\ronend\Desktop\BKKE_BASE_FOLDER\CircutorPLC\Borettslag_1\Merged_Temp\mergedFile.txt.
2020-11-10 09:49:26,251 INFO com.cts.controller.Controller [scheduling-1] Moving used file C:\Users\ronend\Desktop\BKKE_BASE_FOLDER\CircutorPLC\Borettslag_1\test_Merge_Part1_TimestampRead_1604998166230.txt to Used folder at C:\Users\ronend\Desktop\BKKE_BASE_FOLDER\CircutorPLC\Borettslag_1\Used\.
2020-11-10 09:49:26,252 INFO com.cts.controller.Controller [scheduling-1] Starting to move used input files to C:\Users\ronend\Desktop\BKKE_BASE_FOLDER\CircutorPLC\Borettslag_1\Used\.
2020-11-10 09:49:26,260 INFO com.cts.utils.MoveUsedInputFilesToUsedFolder [scheduling-1] test_Merge_Part1_TimestampRead_1604998166230.txt moved to C:\Users\ronend\Desktop\BKKE_BASE_FOLDER\CircutorPLC\Borettslag_1\Used\ .
2020-11-10 09:49:26,260 INFO com.cts.controller.Controller [scheduling-1] Completed moving used file in 0 seconds.
2020-11-10 09:49:26,265 INFO com.cts.controller.Controller [scheduling-1] Found input file: mergedFile_TimestampRead_1604998166260.txt.
2020-11-10 09:49:26,268 INFO com.cts.generator.ProcessInput [scheduling-1] Start processing input file mergedFile_TimestampRead_1604998166260.txt.
2020-11-10 09:49:26,270 INFO com.cts.ioutils.InputFileReader [scheduling-1] Starting to read mergedFile_TimestampRead_1604998166260.txt.
2020-11-10 09:49:26,272 INFO com.cts.ioutils.InputFileReader [scheduling-1] Completed reading. Total rows read = 1.
2020-11-10 09:49:26,273 INFO com.cts.generator.ProcessInput [scheduling-1] Collected 1 input rows.
2020-11-10 09:49:26,273 INFO com.cts.generator.ProcessInput [scheduling-1] Checking correct date format.
2020-11-10 09:49:26,362 INFO com.cts.utils.VerifyDateFormat [scheduling-1] Completed checking 1 rows, out of which 1 have correct date format.
2020-11-10 09:49:26,362 INFO com.cts.utils.VerifyDateFormat [scheduling-1] Checked date for 1 rows in less than a second.
2020-11-10 09:49:26,362 INFO com.cts.generator.ProcessInput [scheduling-1] Checking correct number format.
2020-11-10 09:49:26,365 INFO com.cts.utils.VerifyNumberFormat [scheduling-1] Completed checking 1 rows, out of which 1 have correct number format.
2020-11-10 09:49:26,365 INFO com.cts.utils.VerifyNumberFormat [scheduling-1] Checked number for 1 rows in less than a second.
2020-11-10 09:49:26,366 INFO com.cts.generator.ProcessInput [scheduling-1] Received 1 input rows, will check for an entry in customer for distinct meters in the input.
2020-11-10 09:49:26,369 INFO com.cts.customerGateway.CheckMeterInCustomer [scheduling-1] Starting to check for Customer record.
2020-11-10 09:49:26,588 INFO com.zaxxer.hikari.HikariDataSource [main] HikariPool-1 - Start completed.
2020-11-10 09:49:33,835 INFO com.cts.customerGateway.CheckMeterInCustomer [scheduling-1] Found 1 distinct meters. Will check for a Customer registry for each.
2020-11-10 09:49:33,871 INFO com.cts.customerGateway.CheckMeterInCustomer [scheduling-1] Got meter details for meter 12163501, UNIT kWh, from internal local H2 DB.
2020-11-10 09:49:33,872 INFO com.cts.customerGateway.CheckMeterInCustomer [scheduling-1] So far checked 1 meters. Out of which 1 has Customer entry.
2020-11-10 09:49:33,872 INFO com.cts.customerGateway.CheckMeterInCustomer [scheduling-1] Time to check 1 meters =  0 seconds.
2020-11-10 09:49:33,872 INFO com.cts.customerGateway.CheckMeterInCustomer [scheduling-1] Completed check for entry in Customer, found 1 meters which have a Customer record.
2020-11-10 09:49:33,872 INFO com.cts.generator.ProcessInput [scheduling-1] proceeding to process 1 input rows.
2020-11-10 09:49:33,872 INFO com.cts.generator.ProcessInput [scheduling-1] Getting necessary details for circutorPLCFormat.
2020-11-10 09:49:33,875 INFO com.cts.generator.ProcessInput [scheduling-1] Necessary details collected for 1 meters out of 1 meters received.
2020-11-10 09:49:33,878 INFO com.cts.utils.ExcludePulseCounters [scheduling-1] Getting list of pulse counters to be excluded.
2020-11-10 09:49:33,878 INFO com.cts.generator.ProcessInput [scheduling-1] Will process 1 records for gs2 file - circutorPLCFormat.
2020-11-10 09:49:33,886 INFO com.cts.utils.GetListOfInputDataForDailyStands [scheduling-1] Getting valid input for daily stands for CircutorPLC - only stand for 00:00 hour, if not exists then 23:00 hour, if not exists then 01:00 hour.
2020-11-10 09:49:33,886 INFO com.cts.utils.GetListOfInputDataForDailyStands [scheduling-1] Adding stand for 00:00 hour for meter 12163501 and for date 01/05/2007 00:00:00.
2020-11-10 09:49:33,887 INFO com.cts.generator.GeneratorForLastHourlyStand [scheduling-1] Getting last meter stand for meter 12163501 from the db.
2020-11-10 09:49:33,893 INFO com.cts.meteringGateWay.MeterReadingsClient [scheduling-1] Getting last reading details For meter_id 12163501.
2020-11-10 09:49:34,881 INFO com.cts.generator.GeneratorForLastHourlyStand [scheduling-1] Last meter stand for meter 12163501 = 409.58.
2020-11-10 09:49:34,881 INFO com.cts.generator.GeneratorForLastHourlyStand [scheduling-1] getting last reading date for meter 12163501 from the db.
2020-11-10 09:49:34,890 INFO com.cts.meteringGateWay.MeterReadingsClient [scheduling-1] Getting last reading details For meter_id 12163501.
2020-11-10 09:49:35,054 INFO com.cts.generator.GeneratorForLastHourlyStand [scheduling-1] LastReadingDate for meter 12163501 = 2007-04-01T00:00:00.000+02:00.
2020-11-10 09:49:35,093 INFO com.cts.generator.GeneratorForLastHourlyStand [scheduling-1] There are missing 30 day stands for meter 12163501. Last stand date from DB is 2007-04-01T00:00:00.000+02:00, current stand date is 2007-05-01T00:00:00.000+02:00. Will create day stands for 30 days.
2020-11-10 09:49:35,111 INFO com.cts.generator.GeneratorForStandPerHourForCircutorPLCFormat [scheduling-1] Creating file for stand per hour for circutorPLCFormat.
2020-11-10 09:49:35,113 INFO com.cts.customerGateway.GetDeliveryPoint [scheduling-1] Starting to check for Customer record.
2020-11-10 09:49:35,119 INFO com.cts.customerGateway.GetDeliveryPoint [scheduling-1] Got meter details for meter 12163501, lev_punkt_id 2979, from internal local H2 DB.
2020-11-10 09:49:35,124 INFO com.cts.meteringGateWay.MeterReadingsClient [scheduling-1] Getting last reading details For meter_id 12163501.
2020-11-10 09:49:35,297 INFO com.cts.meteringGateWay.MeterReadingsClient [scheduling-1] Getting last reading details For meter_id 12163501.
2020-11-10 09:49:35,444 INFO com.cts.generator.GeneratorForStandPerHourForCircutorPLCFormat [scheduling-1] Meter = 12163501, Objectid = 2979 - Gap of 720 hours between last available stand_hour 2007-04-01T00:00:00.000+02:00 and current input hour 2007-05-01T00:00:00.000+02:00.
2020-11-10 09:49:35,444 INFO com.cts.generator.GeneratorForStandPerHourForCircutorPLCFormat [scheduling-1] Last stand before the gap = 409.580, current stand after the gap = 409.580.
2020-11-10 09:49:35,444 INFO com.cts.generator.GeneratorForStandPerHourForCircutorPLCFormat [scheduling-1] Will fill the gap by equal distribution of total consumption in the gap divided by number of hours in the gap.
2020-11-10 09:49:35,455 INFO com.cts.generator.ProcessInput [scheduling-1] Created hourlyVolume GS2 file from input.
2020-11-10 09:49:35,458 INFO com.cts.ioutils.OutputFileWriter [scheduling-1] Starting writeOutput to print LastHourlyStand.
2020-11-10 09:49:35,469 INFO com.cts.ioutils.OutputFileWriter [scheduling-1] Completed writeOutput.
2020-11-10 09:49:35,469 INFO com.cts.controller.Controller [scheduling-1] GS2 file for input file mergedFile_TimestampRead_1604998166260.txt written to C:\Users\ronend\Desktop\BKKE_BASE_FOLDER\CircutorPLC\Borettslag_1\Processed\.
2020-11-10 09:49:35,470 INFO com.cts.controller.Controller [scheduling-1] Starting to move used merged input file to C:\Users\ronend\Desktop\BKKE_BASE_FOLDER\CircutorPLC\Borettslag_1\Merged_Temp\mergedFile_TimestampRead_1604998166260.txt.
2020-11-10 09:49:35,475 INFO com.cts.utils.MoveUsedInputFilesToUsedFolder [scheduling-1] mergedFile_TimestampRead_1604998166260.txt moved to C:\Users\ronend\Desktop\BKKE_BASE_FOLDER\CircutorPLC\Borettslag_1\Used\ .
2020-11-10 09:49:35,476 INFO com.cts.controller.Controller [scheduling-1] Completed processing in 9 seconds.
2020-11-10 09:49:35,476 INFO com.cts.controller.Controller [scheduling-1] Scan for new input files will be performed in 10 minutes according to scheduling plan.
2020-11-10 09:49:35,476 INFO com.cts.controller.Controller [scheduling-1] Scanning for new input file/s for circutorPLCFormat in C:\Users\ronend\Desktop\BKKE_BASE_FOLDER\CircutorPLC\Borettslag_2.
2020-11-10 09:49:35,478 INFO com.cts.controller.Controller [scheduling-1] Found 0 new input file/s.
2020-11-10 09:49:35,478 INFO com.cts.controller.Controller [scheduling-1] Will merge all 0 input files into one file
2020-11-10 09:49:35,478 INFO com.cts.controller.Controller [scheduling-1] Scanning for new input file/s for circutorPLCFormat in C:\Users\ronend\Desktop\BKKE_BASE_FOLDER\CircutorPLC\Borettslag_3.
2020-11-10 09:49:35,480 INFO com.cts.controller.Controller [scheduling-1] Found 0 new input file/s.
2020-11-10 09:49:35,480 INFO com.cts.controller.Controller [scheduling-1] Will merge all 0 input files into one file
2020-11-10 09:49:35,480 INFO com.cts.controller.Controller [scheduling-1] Completed processing C:\Users\ronend\Desktop\BKKE_BASE_FOLDER\CircutorPLC in 9 seconds.
2020-11-10 09:49:35,480 INFO com.cts.controller.Controller [scheduling-1] Scanning for sub directories for forbruksImportFormat in C:\Users\ronend\Desktop\BKKE_BASE_FOLDER\Forbruk.
2020-11-10 09:49:35,480 INFO com.cts.utils.GetListOfSubDirectories [scheduling-1] Scanning C:\Users\ronend\Desktop\BKKE_BASE_FOLDER\Forbruk\ for existing sub-directories.
2020-11-10 09:49:35,484 INFO com.cts.controller.Controller [scheduling-1] Found 3 sub-folders for forbruksImportFormat - one for each meter data collection system .
2020-11-10 09:49:35,484 INFO com.cts.controller.Controller [scheduling-1] Scanning for new input file/s for forbruksImportFormat in C:\Users\ronend\Desktop\BKKE_BASE_FOLDER\Forbruk\Borettslag_1.
2020-11-10 09:49:35,485 INFO com.cts.controller.Controller [scheduling-1] Found 0 new input file/s.
2020-11-10 09:49:35,485 INFO com.cts.controller.Controller [scheduling-1] Will merge all 0 input files into one file
2020-11-10 09:49:35,486 INFO com.cts.controller.Controller [scheduling-1] Scanning for new input file/s for forbruksImportFormat in C:\Users\ronend\Desktop\BKKE_BASE_FOLDER\Forbruk\Borettslag_2.
2020-11-10 09:49:35,487 INFO com.cts.controller.Controller [scheduling-1] Found 0 new input file/s.
2020-11-10 09:49:35,487 INFO com.cts.controller.Controller [scheduling-1] Will merge all 0 input files into one file
2020-11-10 09:49:35,488 INFO com.cts.controller.Controller [scheduling-1] Scanning for new input file/s for forbruksImportFormat in C:\Users\ronend\Desktop\BKKE_BASE_FOLDER\Forbruk\Borettslag_3.
2020-11-10 09:49:35,489 INFO com.cts.controller.Controller [scheduling-1] Found 0 new input file/s.
2020-11-10 09:49:35,489 INFO com.cts.controller.Controller [scheduling-1] Will merge all 0 input files into one file
2020-11-10 09:49:35,489 INFO com.cts.controller.Controller [scheduling-1] Completed processing C:\Users\ronend\Desktop\BKKE_BASE_FOLDER\Forbruk in 9 seconds.
2020-11-10 09:49:35,489 INFO com.cts.controller.Controller [scheduling-1] Scanning for sub directories for VBVFormat in C:\Users\ronend\Desktop\BKKE_BASE_FOLDER\KamstrupVBV.
2020-11-10 09:49:35,490 INFO com.cts.utils.GetListOfSubDirectories [scheduling-1] Scanning C:\Users\ronend\Desktop\BKKE_BASE_FOLDER\KamstrupVBV\ for existing sub-directories.
2020-11-10 09:49:35,492 INFO com.cts.controller.Controller [scheduling-1] Found 3 sub-folders for VBVFormat - one for each meter data collection system .
2020-11-10 09:49:35,492 INFO com.cts.controller.Controller [scheduling-1] Scanning for new input file/s for VBVFormat in C:\Users\ronend\Desktop\BKKE_BASE_FOLDER\KamstrupVBV\Borettslag_1.
2020-11-10 09:49:35,493 INFO com.cts.controller.Controller [scheduling-1] Found 0 new input file/s.
2020-11-10 09:49:35,493 INFO com.cts.controller.Controller [scheduling-1] Will merge all 0 input files into one file
2020-11-10 09:49:35,493 INFO com.cts.controller.Controller [scheduling-1] Scanning for new input file/s for VBVFormat in C:\Users\ronend\Desktop\BKKE_BASE_FOLDER\KamstrupVBV\Borettslag_2.
2020-11-10 09:49:35,495 INFO com.cts.controller.Controller [scheduling-1] Found 0 new input file/s.
2020-11-10 09:49:35,495 INFO com.cts.controller.Controller [scheduling-1] Will merge all 0 input files into one file
2020-11-10 09:49:35,495 INFO com.cts.controller.Controller [scheduling-1] Scanning for new input file/s for VBVFormat in C:\Users\ronend\Desktop\BKKE_BASE_FOLDER\KamstrupVBV\Borettslag_3.
2020-11-10 09:49:35,496 INFO com.cts.controller.Controller [scheduling-1] Found 0 new input file/s.
2020-11-10 09:49:35,497 INFO com.cts.controller.Controller [scheduling-1] Will merge all 0 input files into one file
2020-11-10 09:49:35,497 INFO com.cts.controller.Controller [scheduling-1] Completed processing C:\Users\ronend\Desktop\BKKE_BASE_FOLDER\KamstrupVBV in 9 seconds.
2020-11-10 09:49:35,497 INFO com.cts.controller.Controller [scheduling-1] Scanning for sub directories for VTFormat in C:\Users\ronend\Desktop\BKKE_BASE_FOLDER\KamstrupVT.
2020-11-10 09:49:35,497 INFO com.cts.utils.GetListOfSubDirectories [scheduling-1] Scanning C:\Users\ronend\Desktop\BKKE_BASE_FOLDER\KamstrupVT\ for existing sub-directories.
2020-11-10 09:49:35,499 INFO com.cts.controller.Controller [scheduling-1] Found 3 sub-folders for VTFormat - one for each meter data collection system .
2020-11-10 09:49:35,500 INFO com.cts.controller.Controller [scheduling-1] Scanning for new input file/s for VTFormat in C:\Users\ronend\Desktop\BKKE_BASE_FOLDER\KamstrupVT\Borettslag_1.
2020-11-10 09:49:35,501 INFO com.cts.controller.Controller [scheduling-1] Found 0 new input file/s.
2020-11-10 09:49:35,502 INFO com.cts.controller.Controller [scheduling-1] Will merge all 0 input files into one file
2020-11-10 09:49:35,502 INFO com.cts.controller.Controller [scheduling-1] Scanning for new input file/s for VTFormat in C:\Users\ronend\Desktop\BKKE_BASE_FOLDER\KamstrupVT\Borettslag_2.
2020-11-10 09:49:35,504 INFO com.cts.controller.Controller [scheduling-1] Found 0 new input file/s.
2020-11-10 09:49:35,504 INFO com.cts.controller.Controller [scheduling-1] Will merge all 0 input files into one file
2020-11-10 09:49:35,504 INFO com.cts.controller.Controller [scheduling-1] Scanning for new input file/s for VTFormat in C:\Users\ronend\Desktop\BKKE_BASE_FOLDER\KamstrupVT\Borettslag_3.
2020-11-10 09:49:35,506 INFO com.cts.controller.Controller [scheduling-1] Found 0 new input file/s.
2020-11-10 09:49:35,506 INFO com.cts.controller.Controller [scheduling-1] Will merge all 0 input files into one file
2020-11-10 09:49:35,506 INFO com.cts.controller.Controller [scheduling-1] Completed processing C:\Users\ronend\Desktop\BKKE_BASE_FOLDER\KamstrupVT in 9 seconds.
2020-11-10 09:49:35,506 INFO com.cts.controller.Controller [scheduling-1] Scanning for sub directories for mBusFormat in C:\Users\ronend\Desktop\BKKE_BASE_FOLDER\M-bus.
2020-11-10 09:49:35,506 INFO com.cts.utils.GetListOfSubDirectories [scheduling-1] Scanning C:\Users\ronend\Desktop\BKKE_BASE_FOLDER\M-bus\ for existing sub-directories.
2020-11-10 09:49:35,514 INFO com.cts.controller.Controller [scheduling-1] Found 5 sub-folders for mBusFormat - one for each meter data collection system .
2020-11-10 09:49:35,514 INFO com.cts.controller.Controller [scheduling-1] Scanning for new input file/s for mBusFormat in C:\Users\ronend\Desktop\BKKE_BASE_FOLDER\M-bus\Borettslag_1.
2020-11-10 09:49:35,517 INFO com.cts.controller.Controller [scheduling-1] Found 0 new input file/s.
2020-11-10 09:49:35,517 INFO com.cts.controller.Controller [scheduling-1] Will merge all 0 input files into one file
2020-11-10 09:49:35,518 INFO com.cts.controller.Controller [scheduling-1] Scanning for new input file/s for mBusFormat in C:\Users\ronend\Desktop\BKKE_BASE_FOLDER\M-bus\Borettslag_2.
2020-11-10 09:49:35,519 INFO com.cts.controller.Controller [scheduling-1] Found 0 new input file/s.
2020-11-10 09:49:35,519 INFO com.cts.controller.Controller [scheduling-1] Will merge all 0 input files into one file
2020-11-10 09:49:35,519 INFO com.cts.controller.Controller [scheduling-1] Scanning for new input file/s for mBusFormat in C:\Users\ronend\Desktop\BKKE_BASE_FOLDER\M-bus\Borettslag_3.
2020-11-10 09:49:35,521 INFO com.cts.controller.Controller [scheduling-1] Found 0 new input file/s.
2020-11-10 09:49:35,521 INFO com.cts.controller.Controller [scheduling-1] Will merge all 0 input files into one file
2020-11-10 09:49:35,521 INFO com.cts.controller.Controller [scheduling-1] Scanning for new input file/s for mBusFormat in C:\Users\ronend\Desktop\BKKE_BASE_FOLDER\M-bus\Paradishagen.
2020-11-10 09:49:35,522 INFO com.cts.controller.Controller [scheduling-1] Found 0 new input file/s.
2020-11-10 09:49:35,523 INFO com.cts.controller.Controller [scheduling-1] Will merge all 0 input files into one file
2020-11-10 09:49:35,523 INFO com.cts.controller.Controller [scheduling-1] Scanning for new input file/s for mBusFormat in C:\Users\ronend\Desktop\BKKE_BASE_FOLDER\M-bus\Test.
2020-11-10 09:49:35,525 INFO com.cts.controller.Controller [scheduling-1] Found 0 new input file/s.
2020-11-10 09:49:35,525 INFO com.cts.controller.Controller [scheduling-1] Will merge all 0 input files into one file
2020-11-10 09:49:35,525 INFO com.cts.controller.Controller [scheduling-1] Completed processing C:\Users\ronend\Desktop\BKKE_BASE_FOLDER\M-bus in 9 seconds.
2020-11-10 09:49:35,526 INFO com.cts.controller.Controller [scheduling-1] Scanning for sub directories for gamleAnleggFormat in C:\Users\ronend\Desktop\BKKE_BASE_FOLDER\QKunde.
2020-11-10 09:49:35,526 INFO com.cts.utils.GetListOfSubDirectories [scheduling-1] Scanning C:\Users\ronend\Desktop\BKKE_BASE_FOLDER\QKunde\ for existing sub-directories.
2020-11-10 09:49:35,529 INFO com.cts.controller.Controller [scheduling-1] Found 3 sub-folders for gamleAnleggFormat - one for each meter data collection system .
2020-11-10 09:49:35,529 INFO com.cts.controller.Controller [scheduling-1] Scanning for new input file/s for gamleAnleggFormat in C:\Users\ronend\Desktop\BKKE_BASE_FOLDER\QKunde\Borettslag_1.
2020-11-10 09:49:35,530 INFO com.cts.controller.Controller [scheduling-1] Found 0 new input file/s.
2020-11-10 09:49:35,531 INFO com.cts.controller.Controller [scheduling-1] Will merge all 0 input files into one file
2020-11-10 09:49:35,531 INFO com.cts.controller.Controller [scheduling-1] Scanning for new input file/s for gamleAnleggFormat in C:\Users\ronend\Desktop\BKKE_BASE_FOLDER\QKunde\Borettslag_2.
2020-11-10 09:49:35,532 INFO com.cts.controller.Controller [scheduling-1] Found 0 new input file/s.
2020-11-10 09:49:35,532 INFO com.cts.controller.Controller [scheduling-1] Will merge all 0 input files into one file
2020-11-10 09:49:35,533 INFO com.cts.controller.Controller [scheduling-1] Scanning for new input file/s for gamleAnleggFormat in C:\Users\ronend\Desktop\BKKE_BASE_FOLDER\QKunde\Borettslag_3.
2020-11-10 09:49:35,534 INFO com.cts.controller.Controller [scheduling-1] Found 0 new input file/s.
2020-11-10 09:49:35,534 INFO com.cts.controller.Controller [scheduling-1] Will merge all 0 input files into one file
2020-11-10 09:49:35,535 INFO com.cts.controller.Controller [scheduling-1] Completed processing C:\Users\ronend\Desktop\BKKE_BASE_FOLDER\QKunde in 9 seconds.
2020-11-10 09:49:35,535 INFO com.cts.controller.Controller [scheduling-1] Completed processing in 9 seconds.
2020-11-10 09:49:35,535 INFO com.cts.controller.Controller [scheduling-1] Scan for new input files will be performed in 10 minutes according to scheduling plan.
