2020-11-13 09:37:45,148 INFO org.springframework.boot.StartupInfoLogger [main] Starting StartPoint on NOLI125045 with PID 7788 (C:\sandbox\bkk_energitjenester_in_progress\target\classes started by ronend in C:\sandbox\bkk_energitjenester_in_progress)
2020-11-13 09:37:45,158 INFO org.springframework.boot.SpringApplication [main] No active profile set, falling back to default profiles: default
2020-11-13 09:37:46,670 INFO org.springframework.scheduling.concurrent.ExecutorConfigurationSupport [main] Initializing ExecutorService 'taskScheduler'
2020-11-13 09:37:46,744 INFO com.cts.utils.GetListOfSubDirectories [scheduling-1] Scanning C:\Users\ronend\Desktop\BKKE_BASE_FOLDER for existing sub-directories.
2020-11-13 09:37:46,752 INFO org.springframework.boot.StartupInfoLogger [main] Started StartPoint in 2.588 seconds (JVM running for 3.507)
2020-11-13 09:37:46,763 INFO com.zaxxer.hikari.HikariDataSource [main] HikariPool-1 - Starting...
2020-11-13 09:37:46,829 INFO com.cts.controller.Controller [scheduling-1] Found 6 sub-directories - one directory per file format.
2020-11-13 09:37:46,829 INFO com.cts.controller.Controller [scheduling-1] Scanning for sub directories for circutorPLCFormat in C:\Users\ronend\Desktop\BKKE_BASE_FOLDER\CircutorPLC.
2020-11-13 09:37:46,834 INFO com.cts.utils.GetListOfSubDirectories [scheduling-1] Scanning C:\Users\ronend\Desktop\BKKE_BASE_FOLDER\CircutorPLC\ for existing sub-directories.
2020-11-13 09:37:46,838 INFO com.cts.controller.Controller [scheduling-1] Found 3 sub-folders for circutorPLCFormat - one for each meter data collection system .
2020-11-13 09:37:46,838 INFO com.cts.controller.Controller [scheduling-1] Scanning for new input file/s for circutorPLCFormat in C:\Users\ronend\Desktop\BKKE_BASE_FOLDER\CircutorPLC\Borettslag_1.
2020-11-13 09:37:46,846 INFO com.cts.controller.Controller [scheduling-1] Found 0 new input file/s.
2020-11-13 09:37:46,846 INFO com.cts.controller.Controller [scheduling-1] Will merge all 0 input files into one file
2020-11-13 09:37:46,846 INFO com.cts.controller.Controller [scheduling-1] Scanning for new input file/s for circutorPLCFormat in C:\Users\ronend\Desktop\BKKE_BASE_FOLDER\CircutorPLC\Borettslag_2.
2020-11-13 09:37:46,846 INFO com.cts.controller.Controller [scheduling-1] Found 0 new input file/s.
2020-11-13 09:37:46,846 INFO com.cts.controller.Controller [scheduling-1] Will merge all 0 input files into one file
2020-11-13 09:37:46,846 INFO com.cts.controller.Controller [scheduling-1] Scanning for new input file/s for circutorPLCFormat in C:\Users\ronend\Desktop\BKKE_BASE_FOLDER\CircutorPLC\Borettslag_3.
2020-11-13 09:37:46,854 INFO com.cts.controller.Controller [scheduling-1] Found 0 new input file/s.
2020-11-13 09:37:46,854 INFO com.cts.controller.Controller [scheduling-1] Will merge all 0 input files into one file
2020-11-13 09:37:46,854 INFO com.cts.controller.Controller [scheduling-1] Completed processing C:\Users\ronend\Desktop\BKKE_BASE_FOLDER\CircutorPLC in 0 seconds.
2020-11-13 09:37:46,854 INFO com.cts.controller.Controller [scheduling-1] Scanning for sub directories for forbruksImportFormat in C:\Users\ronend\Desktop\BKKE_BASE_FOLDER\Forbruk.
2020-11-13 09:37:46,854 INFO com.cts.utils.GetListOfSubDirectories [scheduling-1] Scanning C:\Users\ronend\Desktop\BKKE_BASE_FOLDER\Forbruk\ for existing sub-directories.
2020-11-13 09:37:46,856 INFO com.cts.controller.Controller [scheduling-1] Found 3 sub-folders for forbruksImportFormat - one for each meter data collection system .
2020-11-13 09:37:46,856 INFO com.cts.controller.Controller [scheduling-1] Scanning for new input file/s for forbruksImportFormat in C:\Users\ronend\Desktop\BKKE_BASE_FOLDER\Forbruk\Borettslag_1.
2020-11-13 09:37:46,863 INFO com.cts.controller.Controller [scheduling-1] Found 0 new input file/s.
2020-11-13 09:37:46,863 INFO com.cts.controller.Controller [scheduling-1] Will merge all 0 input files into one file
2020-11-13 09:37:46,864 INFO com.cts.controller.Controller [scheduling-1] Scanning for new input file/s for forbruksImportFormat in C:\Users\ronend\Desktop\BKKE_BASE_FOLDER\Forbruk\Borettslag_2.
2020-11-13 09:37:46,866 INFO com.cts.controller.Controller [scheduling-1] Found 0 new input file/s.
2020-11-13 09:37:46,866 INFO com.cts.controller.Controller [scheduling-1] Will merge all 0 input files into one file
2020-11-13 09:37:46,866 INFO com.cts.controller.Controller [scheduling-1] Scanning for new input file/s for forbruksImportFormat in C:\Users\ronend\Desktop\BKKE_BASE_FOLDER\Forbruk\Borettslag_3.
2020-11-13 09:37:46,866 INFO com.cts.controller.Controller [scheduling-1] Found 0 new input file/s.
2020-11-13 09:37:46,866 INFO com.cts.controller.Controller [scheduling-1] Will merge all 0 input files into one file
2020-11-13 09:37:46,866 INFO com.cts.controller.Controller [scheduling-1] Completed processing C:\Users\ronend\Desktop\BKKE_BASE_FOLDER\Forbruk in 0 seconds.
2020-11-13 09:37:46,866 INFO com.cts.controller.Controller [scheduling-1] Scanning for sub directories for VBVFormat in C:\Users\ronend\Desktop\BKKE_BASE_FOLDER\KamstrupVBV.
2020-11-13 09:37:46,866 INFO com.cts.utils.GetListOfSubDirectories [scheduling-1] Scanning C:\Users\ronend\Desktop\BKKE_BASE_FOLDER\KamstrupVBV\ for existing sub-directories.
2020-11-13 09:37:46,876 INFO com.cts.controller.Controller [scheduling-1] Found 3 sub-folders for VBVFormat - one for each meter data collection system .
2020-11-13 09:37:46,876 INFO com.cts.controller.Controller [scheduling-1] Scanning for new input file/s for VBVFormat in C:\Users\ronend\Desktop\BKKE_BASE_FOLDER\KamstrupVBV\Borettslag_1.
2020-11-13 09:37:46,876 INFO com.cts.controller.Controller [scheduling-1] Found 0 new input file/s.
2020-11-13 09:37:46,876 INFO com.cts.controller.Controller [scheduling-1] Will merge all 0 input files into one file
2020-11-13 09:37:46,876 INFO com.cts.controller.Controller [scheduling-1] Scanning for new input file/s for VBVFormat in C:\Users\ronend\Desktop\BKKE_BASE_FOLDER\KamstrupVBV\Borettslag_2.
2020-11-13 09:37:46,876 INFO com.cts.controller.Controller [scheduling-1] Found 0 new input file/s.
2020-11-13 09:37:46,876 INFO com.cts.controller.Controller [scheduling-1] Will merge all 0 input files into one file
2020-11-13 09:37:46,876 INFO com.cts.controller.Controller [scheduling-1] Scanning for new input file/s for VBVFormat in C:\Users\ronend\Desktop\BKKE_BASE_FOLDER\KamstrupVBV\Borettslag_3.
2020-11-13 09:37:46,876 INFO com.cts.controller.Controller [scheduling-1] Found 0 new input file/s.
2020-11-13 09:37:46,876 INFO com.cts.controller.Controller [scheduling-1] Will merge all 0 input files into one file
2020-11-13 09:37:46,876 INFO com.cts.controller.Controller [scheduling-1] Completed processing C:\Users\ronend\Desktop\BKKE_BASE_FOLDER\KamstrupVBV in 0 seconds.
2020-11-13 09:37:46,876 INFO com.cts.controller.Controller [scheduling-1] Scanning for sub directories for VTFormat in C:\Users\ronend\Desktop\BKKE_BASE_FOLDER\KamstrupVT.
2020-11-13 09:37:46,876 INFO com.cts.utils.GetListOfSubDirectories [scheduling-1] Scanning C:\Users\ronend\Desktop\BKKE_BASE_FOLDER\KamstrupVT\ for existing sub-directories.
2020-11-13 09:37:46,884 INFO com.cts.controller.Controller [scheduling-1] Found 3 sub-folders for VTFormat - one for each meter data collection system .
2020-11-13 09:37:46,888 INFO com.cts.controller.Controller [scheduling-1] Scanning for new input file/s for VTFormat in C:\Users\ronend\Desktop\BKKE_BASE_FOLDER\KamstrupVT\Borettslag_1.
2020-11-13 09:37:46,888 INFO com.cts.controller.Controller [scheduling-1] Found 0 new input file/s.
2020-11-13 09:37:46,888 INFO com.cts.controller.Controller [scheduling-1] Will merge all 0 input files into one file
2020-11-13 09:37:46,888 INFO com.cts.controller.Controller [scheduling-1] Scanning for new input file/s for VTFormat in C:\Users\ronend\Desktop\BKKE_BASE_FOLDER\KamstrupVT\Borettslag_2.
2020-11-13 09:37:46,893 INFO com.cts.controller.Controller [scheduling-1] Found 0 new input file/s.
2020-11-13 09:37:46,893 INFO com.cts.controller.Controller [scheduling-1] Will merge all 0 input files into one file
2020-11-13 09:37:46,895 INFO com.cts.controller.Controller [scheduling-1] Scanning for new input file/s for VTFormat in C:\Users\ronend\Desktop\BKKE_BASE_FOLDER\KamstrupVT\Borettslag_3.
2020-11-13 09:37:46,897 INFO com.cts.controller.Controller [scheduling-1] Found 0 new input file/s.
2020-11-13 09:37:46,897 INFO com.cts.controller.Controller [scheduling-1] Will merge all 0 input files into one file
2020-11-13 09:37:46,897 INFO com.cts.controller.Controller [scheduling-1] Completed processing C:\Users\ronend\Desktop\BKKE_BASE_FOLDER\KamstrupVT in 0 seconds.
2020-11-13 09:37:46,897 INFO com.cts.controller.Controller [scheduling-1] Scanning for sub directories for mBusFormat in C:\Users\ronend\Desktop\BKKE_BASE_FOLDER\M-bus.
2020-11-13 09:37:46,897 INFO com.cts.utils.GetListOfSubDirectories [scheduling-1] Scanning C:\Users\ronend\Desktop\BKKE_BASE_FOLDER\M-bus\ for existing sub-directories.
2020-11-13 09:37:46,907 INFO com.cts.controller.Controller [scheduling-1] Found 5 sub-folders for mBusFormat - one for each meter data collection system .
2020-11-13 09:37:46,907 INFO com.cts.controller.Controller [scheduling-1] Scanning for new input file/s for mBusFormat in C:\Users\ronend\Desktop\BKKE_BASE_FOLDER\M-bus\Borettslag_1.
2020-11-13 09:37:46,914 INFO com.cts.controller.Controller [scheduling-1] Found 0 new input file/s.
2020-11-13 09:37:46,914 INFO com.cts.controller.Controller [scheduling-1] Will merge all 0 input files into one file
2020-11-13 09:37:46,915 INFO com.cts.controller.Controller [scheduling-1] Scanning for new input file/s for mBusFormat in C:\Users\ronend\Desktop\BKKE_BASE_FOLDER\M-bus\Borettslag_2.
2020-11-13 09:37:46,917 INFO com.cts.controller.Controller [scheduling-1] Found 0 new input file/s.
2020-11-13 09:37:46,917 INFO com.cts.controller.Controller [scheduling-1] Will merge all 0 input files into one file
2020-11-13 09:37:46,917 INFO com.cts.controller.Controller [scheduling-1] Scanning for new input file/s for mBusFormat in C:\Users\ronend\Desktop\BKKE_BASE_FOLDER\M-bus\Borettslag_3.
2020-11-13 09:37:46,917 INFO com.cts.controller.Controller [scheduling-1] Found 0 new input file/s.
2020-11-13 09:37:46,917 INFO com.cts.controller.Controller [scheduling-1] Will merge all 0 input files into one file
2020-11-13 09:37:46,917 INFO com.cts.controller.Controller [scheduling-1] Scanning for new input file/s for mBusFormat in C:\Users\ronend\Desktop\BKKE_BASE_FOLDER\M-bus\Paradishagen.
2020-11-13 09:37:46,925 INFO com.cts.controller.Controller [scheduling-1] Found 0 new input file/s.
2020-11-13 09:37:46,925 INFO com.cts.controller.Controller [scheduling-1] Will merge all 0 input files into one file
2020-11-13 09:37:46,925 INFO com.cts.controller.Controller [scheduling-1] Scanning for new input file/s for mBusFormat in C:\Users\ronend\Desktop\BKKE_BASE_FOLDER\M-bus\Test.
2020-11-13 09:37:46,927 INFO com.cts.controller.Controller [scheduling-1] Found 0 new input file/s.
2020-11-13 09:37:46,927 INFO com.cts.controller.Controller [scheduling-1] Will merge all 0 input files into one file
2020-11-13 09:37:46,927 INFO com.cts.controller.Controller [scheduling-1] Completed processing C:\Users\ronend\Desktop\BKKE_BASE_FOLDER\M-bus in 0 seconds.
2020-11-13 09:37:46,927 INFO com.cts.controller.Controller [scheduling-1] Scanning for sub directories for gamleAnleggFormat in C:\Users\ronend\Desktop\BKKE_BASE_FOLDER\QKunde.
2020-11-13 09:37:46,927 INFO com.cts.utils.GetListOfSubDirectories [scheduling-1] Scanning C:\Users\ronend\Desktop\BKKE_BASE_FOLDER\QKunde\ for existing sub-directories.
2020-11-13 09:37:46,933 INFO com.cts.controller.Controller [scheduling-1] Found 3 sub-folders for gamleAnleggFormat - one for each meter data collection system .
2020-11-13 09:37:46,935 INFO com.cts.controller.Controller [scheduling-1] Scanning for new input file/s for gamleAnleggFormat in C:\Users\ronend\Desktop\BKKE_BASE_FOLDER\QKunde\Borettslag_1.
2020-11-13 09:37:46,937 INFO com.cts.controller.Controller [scheduling-1] Found 0 new input file/s.
2020-11-13 09:37:46,937 INFO com.cts.controller.Controller [scheduling-1] Will merge all 0 input files into one file
2020-11-13 09:37:46,937 INFO com.cts.controller.Controller [scheduling-1] Scanning for new input file/s for gamleAnleggFormat in C:\Users\ronend\Desktop\BKKE_BASE_FOLDER\QKunde\Borettslag_2.
2020-11-13 09:37:46,937 INFO com.cts.controller.Controller [scheduling-1] Found 0 new input file/s.
2020-11-13 09:37:46,937 INFO com.cts.controller.Controller [scheduling-1] Will merge all 0 input files into one file
2020-11-13 09:37:46,937 INFO com.cts.controller.Controller [scheduling-1] Scanning for new input file/s for gamleAnleggFormat in C:\Users\ronend\Desktop\BKKE_BASE_FOLDER\QKunde\Borettslag_3.
2020-11-13 09:37:46,937 INFO com.cts.controller.Controller [scheduling-1] Found 0 new input file/s.
2020-11-13 09:37:46,937 INFO com.cts.controller.Controller [scheduling-1] Will merge all 0 input files into one file
2020-11-13 09:37:46,937 INFO com.cts.controller.Controller [scheduling-1] Completed processing C:\Users\ronend\Desktop\BKKE_BASE_FOLDER\QKunde in 0 seconds.
2020-11-13 09:37:46,937 INFO com.cts.controller.Controller [scheduling-1] Completed processing in 0 seconds.
2020-11-13 09:37:46,937 INFO com.cts.controller.Controller [scheduling-1] Scan for new input files will be performed in 10 minutes according to scheduling plan.
2020-11-13 09:37:47,138 INFO com.zaxxer.hikari.HikariDataSource [main] HikariPool-1 - Start completed.
2020-11-13 09:37:47,164 INFO com.cts.utils.GetListOfSubDirectories [main] Scanning C:\Users\ronend\Desktop\BKKE_BASE_FOLDER for existing sub-directories.
2020-11-13 09:37:47,190 INFO com.cts.controller.Controller [main] Found 6 sub-directories - one directory per file format.
2020-11-13 09:37:47,190 INFO com.cts.controller.Controller [main] Scanning for sub directories for circutorPLCFormat in C:\Users\ronend\Desktop\BKKE_BASE_FOLDER\CircutorPLC.
2020-11-13 09:37:47,190 INFO com.cts.utils.GetListOfSubDirectories [main] Scanning C:\Users\ronend\Desktop\BKKE_BASE_FOLDER\CircutorPLC\ for existing sub-directories.
2020-11-13 09:37:47,193 INFO com.cts.controller.Controller [main] Found 3 sub-folders for circutorPLCFormat - one for each meter data collection system .
2020-11-13 09:37:47,193 INFO com.cts.controller.Controller [main] Scanning for new input file/s for circutorPLCFormat in C:\Users\ronend\Desktop\BKKE_BASE_FOLDER\CircutorPLC\Borettslag_1.
2020-11-13 09:37:47,198 INFO com.cts.controller.Controller [main] Found 0 new input file/s.
2020-11-13 09:37:47,198 INFO com.cts.controller.Controller [main] Will merge all 0 input files into one file
2020-11-13 09:37:47,198 INFO com.cts.controller.Controller [main] Scanning for new input file/s for circutorPLCFormat in C:\Users\ronend\Desktop\BKKE_BASE_FOLDER\CircutorPLC\Borettslag_2.
2020-11-13 09:37:47,200 INFO com.cts.controller.Controller [main] Found 0 new input file/s.
2020-11-13 09:37:47,200 INFO com.cts.controller.Controller [main] Will merge all 0 input files into one file
2020-11-13 09:37:47,200 INFO com.cts.controller.Controller [main] Scanning for new input file/s for circutorPLCFormat in C:\Users\ronend\Desktop\BKKE_BASE_FOLDER\CircutorPLC\Borettslag_3.
2020-11-13 09:37:47,204 INFO com.cts.controller.Controller [main] Found 0 new input file/s.
2020-11-13 09:37:47,204 INFO com.cts.controller.Controller [main] Will merge all 0 input files into one file
2020-11-13 09:37:47,204 INFO com.cts.controller.Controller [main] Completed processing C:\Users\ronend\Desktop\BKKE_BASE_FOLDER\CircutorPLC in 0 seconds.
2020-11-13 09:37:47,204 INFO com.cts.controller.Controller [main] Scanning for sub directories for forbruksImportFormat in C:\Users\ronend\Desktop\BKKE_BASE_FOLDER\Forbruk.
2020-11-13 09:37:47,204 INFO com.cts.utils.GetListOfSubDirectories [main] Scanning C:\Users\ronend\Desktop\BKKE_BASE_FOLDER\Forbruk\ for existing sub-directories.
2020-11-13 09:37:47,209 INFO com.cts.controller.Controller [main] Found 3 sub-folders for forbruksImportFormat - one for each meter data collection system .
2020-11-13 09:37:47,209 INFO com.cts.controller.Controller [main] Scanning for new input file/s for forbruksImportFormat in C:\Users\ronend\Desktop\BKKE_BASE_FOLDER\Forbruk\Borettslag_1.
2020-11-13 09:37:47,211 INFO com.cts.controller.Controller [main] Found 0 new input file/s.
2020-11-13 09:37:47,211 INFO com.cts.controller.Controller [main] Will merge all 0 input files into one file
2020-11-13 09:37:47,211 INFO com.cts.controller.Controller [main] Scanning for new input file/s for forbruksImportFormat in C:\Users\ronend\Desktop\BKKE_BASE_FOLDER\Forbruk\Borettslag_2.
2020-11-13 09:37:47,214 INFO com.cts.controller.Controller [main] Found 0 new input file/s.
2020-11-13 09:37:47,214 INFO com.cts.controller.Controller [main] Will merge all 0 input files into one file
2020-11-13 09:37:47,214 INFO com.cts.controller.Controller [main] Scanning for new input file/s for forbruksImportFormat in C:\Users\ronend\Desktop\BKKE_BASE_FOLDER\Forbruk\Borettslag_3.
2020-11-13 09:37:47,221 INFO com.cts.controller.Controller [main] Found 0 new input file/s.
2020-11-13 09:37:47,221 INFO com.cts.controller.Controller [main] Will merge all 0 input files into one file
2020-11-13 09:37:47,221 INFO com.cts.controller.Controller [main] Completed processing C:\Users\ronend\Desktop\BKKE_BASE_FOLDER\Forbruk in 0 seconds.
2020-11-13 09:37:47,221 INFO com.cts.controller.Controller [main] Scanning for sub directories for VBVFormat in C:\Users\ronend\Desktop\BKKE_BASE_FOLDER\KamstrupVBV.
2020-11-13 09:37:47,221 INFO com.cts.utils.GetListOfSubDirectories [main] Scanning C:\Users\ronend\Desktop\BKKE_BASE_FOLDER\KamstrupVBV\ for existing sub-directories.
2020-11-13 09:37:47,224 INFO com.cts.controller.Controller [main] Found 3 sub-folders for VBVFormat - one for each meter data collection system .
2020-11-13 09:37:47,224 INFO com.cts.controller.Controller [main] Scanning for new input file/s for VBVFormat in C:\Users\ronend\Desktop\BKKE_BASE_FOLDER\KamstrupVBV\Borettslag_1.
2020-11-13 09:37:47,224 INFO com.cts.controller.Controller [main] Found 0 new input file/s.
2020-11-13 09:37:47,224 INFO com.cts.controller.Controller [main] Will merge all 0 input files into one file
2020-11-13 09:37:47,224 INFO com.cts.controller.Controller [main] Scanning for new input file/s for VBVFormat in C:\Users\ronend\Desktop\BKKE_BASE_FOLDER\KamstrupVBV\Borettslag_2.
2020-11-13 09:37:47,229 INFO com.cts.controller.Controller [main] Found 0 new input file/s.
2020-11-13 09:37:47,229 INFO com.cts.controller.Controller [main] Will merge all 0 input files into one file
2020-11-13 09:37:47,229 INFO com.cts.controller.Controller [main] Scanning for new input file/s for VBVFormat in C:\Users\ronend\Desktop\BKKE_BASE_FOLDER\KamstrupVBV\Borettslag_3.
2020-11-13 09:37:47,229 INFO com.cts.controller.Controller [main] Found 0 new input file/s.
2020-11-13 09:37:47,231 INFO com.cts.controller.Controller [main] Will merge all 0 input files into one file
2020-11-13 09:37:47,231 INFO com.cts.controller.Controller [main] Completed processing C:\Users\ronend\Desktop\BKKE_BASE_FOLDER\KamstrupVBV in 0 seconds.
2020-11-13 09:37:47,231 INFO com.cts.controller.Controller [main] Scanning for sub directories for VTFormat in C:\Users\ronend\Desktop\BKKE_BASE_FOLDER\KamstrupVT.
2020-11-13 09:37:47,231 INFO com.cts.utils.GetListOfSubDirectories [main] Scanning C:\Users\ronend\Desktop\BKKE_BASE_FOLDER\KamstrupVT\ for existing sub-directories.
2020-11-13 09:37:47,231 INFO com.cts.controller.Controller [main] Found 3 sub-folders for VTFormat - one for each meter data collection system .
2020-11-13 09:37:47,234 INFO com.cts.controller.Controller [main] Scanning for new input file/s for VTFormat in C:\Users\ronend\Desktop\BKKE_BASE_FOLDER\KamstrupVT\Borettslag_1.
2020-11-13 09:37:47,234 INFO com.cts.controller.Controller [main] Found 0 new input file/s.
2020-11-13 09:37:47,234 INFO com.cts.controller.Controller [main] Will merge all 0 input files into one file
2020-11-13 09:37:47,234 INFO com.cts.controller.Controller [main] Scanning for new input file/s for VTFormat in C:\Users\ronend\Desktop\BKKE_BASE_FOLDER\KamstrupVT\Borettslag_2.
2020-11-13 09:37:47,234 INFO com.cts.controller.Controller [main] Found 0 new input file/s.
2020-11-13 09:37:47,234 INFO com.cts.controller.Controller [main] Will merge all 0 input files into one file
2020-11-13 09:37:47,234 INFO com.cts.controller.Controller [main] Scanning for new input file/s for VTFormat in C:\Users\ronend\Desktop\BKKE_BASE_FOLDER\KamstrupVT\Borettslag_3.
2020-11-13 09:37:47,239 INFO com.cts.controller.Controller [main] Found 0 new input file/s.
2020-11-13 09:37:47,239 INFO com.cts.controller.Controller [main] Will merge all 0 input files into one file
2020-11-13 09:37:47,239 INFO com.cts.controller.Controller [main] Completed processing C:\Users\ronend\Desktop\BKKE_BASE_FOLDER\KamstrupVT in 0 seconds.
2020-11-13 09:37:47,239 INFO com.cts.controller.Controller [main] Scanning for sub directories for mBusFormat in C:\Users\ronend\Desktop\BKKE_BASE_FOLDER\M-bus.
2020-11-13 09:37:47,239 INFO com.cts.utils.GetListOfSubDirectories [main] Scanning C:\Users\ronend\Desktop\BKKE_BASE_FOLDER\M-bus\ for existing sub-directories.
2020-11-13 09:37:47,243 INFO com.cts.controller.Controller [main] Found 5 sub-folders for mBusFormat - one for each meter data collection system .
2020-11-13 09:37:47,243 INFO com.cts.controller.Controller [main] Scanning for new input file/s for mBusFormat in C:\Users\ronend\Desktop\BKKE_BASE_FOLDER\M-bus\Borettslag_1.
2020-11-13 09:37:47,243 INFO com.cts.controller.Controller [main] Found 0 new input file/s.
2020-11-13 09:37:47,243 INFO com.cts.controller.Controller [main] Will merge all 0 input files into one file
2020-11-13 09:37:47,243 INFO com.cts.controller.Controller [main] Scanning for new input file/s for mBusFormat in C:\Users\ronend\Desktop\BKKE_BASE_FOLDER\M-bus\Borettslag_2.
2020-11-13 09:37:47,249 INFO com.cts.controller.Controller [main] Found 0 new input file/s.
2020-11-13 09:37:47,251 INFO com.cts.controller.Controller [main] Will merge all 0 input files into one file
2020-11-13 09:37:47,251 INFO com.cts.controller.Controller [main] Scanning for new input file/s for mBusFormat in C:\Users\ronend\Desktop\BKKE_BASE_FOLDER\M-bus\Borettslag_3.
2020-11-13 09:37:47,251 INFO com.cts.controller.Controller [main] Found 0 new input file/s.
2020-11-13 09:37:47,251 INFO com.cts.controller.Controller [main] Will merge all 0 input files into one file
2020-11-13 09:37:47,251 INFO com.cts.controller.Controller [main] Scanning for new input file/s for mBusFormat in C:\Users\ronend\Desktop\BKKE_BASE_FOLDER\M-bus\Paradishagen.
2020-11-13 09:37:47,254 INFO com.cts.controller.Controller [main] Found 0 new input file/s.
2020-11-13 09:37:47,254 INFO com.cts.controller.Controller [main] Will merge all 0 input files into one file
2020-11-13 09:37:47,254 INFO com.cts.controller.Controller [main] Scanning for new input file/s for mBusFormat in C:\Users\ronend\Desktop\BKKE_BASE_FOLDER\M-bus\Test.
2020-11-13 09:37:47,254 INFO com.cts.controller.Controller [main] Found 0 new input file/s.
2020-11-13 09:37:47,254 INFO com.cts.controller.Controller [main] Will merge all 0 input files into one file
2020-11-13 09:37:47,254 INFO com.cts.controller.Controller [main] Completed processing C:\Users\ronend\Desktop\BKKE_BASE_FOLDER\M-bus in 0 seconds.
2020-11-13 09:37:47,254 INFO com.cts.controller.Controller [main] Scanning for sub directories for gamleAnleggFormat in C:\Users\ronend\Desktop\BKKE_BASE_FOLDER\QKunde.
2020-11-13 09:37:47,254 INFO com.cts.utils.GetListOfSubDirectories [main] Scanning C:\Users\ronend\Desktop\BKKE_BASE_FOLDER\QKunde\ for existing sub-directories.
2020-11-13 09:37:47,259 INFO com.cts.controller.Controller [main] Found 3 sub-folders for gamleAnleggFormat - one for each meter data collection system .
2020-11-13 09:37:47,259 INFO com.cts.controller.Controller [main] Scanning for new input file/s for gamleAnleggFormat in C:\Users\ronend\Desktop\BKKE_BASE_FOLDER\QKunde\Borettslag_1.
2020-11-13 09:37:47,261 INFO com.cts.controller.Controller [main] Found 0 new input file/s.
2020-11-13 09:37:47,261 INFO com.cts.controller.Controller [main] Will merge all 0 input files into one file
2020-11-13 09:37:47,261 INFO com.cts.controller.Controller [main] Scanning for new input file/s for gamleAnleggFormat in C:\Users\ronend\Desktop\BKKE_BASE_FOLDER\QKunde\Borettslag_2.
2020-11-13 09:37:47,263 INFO com.cts.controller.Controller [main] Found 0 new input file/s.
2020-11-13 09:37:47,263 INFO com.cts.controller.Controller [main] Will merge all 0 input files into one file
2020-11-13 09:37:47,263 INFO com.cts.controller.Controller [main] Scanning for new input file/s for gamleAnleggFormat in C:\Users\ronend\Desktop\BKKE_BASE_FOLDER\QKunde\Borettslag_3.
2020-11-13 09:37:47,263 INFO com.cts.controller.Controller [main] Found 0 new input file/s.
2020-11-13 09:37:47,263 INFO com.cts.controller.Controller [main] Will merge all 0 input files into one file
2020-11-13 09:37:47,263 INFO com.cts.controller.Controller [main] Completed processing C:\Users\ronend\Desktop\BKKE_BASE_FOLDER\QKunde in 0 seconds.
2020-11-13 09:37:47,263 INFO com.cts.controller.Controller [main] Completed processing in 0 seconds.
2020-11-13 09:37:47,263 INFO com.cts.controller.Controller [main] Scan for new input files will be performed in 10 minutes according to scheduling plan.
2020-11-13 09:38:38,140 INFO org.springframework.boot.StartupInfoLogger [main] Starting StartPoint on NOLI125045 with PID 18320 (C:\sandbox\bkk_energitjenester_in_progress\target\classes started by ronend in C:\sandbox\bkk_energitjenester_in_progress)
2020-11-13 09:38:38,144 INFO org.springframework.boot.SpringApplication [main] No active profile set, falling back to default profiles: default
2020-11-13 09:38:39,606 INFO org.springframework.scheduling.concurrent.ExecutorConfigurationSupport [main] Initializing ExecutorService 'taskScheduler'
2020-11-13 09:38:39,666 INFO com.cts.utils.GetListOfSubDirectories [scheduling-1] Scanning C:\Users\ronend\Desktop\BKKE_BASE_FOLDER for existing sub-directories.
2020-11-13 09:38:39,674 INFO org.springframework.boot.StartupInfoLogger [main] Started StartPoint in 2.408 seconds (JVM running for 3.372)
2020-11-13 09:38:39,684 INFO com.zaxxer.hikari.HikariDataSource [main] HikariPool-1 - Starting...
2020-11-13 09:38:39,715 INFO com.cts.controller.Controller [scheduling-1] Found 6 sub-directories - one directory per file format.
2020-11-13 09:38:39,715 INFO com.cts.controller.Controller [scheduling-1] Scanning for sub directories for circutorPLCFormat in C:\Users\ronend\Desktop\BKKE_BASE_FOLDER\CircutorPLC.
2020-11-13 09:38:39,717 INFO com.cts.utils.GetListOfSubDirectories [scheduling-1] Scanning C:\Users\ronend\Desktop\BKKE_BASE_FOLDER\CircutorPLC\ for existing sub-directories.
2020-11-13 09:38:39,719 INFO com.cts.controller.Controller [scheduling-1] Found 3 sub-folders for circutorPLCFormat - one for each meter data collection system .
2020-11-13 09:38:39,719 INFO com.cts.controller.Controller [scheduling-1] Scanning for new input file/s for circutorPLCFormat in C:\Users\ronend\Desktop\BKKE_BASE_FOLDER\CircutorPLC\Borettslag_1.
2020-11-13 09:38:39,729 INFO com.cts.controller.Controller [scheduling-1] Found 0 new input file/s.
2020-11-13 09:38:39,734 INFO com.cts.controller.Controller [scheduling-1] Will merge all 0 input files into one file
2020-11-13 09:38:39,734 INFO com.cts.controller.Controller [scheduling-1] Scanning for new input file/s for circutorPLCFormat in C:\Users\ronend\Desktop\BKKE_BASE_FOLDER\CircutorPLC\Borettslag_2.
2020-11-13 09:38:39,735 INFO com.cts.controller.Controller [scheduling-1] Found 0 new input file/s.
2020-11-13 09:38:39,737 INFO com.cts.controller.Controller [scheduling-1] Will merge all 0 input files into one file
2020-11-13 09:38:39,737 INFO com.cts.controller.Controller [scheduling-1] Scanning for new input file/s for circutorPLCFormat in C:\Users\ronend\Desktop\BKKE_BASE_FOLDER\CircutorPLC\Borettslag_3.
2020-11-13 09:38:39,739 INFO com.cts.controller.Controller [scheduling-1] Found 0 new input file/s.
2020-11-13 09:38:39,739 INFO com.cts.controller.Controller [scheduling-1] Will merge all 0 input files into one file
2020-11-13 09:38:39,739 INFO com.cts.controller.Controller [scheduling-1] Completed processing C:\Users\ronend\Desktop\BKKE_BASE_FOLDER\CircutorPLC in 0 seconds.
2020-11-13 09:38:39,739 INFO com.cts.controller.Controller [scheduling-1] Scanning for sub directories for forbruksImportFormat in C:\Users\ronend\Desktop\BKKE_BASE_FOLDER\Forbruk.
2020-11-13 09:38:39,739 INFO com.cts.utils.GetListOfSubDirectories [scheduling-1] Scanning C:\Users\ronend\Desktop\BKKE_BASE_FOLDER\Forbruk\ for existing sub-directories.
2020-11-13 09:38:39,748 INFO com.cts.controller.Controller [scheduling-1] Found 3 sub-folders for forbruksImportFormat - one for each meter data collection system .
2020-11-13 09:38:39,749 INFO com.cts.controller.Controller [scheduling-1] Scanning for new input file/s for forbruksImportFormat in C:\Users\ronend\Desktop\BKKE_BASE_FOLDER\Forbruk\Borettslag_1.
2020-11-13 09:38:39,749 INFO com.cts.controller.Controller [scheduling-1] Found 0 new input file/s.
2020-11-13 09:38:39,749 INFO com.cts.controller.Controller [scheduling-1] Will merge all 0 input files into one file
2020-11-13 09:38:39,749 INFO com.cts.controller.Controller [scheduling-1] Scanning for new input file/s for forbruksImportFormat in C:\Users\ronend\Desktop\BKKE_BASE_FOLDER\Forbruk\Borettslag_2.
2020-11-13 09:38:39,754 INFO com.cts.controller.Controller [scheduling-1] Found 0 new input file/s.
2020-11-13 09:38:39,754 INFO com.cts.controller.Controller [scheduling-1] Will merge all 0 input files into one file
2020-11-13 09:38:39,754 INFO com.cts.controller.Controller [scheduling-1] Scanning for new input file/s for forbruksImportFormat in C:\Users\ronend\Desktop\BKKE_BASE_FOLDER\Forbruk\Borettslag_3.
2020-11-13 09:38:39,756 INFO com.cts.controller.Controller [scheduling-1] Found 0 new input file/s.
2020-11-13 09:38:39,758 INFO com.cts.controller.Controller [scheduling-1] Will merge all 0 input files into one file
2020-11-13 09:38:39,759 INFO com.cts.controller.Controller [scheduling-1] Completed processing C:\Users\ronend\Desktop\BKKE_BASE_FOLDER\Forbruk in 0 seconds.
2020-11-13 09:38:39,759 INFO com.cts.controller.Controller [scheduling-1] Scanning for sub directories for VBVFormat in C:\Users\ronend\Desktop\BKKE_BASE_FOLDER\KamstrupVBV.
2020-11-13 09:38:39,759 INFO com.cts.utils.GetListOfSubDirectories [scheduling-1] Scanning C:\Users\ronend\Desktop\BKKE_BASE_FOLDER\KamstrupVBV\ for existing sub-directories.
2020-11-13 09:38:39,764 INFO com.cts.controller.Controller [scheduling-1] Found 3 sub-folders for VBVFormat - one for each meter data collection system .
2020-11-13 09:38:39,764 INFO com.cts.controller.Controller [scheduling-1] Scanning for new input file/s for VBVFormat in C:\Users\ronend\Desktop\BKKE_BASE_FOLDER\KamstrupVBV\Borettslag_1.
2020-11-13 09:38:39,766 INFO com.cts.controller.Controller [scheduling-1] Found 0 new input file/s.
2020-11-13 09:38:39,766 INFO com.cts.controller.Controller [scheduling-1] Will merge all 0 input files into one file
2020-11-13 09:38:39,766 INFO com.cts.controller.Controller [scheduling-1] Scanning for new input file/s for VBVFormat in C:\Users\ronend\Desktop\BKKE_BASE_FOLDER\KamstrupVBV\Borettslag_2.
2020-11-13 09:38:39,768 INFO com.cts.controller.Controller [scheduling-1] Found 0 new input file/s.
2020-11-13 09:38:39,768 INFO com.cts.controller.Controller [scheduling-1] Will merge all 0 input files into one file
2020-11-13 09:38:39,768 INFO com.cts.controller.Controller [scheduling-1] Scanning for new input file/s for VBVFormat in C:\Users\ronend\Desktop\BKKE_BASE_FOLDER\KamstrupVBV\Borettslag_3.
2020-11-13 09:38:39,768 INFO com.cts.controller.Controller [scheduling-1] Found 0 new input file/s.
2020-11-13 09:38:39,768 INFO com.cts.controller.Controller [scheduling-1] Will merge all 0 input files into one file
2020-11-13 09:38:39,768 INFO com.cts.controller.Controller [scheduling-1] Completed processing C:\Users\ronend\Desktop\BKKE_BASE_FOLDER\KamstrupVBV in 0 seconds.
2020-11-13 09:38:39,768 INFO com.cts.controller.Controller [scheduling-1] Scanning for sub directories for VTFormat in C:\Users\ronend\Desktop\BKKE_BASE_FOLDER\KamstrupVT.
2020-11-13 09:38:39,768 INFO com.cts.utils.GetListOfSubDirectories [scheduling-1] Scanning C:\Users\ronend\Desktop\BKKE_BASE_FOLDER\KamstrupVT\ for existing sub-directories.
2020-11-13 09:38:39,776 INFO com.cts.controller.Controller [scheduling-1] Found 3 sub-folders for VTFormat - one for each meter data collection system .
2020-11-13 09:38:39,776 INFO com.cts.controller.Controller [scheduling-1] Scanning for new input file/s for VTFormat in C:\Users\ronend\Desktop\BKKE_BASE_FOLDER\KamstrupVT\Borettslag_1.
2020-11-13 09:38:39,778 INFO com.cts.controller.Controller [scheduling-1] Found 0 new input file/s.
2020-11-13 09:38:39,778 INFO com.cts.controller.Controller [scheduling-1] Will merge all 0 input files into one file
2020-11-13 09:38:39,778 INFO com.cts.controller.Controller [scheduling-1] Scanning for new input file/s for VTFormat in C:\Users\ronend\Desktop\BKKE_BASE_FOLDER\KamstrupVT\Borettslag_2.
2020-11-13 09:38:39,778 INFO com.cts.controller.Controller [scheduling-1] Found 0 new input file/s.
2020-11-13 09:38:39,778 INFO com.cts.controller.Controller [scheduling-1] Will merge all 0 input files into one file
2020-11-13 09:38:39,778 INFO com.cts.controller.Controller [scheduling-1] Scanning for new input file/s for VTFormat in C:\Users\ronend\Desktop\BKKE_BASE_FOLDER\KamstrupVT\Borettslag_3.
2020-11-13 09:38:39,784 INFO com.cts.controller.Controller [scheduling-1] Found 0 new input file/s.
2020-11-13 09:38:39,784 INFO com.cts.controller.Controller [scheduling-1] Will merge all 0 input files into one file
2020-11-13 09:38:39,784 INFO com.cts.controller.Controller [scheduling-1] Completed processing C:\Users\ronend\Desktop\BKKE_BASE_FOLDER\KamstrupVT in 0 seconds.
2020-11-13 09:38:39,784 INFO com.cts.controller.Controller [scheduling-1] Scanning for sub directories for mBusFormat in C:\Users\ronend\Desktop\BKKE_BASE_FOLDER\M-bus.
2020-11-13 09:38:39,784 INFO com.cts.utils.GetListOfSubDirectories [scheduling-1] Scanning C:\Users\ronend\Desktop\BKKE_BASE_FOLDER\M-bus\ for existing sub-directories.
2020-11-13 09:38:39,796 INFO com.cts.controller.Controller [scheduling-1] Found 5 sub-folders for mBusFormat - one for each meter data collection system .
2020-11-13 09:38:39,796 INFO com.cts.controller.Controller [scheduling-1] Scanning for new input file/s for mBusFormat in C:\Users\ronend\Desktop\BKKE_BASE_FOLDER\M-bus\Borettslag_1.
2020-11-13 09:38:39,830 INFO com.cts.controller.Controller [scheduling-1] Found 2 new input file/s.
2020-11-13 09:38:39,830 INFO com.cts.controller.Controller [scheduling-1] Will merge all 2 input files into one file
2020-11-13 09:38:39,834 INFO com.cts.utils.MergerFiles [scheduling-1] merging: C:\Users\ronend\Desktop\BKKE_BASE_FOLDER\M-bus\Borettslag_1\m_bus_TestPeriods_part_1_TimestampRead_1605256719799.txt into C:\Users\ronend\Desktop\BKKE_BASE_FOLDER\M-bus\Borettslag_1\Merged_Temp\mergedFile.txt.
2020-11-13 09:38:39,838 INFO com.cts.utils.MergerFiles [scheduling-1] merging: C:\Users\ronend\Desktop\BKKE_BASE_FOLDER\M-bus\Borettslag_1\m_bus_TestPeriods_part_2_TimestampRead_1605256719814.txt into C:\Users\ronend\Desktop\BKKE_BASE_FOLDER\M-bus\Borettslag_1\Merged_Temp\mergedFile.txt.
2020-11-13 09:38:39,840 INFO com.cts.controller.Controller [scheduling-1] Moving used file C:\Users\ronend\Desktop\BKKE_BASE_FOLDER\M-bus\Borettslag_1\m_bus_TestPeriods_part_1_TimestampRead_1605256719799.txt to Used folder at C:\Users\ronend\Desktop\BKKE_BASE_FOLDER\M-bus\Borettslag_1\Used\.
2020-11-13 09:38:39,844 INFO com.cts.controller.Controller [scheduling-1] Starting to move used input files to C:\Users\ronend\Desktop\BKKE_BASE_FOLDER\M-bus\Borettslag_1\Used\.
2020-11-13 09:38:39,854 INFO com.cts.utils.MoveUsedInputFilesToUsedFolder [scheduling-1] m_bus_TestPeriods_part_1_TimestampRead_1605256719799.txt moved to C:\Users\ronend\Desktop\BKKE_BASE_FOLDER\M-bus\Borettslag_1\Used\ .
2020-11-13 09:38:39,854 INFO com.cts.controller.Controller [scheduling-1] Completed moving used file in 0 seconds.
2020-11-13 09:38:39,854 INFO com.cts.controller.Controller [scheduling-1] Moving used file C:\Users\ronend\Desktop\BKKE_BASE_FOLDER\M-bus\Borettslag_1\m_bus_TestPeriods_part_2_TimestampRead_1605256719814.txt to Used folder at C:\Users\ronend\Desktop\BKKE_BASE_FOLDER\M-bus\Borettslag_1\Used\.
2020-11-13 09:38:39,854 INFO com.cts.controller.Controller [scheduling-1] Starting to move used input files to C:\Users\ronend\Desktop\BKKE_BASE_FOLDER\M-bus\Borettslag_1\Used\.
2020-11-13 09:38:39,861 INFO com.cts.utils.MoveUsedInputFilesToUsedFolder [scheduling-1] m_bus_TestPeriods_part_2_TimestampRead_1605256719814.txt moved to C:\Users\ronend\Desktop\BKKE_BASE_FOLDER\M-bus\Borettslag_1\Used\ .
2020-11-13 09:38:39,861 INFO com.cts.controller.Controller [scheduling-1] Completed moving used file in 0 seconds.
2020-11-13 09:38:39,868 INFO com.cts.controller.Controller [scheduling-1] Found input file: mergedFile_TimestampRead_1605256719861.txt.
2020-11-13 09:38:39,870 INFO com.cts.generator.ProcessInput [scheduling-1] Start processing input file mergedFile_TimestampRead_1605256719861.txt.
2020-11-13 09:38:39,874 INFO com.cts.ioutils.InputFileReader [scheduling-1] Starting to read mergedFile_TimestampRead_1605256719861.txt.
2020-11-13 09:38:39,878 INFO com.cts.ioutils.InputFileReader [scheduling-1] Completed reading. Total rows read = 24.
2020-11-13 09:38:39,878 INFO com.cts.generator.ProcessInput [scheduling-1] Collected 24 input rows.
2020-11-13 09:38:39,878 INFO com.cts.generator.ProcessInput [scheduling-1] Checking correct date format.
2020-11-13 09:38:39,990 INFO com.cts.utils.VerifyDateFormat [scheduling-1] Completed checking 24 rows, out of which 24 have correct date format.
2020-11-13 09:38:39,992 INFO com.cts.utils.VerifyDateFormat [scheduling-1] Checked date for 24 rows in less than a second.
2020-11-13 09:38:39,992 INFO com.cts.generator.ProcessInput [scheduling-1] Checking correct number format.
2020-11-13 09:38:39,994 INFO com.cts.utils.VerifyNumberFormat [scheduling-1] This input row contains non parsable stand parameter: meter_id = 9680; stand = 76115.0.0. 
2020-11-13 09:38:39,994 INFO com.cts.utils.VerifyNumberFormat [scheduling-1] This input row contains non parsable stand parameter: meter_id = 9680; stand = 76116.0.0. 
2020-11-13 09:38:39,994 INFO com.cts.utils.VerifyNumberFormat [scheduling-1] Completed checking 24 rows, out of which 22 have correct number format.
2020-11-13 09:38:39,994 INFO com.cts.utils.VerifyNumberFormat [scheduling-1] Checked number for 24 rows in less than a second.
2020-11-13 09:38:39,994 INFO com.cts.generator.ProcessInput [scheduling-1] Received 22 input rows, will check for an entry in customer for distinct meters in the input.
2020-11-13 09:38:40,000 INFO com.cts.customerGateway.CheckMeterInCustomer [scheduling-1] Starting to check for Customer record.
2020-11-13 09:38:40,319 INFO com.zaxxer.hikari.HikariDataSource [main] HikariPool-1 - Start completed.
2020-11-13 09:38:48,254 INFO com.cts.customerGateway.CheckMeterInCustomer [scheduling-1] Found 3 distinct meters. Will check for a Customer registry for each.
2020-11-13 09:38:48,293 INFO com.cts.customerGateway.CheckMeterInCustomer [scheduling-1] Got meter details for meter 12163501, UNIT kWh, from internal local H2 DB.
2020-11-13 09:38:48,293 INFO com.cts.customerGateway.CheckMeterInCustomer [scheduling-1] Got meter details for meter 9680, UNIT kWh, from internal local H2 DB.
2020-11-13 09:38:48,293 INFO com.cts.customerGateway.CheckMeterInCustomer [scheduling-1] Got meter details for meter 9670, UNIT kWh, from internal local H2 DB.
2020-11-13 09:38:48,293 INFO com.cts.customerGateway.CheckMeterInCustomer [scheduling-1] So far checked 3 meters. Out of which 3 has Customer entry.
2020-11-13 09:38:48,293 INFO com.cts.customerGateway.CheckMeterInCustomer [scheduling-1] Time to check 3 meters =  0 seconds.
2020-11-13 09:38:48,293 INFO com.cts.customerGateway.CheckMeterInCustomer [scheduling-1] Completed check for entry in Customer, found 3 meters which have a Customer record.
2020-11-13 09:38:48,293 INFO com.cts.generator.ProcessInput [scheduling-1] proceeding to process 22 input rows.
2020-11-13 09:38:48,293 INFO com.cts.generator.ProcessInput [scheduling-1] Getting necessary details for mBusFormat.
2020-11-13 09:38:48,293 INFO com.cts.generator.ProcessInput [scheduling-1] Necessary details collected for 22 meters out of a total of 22 meters.
2020-11-13 09:38:48,304 INFO com.cts.generator.ProcessInput [scheduling-1] Will process 22 records for gs2 file - mBusFormat.
2020-11-13 09:38:48,324 INFO com.cts.utils.GetListOfInputDataForDailyStandsMBusFormat [scheduling-1] Getting valid input for daily stands for m_bus format - only stand for 00:00 hour, if not exists then stand between 20:00 hour and 01:00 hour, the closest to 00:00.
2020-11-13 09:38:48,334 INFO com.cts.utils.GetListOfInputDataForDailyStandsMBusFormat [scheduling-1] Adding stand for 00:00 hour for meter 12163501 and for date 04/10/2007 00:00:00.
2020-11-13 09:38:48,334 INFO com.cts.utils.GetListOfInputDataForDailyStandsMBusFormat [scheduling-1] Adding stand for 00:00 hour for meter 12163501 and for date 05/10/2007 00:00:00.
2020-11-13 09:38:48,334 INFO com.cts.utils.GetListOfInputDataForDailyStandsMBusFormat [scheduling-1] Adding stand for 00:00 hour for meter 12163501 and for date 07/10/2007 00:00:00.
2020-11-13 09:38:48,334 INFO com.cts.utils.GetListOfInputDataForDailyStandsMBusFormat [scheduling-1] Adding stand for 01:00 hour as this is the first stand for meter 12163501. There is no previous 00:00 hour, nor stand for 23:00 hour for this meter for date 07/11/2007 01:00:00.
2020-11-13 09:38:48,334 INFO com.cts.utils.GetListOfInputDataForDailyStandsMBusFormat [scheduling-1] Adding stand for 00:00 hour for meter 9680 and for date 05/01/2018 00:00:00.
2020-11-13 09:38:48,334 INFO com.cts.utils.GetListOfInputDataForDailyStandsMBusFormat [scheduling-1] Adding stand for 00:00 hour for meter 9680 and for date 05/10/2018 00:00:00.
2020-11-13 09:38:48,334 INFO com.cts.utils.GetListOfInputDataForDailyStandsMBusFormat [scheduling-1] Adding stand for 00:00 hour for meter 9680 and for date 05/20/2018 00:00:00.
2020-11-13 09:38:48,334 INFO com.cts.utils.GetListOfInputDataForDailyStandsMBusFormat [scheduling-1] Adding stand for 00:00 hour for meter 9680 and for date 06/01/2018 00:00:00.
2020-11-13 09:38:48,334 INFO com.cts.utils.GetListOfInputDataForDailyStandsMBusFormat [scheduling-1] Adding stand for 00:00 hour for meter 9680 and for date 06/02/2018 00:00:00.
2020-11-13 09:38:48,334 INFO com.cts.utils.GetListOfInputDataForDailyStandsMBusFormat [scheduling-1] Adding stand for 23:00 hour as there is no consecutive 00:00 hour for meter 9670 and for date 04/01/2018 23:00:00.
2020-11-13 09:38:48,334 INFO com.cts.utils.GetListOfInputDataForDailyStandsMBusFormat [scheduling-1] Adding stand for 00:00 hour for meter 9670 and for date 05/01/2018 00:00:00.
2020-11-13 09:38:48,344 INFO com.cts.utils.GetListOfInputDataForDailyStandsMBusFormat [scheduling-1] Adding stand for 00:00 hour for meter 9670 and for date 05/10/2018 00:00:00.
2020-11-13 09:38:48,344 INFO com.cts.utils.GetListOfInputDataForDailyStandsMBusFormat [scheduling-1] Adding stand for 00:00 hour for meter 9670 and for date 05/20/2018 00:00:00.
2020-11-13 09:38:48,344 INFO com.cts.utils.GetListOfInputDataForDailyStandsMBusFormat [scheduling-1] Adding stand for 00:00 hour for meter 9670 and for date 06/01/2018 00:00:00.
2020-11-13 09:38:48,344 INFO com.cts.generator.GeneratorForLastHourlyStand [scheduling-1] Getting last meter stand for meter 12163501 from the db.
2020-11-13 09:38:48,354 INFO com.cts.meteringGateWay.MeterReadingsClient [scheduling-1] Getting last reading details For meter_id 12163501.
2020-11-13 09:38:49,464 INFO com.cts.generator.GeneratorForLastHourlyStand [scheduling-1] Last meter stand for meter 12163501 = 409.58.
2020-11-13 09:38:49,464 INFO com.cts.generator.GeneratorForLastHourlyStand [scheduling-1] getting last reading date for meter 12163501 from the db.
2020-11-13 09:38:49,474 INFO com.cts.meteringGateWay.MeterReadingsClient [scheduling-1] Getting last reading details For meter_id 12163501.
2020-11-13 09:38:49,808 INFO com.cts.generator.GeneratorForLastHourlyStand [scheduling-1] LastReadingDate for meter 12163501 = 2007-04-01T00:00:00.000+02:00.
2020-11-13 09:38:49,818 INFO com.cts.generator.GeneratorForLastHourlyStand [scheduling-1] There are missing 9 day stands for meter 12163501. Last stand date from DB is 2007-04-01T00:00:00.000+02:00, current stand date is 2007-04-10T00:00:00.000+02:00. Will create day stands for 9 days.
2020-11-13 09:38:49,824 INFO com.cts.generator.GeneratorForLastHourlyStand [scheduling-1] There are missing 30 day stands for meter 12163501. Last stand date from DB is 2007-04-10T00:00:00.000+02:00, current stand date is 2007-05-10T00:00:00.000+02:00. Will create day stands for 30 days.
2020-11-13 09:38:49,824 INFO com.cts.generator.GeneratorForLastHourlyStand [scheduling-1] There are missing 61 day stands for meter 12163501. Last stand date from DB is 2007-05-10T00:00:00.000+02:00, current stand date is 2007-07-10T00:00:00.000+02:00. Will create day stands for 61 days.
2020-11-13 09:38:49,834 INFO com.cts.generator.GeneratorForLastHourlyStand [scheduling-1] There are missing 1 day stands for meter 12163501. Last stand date from DB is 2007-07-10T00:00:00.000+02:00, current stand date is 2007-07-11T01:00:00.000+02:00. Will create day stands for 1 days.
2020-11-13 09:38:49,834 INFO com.cts.generator.GeneratorForLastHourlyStand [scheduling-1] Getting last meter stand for meter 9680 from the db.
2020-11-13 09:38:49,844 INFO com.cts.meteringGateWay.MeterReadingsClient [scheduling-1] Getting last reading details For meter_id 9680.
2020-11-13 09:38:50,203 INFO com.cts.generator.GeneratorForLastHourlyStand [scheduling-1] Last meter stand for meter 9680 = 76086.0.
2020-11-13 09:38:50,203 INFO com.cts.generator.GeneratorForLastHourlyStand [scheduling-1] getting last reading date for meter 9680 from the db.
2020-11-13 09:38:50,213 INFO com.cts.meteringGateWay.MeterReadingsClient [scheduling-1] Getting last reading details For meter_id 9680.
2020-11-13 09:38:50,404 INFO com.cts.generator.GeneratorForLastHourlyStand [scheduling-1] LastReadingDate for meter 9680 = 2018-04-01T00:00:00.000+02:00.
2020-11-13 09:38:50,414 INFO com.cts.generator.GeneratorForLastHourlyStand [scheduling-1] There are missing 30 day stands for meter 9680. Last stand date from DB is 2018-04-01T00:00:00.000+02:00, current stand date is 2018-05-01T00:00:00.000+02:00. Will create day stands for 30 days.
2020-11-13 09:38:50,414 INFO com.cts.generator.GeneratorForLastHourlyStand [scheduling-1] There are missing 9 day stands for meter 9680. Last stand date from DB is 2018-05-01T00:00:00.000+02:00, current stand date is 2018-05-10T00:00:00.000+02:00. Will create day stands for 9 days.
2020-11-13 09:38:50,414 INFO com.cts.generator.GeneratorForLastHourlyStand [scheduling-1] There are missing 10 day stands for meter 9680. Last stand date from DB is 2018-05-10T00:00:00.000+02:00, current stand date is 2018-05-20T00:00:00.000+02:00. Will create day stands for 10 days.
2020-11-13 09:38:50,414 INFO com.cts.generator.GeneratorForLastHourlyStand [scheduling-1] There are missing 12 day stands for meter 9680. Last stand date from DB is 2018-05-20T00:00:00.000+02:00, current stand date is 2018-06-01T00:00:00.000+02:00. Will create day stands for 12 days.
2020-11-13 09:38:50,414 INFO com.cts.generator.GeneratorForLastHourlyStand [scheduling-1] There are missing 1 day stands for meter 9680. Last stand date from DB is 2018-06-01T00:00:00.000+02:00, current stand date is 2018-06-02T00:00:00.000+02:00. Will create day stands for 1 days.
2020-11-13 09:38:50,414 INFO com.cts.generator.GeneratorForLastHourlyStand [scheduling-1] Getting last meter stand for meter 9670 from the db.
2020-11-13 09:38:50,424 INFO com.cts.meteringGateWay.MeterReadingsClient [scheduling-1] Getting last reading details For meter_id 9670.
2020-11-13 09:38:50,994 INFO com.cts.generator.GeneratorForLastHourlyStand [scheduling-1] Last meter stand for meter 9670 = 26352.0.
2020-11-13 09:38:50,994 INFO com.cts.generator.GeneratorForLastHourlyStand [scheduling-1] getting last reading date for meter 9670 from the db.
2020-11-13 09:38:51,004 INFO com.cts.meteringGateWay.MeterReadingsClient [scheduling-1] Getting last reading details For meter_id 9670.
2020-11-13 09:38:51,144 INFO com.cts.generator.GeneratorForLastHourlyStand [scheduling-1] LastReadingDate for meter 9670 = 2018-04-01T00:00:00.000+02:00.
2020-11-13 09:38:51,144 INFO com.cts.generator.GeneratorForLastHourlyStand [scheduling-1] There are missing 1 day stands for meter 9670. Last stand date from DB is 2018-04-01T00:00:00.000+02:00, current stand date is 2018-04-01T23:00:00.000+02:00. Will create day stands for 1 days.
2020-11-13 09:38:51,144 INFO com.cts.generator.GeneratorForLastHourlyStand [scheduling-1] There are missing 29 day stands for meter 9670. Last stand date from DB is 2018-04-02T00:00:00.000+02:00, current stand date is 2018-05-01T00:00:00.000+02:00. Will create day stands for 29 days.
2020-11-13 09:38:51,154 INFO com.cts.generator.GeneratorForLastHourlyStand [scheduling-1] There are missing 9 day stands for meter 9670. Last stand date from DB is 2018-05-01T00:00:00.000+02:00, current stand date is 2018-05-10T00:00:00.000+02:00. Will create day stands for 9 days.
2020-11-13 09:38:51,154 INFO com.cts.generator.GeneratorForLastHourlyStand [scheduling-1] There are missing 10 day stands for meter 9670. Last stand date from DB is 2018-05-10T00:00:00.000+02:00, current stand date is 2018-05-20T00:00:00.000+02:00. Will create day stands for 10 days.
2020-11-13 09:38:51,154 INFO com.cts.generator.GeneratorForLastHourlyStand [scheduling-1] There are missing 12 day stands for meter 9670. Last stand date from DB is 2018-05-20T00:00:00.000+02:00, current stand date is 2018-06-01T00:00:00.000+02:00. Will create day stands for 12 days.
2020-11-13 09:38:51,154 INFO com.cts.generator.ProcessInput [scheduling-1] Created hourlyVolume GS2 file from input.
2020-11-13 09:38:51,154 INFO com.cts.ioutils.OutputFileWriter [scheduling-1] Starting writeOutput to print LastHourlyStand.
2020-11-13 09:38:51,164 INFO com.cts.ioutils.OutputFileWriter [scheduling-1] Completed writeOutput.
2020-11-13 09:38:51,164 INFO com.cts.controller.Controller [scheduling-1] GS2 file for input file mergedFile_TimestampRead_1605256719861.txt written to C:\Users\ronend\Desktop\BKKE_BASE_FOLDER\M-bus\Borettslag_1\Processed\.
2020-11-13 09:38:51,164 INFO com.cts.controller.Controller [scheduling-1] Starting to move used merged input file to C:\Users\ronend\Desktop\BKKE_BASE_FOLDER\M-bus\Borettslag_1\Merged_Temp\mergedFile_TimestampRead_1605256719861.txt.
2020-11-13 09:38:51,174 INFO com.cts.utils.MoveUsedInputFilesToUsedFolder [scheduling-1] mergedFile_TimestampRead_1605256719861.txt moved to C:\Users\ronend\Desktop\BKKE_BASE_FOLDER\M-bus\Borettslag_1\Used\ .
2020-11-13 09:38:51,174 INFO com.cts.controller.Controller [scheduling-1] Completed processing in 11 seconds.
2020-11-13 09:38:51,174 INFO com.cts.controller.Controller [scheduling-1] Scan for new input files will be performed in 10 minutes according to scheduling plan.
2020-11-13 09:38:51,174 INFO com.cts.controller.Controller [scheduling-1] Scanning for new input file/s for mBusFormat in C:\Users\ronend\Desktop\BKKE_BASE_FOLDER\M-bus\Borettslag_2.
2020-11-13 09:38:51,174 INFO com.cts.controller.Controller [scheduling-1] Found 0 new input file/s.
2020-11-13 09:38:51,174 INFO com.cts.controller.Controller [scheduling-1] Will merge all 0 input files into one file
2020-11-13 09:38:51,174 INFO com.cts.controller.Controller [scheduling-1] Scanning for new input file/s for mBusFormat in C:\Users\ronend\Desktop\BKKE_BASE_FOLDER\M-bus\Borettslag_3.
2020-11-13 09:38:51,174 INFO com.cts.controller.Controller [scheduling-1] Found 0 new input file/s.
2020-11-13 09:38:51,174 INFO com.cts.controller.Controller [scheduling-1] Will merge all 0 input files into one file
2020-11-13 09:38:51,174 INFO com.cts.controller.Controller [scheduling-1] Scanning for new input file/s for mBusFormat in C:\Users\ronend\Desktop\BKKE_BASE_FOLDER\M-bus\Paradishagen.
2020-11-13 09:38:51,174 INFO com.cts.controller.Controller [scheduling-1] Found 0 new input file/s.
2020-11-13 09:38:51,174 INFO com.cts.controller.Controller [scheduling-1] Will merge all 0 input files into one file
2020-11-13 09:38:51,174 INFO com.cts.controller.Controller [scheduling-1] Scanning for new input file/s for mBusFormat in C:\Users\ronend\Desktop\BKKE_BASE_FOLDER\M-bus\Test.
2020-11-13 09:38:51,174 INFO com.cts.controller.Controller [scheduling-1] Found 0 new input file/s.
2020-11-13 09:38:51,174 INFO com.cts.controller.Controller [scheduling-1] Will merge all 0 input files into one file
2020-11-13 09:38:51,174 INFO com.cts.controller.Controller [scheduling-1] Completed processing C:\Users\ronend\Desktop\BKKE_BASE_FOLDER\M-bus in 11 seconds.
2020-11-13 09:38:51,174 INFO com.cts.controller.Controller [scheduling-1] Scanning for sub directories for gamleAnleggFormat in C:\Users\ronend\Desktop\BKKE_BASE_FOLDER\QKunde.
2020-11-13 09:38:51,174 INFO com.cts.utils.GetListOfSubDirectories [scheduling-1] Scanning C:\Users\ronend\Desktop\BKKE_BASE_FOLDER\QKunde\ for existing sub-directories.
2020-11-13 09:38:51,184 INFO com.cts.controller.Controller [scheduling-1] Found 3 sub-folders for gamleAnleggFormat - one for each meter data collection system .
2020-11-13 09:38:51,184 INFO com.cts.controller.Controller [scheduling-1] Scanning for new input file/s for gamleAnleggFormat in C:\Users\ronend\Desktop\BKKE_BASE_FOLDER\QKunde\Borettslag_1.
2020-11-13 09:38:51,184 INFO com.cts.controller.Controller [scheduling-1] Found 0 new input file/s.
2020-11-13 09:38:51,184 INFO com.cts.controller.Controller [scheduling-1] Will merge all 0 input files into one file
2020-11-13 09:38:51,184 INFO com.cts.controller.Controller [scheduling-1] Scanning for new input file/s for gamleAnleggFormat in C:\Users\ronend\Desktop\BKKE_BASE_FOLDER\QKunde\Borettslag_2.
2020-11-13 09:38:51,184 INFO com.cts.controller.Controller [scheduling-1] Found 0 new input file/s.
2020-11-13 09:38:51,184 INFO com.cts.controller.Controller [scheduling-1] Will merge all 0 input files into one file
2020-11-13 09:38:51,184 INFO com.cts.controller.Controller [scheduling-1] Scanning for new input file/s for gamleAnleggFormat in C:\Users\ronend\Desktop\BKKE_BASE_FOLDER\QKunde\Borettslag_3.
2020-11-13 09:38:51,184 INFO com.cts.controller.Controller [scheduling-1] Found 0 new input file/s.
2020-11-13 09:38:51,184 INFO com.cts.controller.Controller [scheduling-1] Will merge all 0 input files into one file
2020-11-13 09:38:51,184 INFO com.cts.controller.Controller [scheduling-1] Completed processing C:\Users\ronend\Desktop\BKKE_BASE_FOLDER\QKunde in 11 seconds.
2020-11-13 09:38:51,184 INFO com.cts.controller.Controller [scheduling-1] Completed processing in 11 seconds.
2020-11-13 09:38:51,184 INFO com.cts.controller.Controller [scheduling-1] Scan for new input files will be performed in 10 minutes according to scheduling plan.
