2020-06-20 13:49:50,083 INFO org.springframework.boot.StartupInfoLogger [main] Starting StartPoint on NOLI125045 with PID 14840 (C:\sandbox\BKK_EnergiTjenester_SpringBoot\target\classes started by ronend in C:\sandbox\BKK_EnergiTjenester_SpringBoot)
2020-06-20 13:49:50,092 INFO org.springframework.boot.SpringApplication [main] No active profile set, falling back to default profiles: default
2020-06-20 13:49:51,915 INFO org.springframework.scheduling.concurrent.ExecutorConfigurationSupport [main] Initializing ExecutorService 'taskScheduler'
2020-06-20 13:49:51,969 INFO com.cts.utils.GetListOfSubDirectories [scheduling-1] Scanning C:\Users\ronend\Desktop\BKKE_BASE_FOLDER for existing sub-directories.
2020-06-20 13:49:51,974 INFO org.springframework.boot.StartupInfoLogger [main] Started StartPoint in 3.051 seconds (JVM running for 4.101)
2020-06-20 13:49:51,987 INFO com.zaxxer.hikari.HikariDataSource [main] HikariPool-1 - Starting...
2020-06-20 13:49:52,029 INFO com.cts.controller.Controller [scheduling-1] Found 6 sub-directories - one directory per file format.
2020-06-20 13:49:52,029 INFO com.cts.controller.Controller [scheduling-1] Scanning for sub directories for circutorPLCFormat in C:\Users\ronend\Desktop\BKKE_BASE_FOLDER\CircutorPLC.
2020-06-20 13:49:52,029 INFO com.cts.utils.GetListOfSubDirectories [scheduling-1] Scanning C:\Users\ronend\Desktop\BKKE_BASE_FOLDER\CircutorPLC\ for existing sub-directories.
2020-06-20 13:49:52,033 INFO com.cts.controller.Controller [scheduling-1] Found 3 sub-folders for circutorPLCFormat - one for each meter data collection system .
2020-06-20 13:49:52,035 INFO com.cts.controller.Controller [scheduling-1] Scanning for new input file/s for circutorPLCFormat in C:\Users\ronend\Desktop\BKKE_BASE_FOLDER\CircutorPLC\Borettslag_1.
2020-06-20 13:49:52,047 INFO com.cts.controller.Controller [scheduling-1] Found 0 new input file/s.
2020-06-20 13:49:52,048 INFO com.cts.controller.Controller [scheduling-1] Scanning for new input file/s for circutorPLCFormat in C:\Users\ronend\Desktop\BKKE_BASE_FOLDER\CircutorPLC\Borettslag_2.
2020-06-20 13:49:52,050 INFO com.cts.controller.Controller [scheduling-1] Found 0 new input file/s.
2020-06-20 13:49:52,051 INFO com.cts.controller.Controller [scheduling-1] Scanning for new input file/s for circutorPLCFormat in C:\Users\ronend\Desktop\BKKE_BASE_FOLDER\CircutorPLC\Borettslag_3.
2020-06-20 13:49:52,052 INFO com.cts.controller.Controller [scheduling-1] Found 0 new input file/s.
2020-06-20 13:49:52,053 INFO com.cts.controller.Controller [scheduling-1] Completed processing C:\Users\ronend\Desktop\BKKE_BASE_FOLDER\CircutorPLC in 0 seconds.
2020-06-20 13:49:52,054 INFO com.cts.controller.Controller [scheduling-1] Scanning for sub directories for forbruksImportFormat in C:\Users\ronend\Desktop\BKKE_BASE_FOLDER\Forbruk.
2020-06-20 13:49:52,054 INFO com.cts.utils.GetListOfSubDirectories [scheduling-1] Scanning C:\Users\ronend\Desktop\BKKE_BASE_FOLDER\Forbruk\ for existing sub-directories.
2020-06-20 13:49:52,056 INFO com.cts.controller.Controller [scheduling-1] Found 3 sub-folders for forbruksImportFormat - one for each meter data collection system .
2020-06-20 13:49:52,057 INFO com.cts.controller.Controller [scheduling-1] Scanning for new input file/s for forbruksImportFormat in C:\Users\ronend\Desktop\BKKE_BASE_FOLDER\Forbruk\Borettslag_1.
2020-06-20 13:49:52,058 INFO com.cts.controller.Controller [scheduling-1] Found 0 new input file/s.
2020-06-20 13:49:52,058 INFO com.cts.controller.Controller [scheduling-1] Scanning for new input file/s for forbruksImportFormat in C:\Users\ronend\Desktop\BKKE_BASE_FOLDER\Forbruk\Borettslag_2.
2020-06-20 13:49:52,060 INFO com.cts.controller.Controller [scheduling-1] Found 0 new input file/s.
2020-06-20 13:49:52,060 INFO com.cts.controller.Controller [scheduling-1] Scanning for new input file/s for forbruksImportFormat in C:\Users\ronend\Desktop\BKKE_BASE_FOLDER\Forbruk\Borettslag_3.
2020-06-20 13:49:52,062 INFO com.cts.controller.Controller [scheduling-1] Found 0 new input file/s.
2020-06-20 13:49:52,062 INFO com.cts.controller.Controller [scheduling-1] Completed processing C:\Users\ronend\Desktop\BKKE_BASE_FOLDER\Forbruk in 0 seconds.
2020-06-20 13:49:52,063 INFO com.cts.controller.Controller [scheduling-1] Scanning for sub directories for VBVFormat in C:\Users\ronend\Desktop\BKKE_BASE_FOLDER\KamstrupVBV.
2020-06-20 13:49:52,063 INFO com.cts.utils.GetListOfSubDirectories [scheduling-1] Scanning C:\Users\ronend\Desktop\BKKE_BASE_FOLDER\KamstrupVBV\ for existing sub-directories.
2020-06-20 13:49:52,066 INFO com.cts.controller.Controller [scheduling-1] Found 3 sub-folders for VBVFormat - one for each meter data collection system .
2020-06-20 13:49:52,066 INFO com.cts.controller.Controller [scheduling-1] Scanning for new input file/s for VBVFormat in C:\Users\ronend\Desktop\BKKE_BASE_FOLDER\KamstrupVBV\Borettslag_1.
2020-06-20 13:49:52,067 INFO com.cts.controller.Controller [scheduling-1] Found 0 new input file/s.
2020-06-20 13:49:52,067 INFO com.cts.controller.Controller [scheduling-1] Scanning for new input file/s for VBVFormat in C:\Users\ronend\Desktop\BKKE_BASE_FOLDER\KamstrupVBV\Borettslag_2.
2020-06-20 13:49:52,069 INFO com.cts.controller.Controller [scheduling-1] Found 0 new input file/s.
2020-06-20 13:49:52,069 INFO com.cts.controller.Controller [scheduling-1] Scanning for new input file/s for VBVFormat in C:\Users\ronend\Desktop\BKKE_BASE_FOLDER\KamstrupVBV\Borettslag_3.
2020-06-20 13:49:52,071 INFO com.cts.controller.Controller [scheduling-1] Found 0 new input file/s.
2020-06-20 13:49:52,071 INFO com.cts.controller.Controller [scheduling-1] Completed processing C:\Users\ronend\Desktop\BKKE_BASE_FOLDER\KamstrupVBV in 0 seconds.
2020-06-20 13:49:52,072 INFO com.cts.controller.Controller [scheduling-1] Scanning for sub directories for VTFormat in C:\Users\ronend\Desktop\BKKE_BASE_FOLDER\KamstrupVT.
2020-06-20 13:49:52,072 INFO com.cts.utils.GetListOfSubDirectories [scheduling-1] Scanning C:\Users\ronend\Desktop\BKKE_BASE_FOLDER\KamstrupVT\ for existing sub-directories.
2020-06-20 13:49:52,075 INFO com.cts.controller.Controller [scheduling-1] Found 3 sub-folders for VTFormat - one for each meter data collection system .
2020-06-20 13:49:52,075 INFO com.cts.controller.Controller [scheduling-1] Scanning for new input file/s for VTFormat in C:\Users\ronend\Desktop\BKKE_BASE_FOLDER\KamstrupVT\Borettslag_1.
2020-06-20 13:49:52,076 INFO com.cts.controller.Controller [scheduling-1] Found 0 new input file/s.
2020-06-20 13:49:52,076 INFO com.cts.controller.Controller [scheduling-1] Scanning for new input file/s for VTFormat in C:\Users\ronend\Desktop\BKKE_BASE_FOLDER\KamstrupVT\Borettslag_2.
2020-06-20 13:49:52,077 INFO com.cts.controller.Controller [scheduling-1] Found 0 new input file/s.
2020-06-20 13:49:52,078 INFO com.cts.controller.Controller [scheduling-1] Scanning for new input file/s for VTFormat in C:\Users\ronend\Desktop\BKKE_BASE_FOLDER\KamstrupVT\Borettslag_3.
2020-06-20 13:49:52,079 INFO com.cts.controller.Controller [scheduling-1] Found 0 new input file/s.
2020-06-20 13:49:52,079 INFO com.cts.controller.Controller [scheduling-1] Completed processing C:\Users\ronend\Desktop\BKKE_BASE_FOLDER\KamstrupVT in 0 seconds.
2020-06-20 13:49:52,080 INFO com.cts.controller.Controller [scheduling-1] Scanning for sub directories for mBusFormat in C:\Users\ronend\Desktop\BKKE_BASE_FOLDER\M-bus.
2020-06-20 13:49:52,080 INFO com.cts.utils.GetListOfSubDirectories [scheduling-1] Scanning C:\Users\ronend\Desktop\BKKE_BASE_FOLDER\M-bus\ for existing sub-directories.
2020-06-20 13:49:52,084 INFO com.cts.controller.Controller [scheduling-1] Found 4 sub-folders for mBusFormat - one for each meter data collection system .
2020-06-20 13:49:52,084 INFO com.cts.controller.Controller [scheduling-1] Scanning for new input file/s for mBusFormat in C:\Users\ronend\Desktop\BKKE_BASE_FOLDER\M-bus\Borettslag_1.
2020-06-20 13:49:52,085 INFO com.cts.controller.Controller [scheduling-1] Found 0 new input file/s.
2020-06-20 13:49:52,086 INFO com.cts.controller.Controller [scheduling-1] Scanning for new input file/s for mBusFormat in C:\Users\ronend\Desktop\BKKE_BASE_FOLDER\M-bus\Borettslag_2.
2020-06-20 13:49:52,087 INFO com.cts.controller.Controller [scheduling-1] Found 0 new input file/s.
2020-06-20 13:49:52,087 INFO com.cts.controller.Controller [scheduling-1] Scanning for new input file/s for mBusFormat in C:\Users\ronend\Desktop\BKKE_BASE_FOLDER\M-bus\Borettslag_3.
2020-06-20 13:49:52,088 INFO com.cts.controller.Controller [scheduling-1] Found 0 new input file/s.
2020-06-20 13:49:52,088 INFO com.cts.controller.Controller [scheduling-1] Scanning for new input file/s for mBusFormat in C:\Users\ronend\Desktop\BKKE_BASE_FOLDER\M-bus\Test.
2020-06-20 13:49:52,103 INFO com.cts.controller.Controller [scheduling-1] Found 1 new input file/s.
2020-06-20 13:49:52,104 INFO com.cts.controller.Controller [scheduling-1] Found input file: bus_1_TimestampRead_1592653792092.txt.
2020-06-20 13:49:52,106 INFO com.cts.generator.ProcessInput [scheduling-1] Start processing input file bus_1_TimestampRead_1592653792092.txt.
2020-06-20 13:49:52,108 INFO com.cts.ioutils.InputFileReader [scheduling-1] Starting to read bus_1_TimestampRead_1592653792092.txt.
2020-06-20 13:49:52,109 INFO com.cts.ioutils.InputFileReader [scheduling-1] Completed reading. Total rows read = 5.
2020-06-20 13:49:52,110 INFO com.cts.generator.ProcessInput [scheduling-1] Collected 5 input rows.
2020-06-20 13:49:52,110 INFO com.cts.generator.ProcessInput [scheduling-1] Checking correct date format.
2020-06-20 13:49:52,206 INFO com.cts.utils.VerifyDateFormat [scheduling-1] Completed checking 5 rows, out of which 5 have correct date format.
2020-06-20 13:49:52,206 INFO com.cts.utils.VerifyDateFormat [scheduling-1] Checked date for 5 rows in less than a second.
2020-06-20 13:49:52,206 INFO com.cts.generator.ProcessInput [scheduling-1] Checking correct number format.
2020-06-20 13:49:52,209 INFO com.cts.utils.VerifyNumberFormat [scheduling-1] Completed checking 5 rows, out of which 5 have correct number format.
2020-06-20 13:49:52,210 INFO com.cts.utils.VerifyNumberFormat [scheduling-1] Checked number for 5 rows in less than a second.
2020-06-20 13:49:52,210 INFO com.cts.generator.ProcessInput [scheduling-1] Received 5 input rows, will check for an entry in customer for distinct meters in the input.
2020-06-20 13:49:52,213 INFO com.cts.customerGateway.CheckMeterInCustomer [scheduling-1] Starting to check for Customer record.
2020-06-20 13:49:52,417 INFO com.zaxxer.hikari.HikariDataSource [main] HikariPool-1 - Start completed.
2020-06-20 13:49:55,273 INFO com.cts.customerGateway.CheckMeterInCustomer [scheduling-1] Found 5 distinct meters. Will check for a Customer registry for each.
2020-06-20 13:49:55,302 INFO com.cts.customerGateway.CheckMeterInCustomer [scheduling-1] Got meter details for meter 5706567274344770, UNIT kVArh, from internal local H2 DB.
2020-06-20 13:49:55,303 INFO com.cts.customerGateway.CheckMeterInCustomer [scheduling-1] Got meter details for meter 5706567274516542, UNIT kWh, from internal local H2 DB.
2020-06-20 13:49:55,303 INFO com.cts.customerGateway.CheckMeterInCustomer [scheduling-1] Got meter details for meter 5706567274787577, UNIT kVArh, from internal local H2 DB.
2020-06-20 13:49:55,303 INFO com.cts.customerGateway.CheckMeterInCustomer [scheduling-1] Got meter details for meter 017836770, UNIT kWh, from internal local H2 DB.
2020-06-20 13:49:55,304 INFO com.cts.customerGateway.CheckMeterInCustomer [scheduling-1] Got meter details for meter 017836771, UNIT kW, from internal local H2 DB.
2020-06-20 13:49:55,304 INFO com.cts.customerGateway.CheckMeterInCustomer [scheduling-1] So far checked 5 meters. Out of which 5 has Customer entry.
2020-06-20 13:49:55,304 INFO com.cts.customerGateway.CheckMeterInCustomer [scheduling-1] Time to check 5 meters =  0 seconds.
2020-06-20 13:49:55,304 INFO com.cts.customerGateway.CheckMeterInCustomer [scheduling-1] Completed check for entry in Customer, found 5 meters which have a Customer record.
2020-06-20 13:49:55,304 INFO com.cts.generator.ProcessInput [scheduling-1] proceeding to process 5 input rows.
2020-06-20 13:49:55,304 INFO com.cts.generator.ProcessInput [scheduling-1] Getting necessary details for mBusFormat.
2020-06-20 13:49:55,307 INFO com.cts.generator.ProcessInput [scheduling-1] Necessary details collected for 5 meters out of a total of 5 meters.
2020-06-20 13:49:55,310 INFO com.cts.utils.InitiateMappingMeterToDetails [scheduling-1] starting to assign productType from Customer.
2020-06-20 13:49:55,315 INFO com.cts.utils.InitiateMappingMeterToDetails [scheduling-1] Checking if meter 5706567274344770 exists in base of previously checked meters.
2020-06-20 13:49:55,316 INFO com.cts.utils.InitiateMappingMeterToDetails [scheduling-1] Found meter 5706567274344770, productType ReactiveEnergy, in in base of previously checked meters.
2020-06-20 13:49:55,317 INFO com.cts.utils.InitiateMappingMeterToDetails [scheduling-1] Checking if meter 5706567274516542 exists in base of previously checked meters.
2020-06-20 13:49:55,317 INFO com.cts.utils.InitiateMappingMeterToDetails [scheduling-1] Found meter 5706567274516542, productType ActiveEnergy, in in base of previously checked meters.
2020-06-20 13:49:55,317 INFO com.cts.utils.InitiateMappingMeterToDetails [scheduling-1] Checking if meter 5706567274787577 exists in base of previously checked meters.
2020-06-20 13:49:55,317 INFO com.cts.utils.InitiateMappingMeterToDetails [scheduling-1] Found meter 5706567274787577, productType ReactiveEnergy, in in base of previously checked meters.
2020-06-20 13:49:55,317 INFO com.cts.utils.InitiateMappingMeterToDetails [scheduling-1] Checking if meter 017836770 exists in base of previously checked meters.
2020-06-20 13:49:55,318 INFO com.cts.utils.InitiateMappingMeterToDetails [scheduling-1] Found meter 017836770, productType DistrictHeatingEnergy, in in base of previously checked meters.
2020-06-20 13:49:55,318 INFO com.cts.utils.InitiateMappingMeterToDetails [scheduling-1] Checking if meter 017836771 exists in base of previously checked meters.
2020-06-20 13:49:55,318 INFO com.cts.utils.InitiateMappingMeterToDetails [scheduling-1] Found meter 017836771, productType DistrictHeatingPower, in in base of previously checked meters.
2020-06-20 13:49:55,318 INFO com.cts.utils.InitiateMappingMeterToDetails [scheduling-1] Completed to retrieve productType for 5 meters out of 5 total distinct meters.
2020-06-20 13:49:55,319 INFO com.cts.generator.ProcessInput [scheduling-1] Will process 5 records for gs2 file - mBusFormat.
2020-06-20 13:49:57,534 INFO com.cts.generator.GeneratorForLastHourlyStand [scheduling-1] Could not get previous meter stand for meter 017836770 from the DB, will use current stand as 1st stand ever.
2020-06-20 13:49:57,677 INFO com.cts.generator.GeneratorForLastHourlyStand [scheduling-1] There are missing 732 day stands for meter 017836770. Last stand date from DB is 2017-01-01T00:00:00.000+01:00, current stand date is 2019-01-03T00:01:00.000+01:00. Will create day stands for 732 days.
2020-06-20 13:49:58,171 INFO com.cts.generator.GeneratorForLastHourlyStand [scheduling-1] There are missing 732 day stands for meter 017836771. Last stand date from DB is 2017-01-01T00:00:00.000+01:00, current stand date is 2019-01-03T00:02:00.000+01:00. Will create day stands for 732 days.
2020-06-20 13:49:58,232 INFO com.cts.generator.ProcessInput [scheduling-1] Created hourlyVolume GS2 file from input.
2020-06-20 13:49:58,236 INFO com.cts.ioutils.OutputFileWriter [scheduling-1] Starting writeOutput to print LastHourlyStand.
2020-06-20 13:49:58,251 INFO com.cts.ioutils.OutputFileWriter [scheduling-1] Completed writeOutput.
2020-06-20 13:49:58,251 INFO com.cts.controller.Controller [scheduling-1] GS2 file for input file bus_1_TimestampRead_1592653792092.txt written to C:\Users\ronend\Desktop\BKKE_BASE_FOLDER\M-bus\Test\Processed\.
2020-06-20 13:49:58,251 INFO com.cts.controller.Controller [scheduling-1] Starting to move used input files to C:\Users\ronend\Desktop\BKKE_BASE_FOLDER\M-bus\Test\Used\.
2020-06-20 13:49:58,258 INFO com.cts.utils.MoveUsedInputFilesToUsedFolder [scheduling-1] bus_1_TimestampRead_1592653792092.txt moved to C:\Users\ronend\Desktop\BKKE_BASE_FOLDER\M-bus\Test\Used\ .
2020-06-20 13:49:58,259 INFO com.cts.controller.Controller [scheduling-1] Completed processing in 6 seconds.
2020-06-20 13:49:58,259 INFO com.cts.controller.Controller [scheduling-1] Scan for new input files will be performed in 10 minutes according to scheduling plan.
2020-06-20 13:49:58,259 INFO com.cts.controller.Controller [scheduling-1] Completed processing C:\Users\ronend\Desktop\BKKE_BASE_FOLDER\M-bus in 6 seconds.
2020-06-20 13:49:58,259 INFO com.cts.controller.Controller [scheduling-1] Scanning for sub directories for gamleAnleggFormat in C:\Users\ronend\Desktop\BKKE_BASE_FOLDER\QKunde.
2020-06-20 13:49:58,259 INFO com.cts.utils.GetListOfSubDirectories [scheduling-1] Scanning C:\Users\ronend\Desktop\BKKE_BASE_FOLDER\QKunde\ for existing sub-directories.
2020-06-20 13:49:58,262 INFO com.cts.controller.Controller [scheduling-1] Found 3 sub-folders for gamleAnleggFormat - one for each meter data collection system .
2020-06-20 13:49:58,262 INFO com.cts.controller.Controller [scheduling-1] Scanning for new input file/s for gamleAnleggFormat in C:\Users\ronend\Desktop\BKKE_BASE_FOLDER\QKunde\Borettslag_1.
2020-06-20 13:49:58,263 INFO com.cts.controller.Controller [scheduling-1] Found 0 new input file/s.
2020-06-20 13:49:58,263 INFO com.cts.controller.Controller [scheduling-1] Scanning for new input file/s for gamleAnleggFormat in C:\Users\ronend\Desktop\BKKE_BASE_FOLDER\QKunde\Borettslag_2.
2020-06-20 13:49:58,265 INFO com.cts.controller.Controller [scheduling-1] Found 0 new input file/s.
2020-06-20 13:49:58,266 INFO com.cts.controller.Controller [scheduling-1] Scanning for new input file/s for gamleAnleggFormat in C:\Users\ronend\Desktop\BKKE_BASE_FOLDER\QKunde\Borettslag_3.
2020-06-20 13:49:58,267 INFO com.cts.controller.Controller [scheduling-1] Found 0 new input file/s.
2020-06-20 13:49:58,268 INFO com.cts.controller.Controller [scheduling-1] Completed processing C:\Users\ronend\Desktop\BKKE_BASE_FOLDER\QKunde in 6 seconds.
2020-06-20 13:49:58,268 INFO com.cts.controller.Controller [scheduling-1] Completed processing in 6 seconds.
2020-06-20 13:49:58,268 INFO com.cts.controller.Controller [scheduling-1] Scan for new input files will be performed in 10 minutes according to scheduling plan.
2020-06-20 13:56:37,417 INFO org.springframework.boot.StartupInfoLogger [main] Starting StartPoint on NOLI125045 with PID 18616 (C:\sandbox\BKK_EnergiTjenester_SpringBoot\target\classes started by ronend in C:\sandbox\BKK_EnergiTjenester_SpringBoot)
2020-06-20 13:56:37,422 INFO org.springframework.boot.SpringApplication [main] No active profile set, falling back to default profiles: default
2020-06-20 13:56:39,151 INFO org.springframework.scheduling.concurrent.ExecutorConfigurationSupport [main] Initializing ExecutorService 'taskScheduler'
2020-06-20 13:56:39,202 INFO com.cts.utils.GetListOfSubDirectories [scheduling-1] Scanning C:\Users\ronend\Desktop\BKKE_BASE_FOLDER for existing sub-directories.
2020-06-20 13:56:39,209 INFO org.springframework.boot.StartupInfoLogger [main] Started StartPoint in 2.669 seconds (JVM running for 3.479)
2020-06-20 13:56:39,216 INFO com.zaxxer.hikari.HikariDataSource [main] HikariPool-1 - Starting...
2020-06-20 13:56:39,246 INFO com.cts.controller.Controller [scheduling-1] Found 6 sub-directories - one directory per file format.
2020-06-20 13:56:39,246 INFO com.cts.controller.Controller [scheduling-1] Scanning for sub directories for circutorPLCFormat in C:\Users\ronend\Desktop\BKKE_BASE_FOLDER\CircutorPLC.
2020-06-20 13:56:39,246 INFO com.cts.utils.GetListOfSubDirectories [scheduling-1] Scanning C:\Users\ronend\Desktop\BKKE_BASE_FOLDER\CircutorPLC\ for existing sub-directories.
2020-06-20 13:56:39,249 INFO com.cts.controller.Controller [scheduling-1] Found 3 sub-folders for circutorPLCFormat - one for each meter data collection system .
2020-06-20 13:56:39,250 INFO com.cts.controller.Controller [scheduling-1] Scanning for new input file/s for circutorPLCFormat in C:\Users\ronend\Desktop\BKKE_BASE_FOLDER\CircutorPLC\Borettslag_1.
2020-06-20 13:56:39,262 INFO com.cts.controller.Controller [scheduling-1] Found 0 new input file/s.
2020-06-20 13:56:39,263 INFO com.cts.controller.Controller [scheduling-1] Scanning for new input file/s for circutorPLCFormat in C:\Users\ronend\Desktop\BKKE_BASE_FOLDER\CircutorPLC\Borettslag_2.
2020-06-20 13:56:39,264 INFO com.cts.controller.Controller [scheduling-1] Found 0 new input file/s.
2020-06-20 13:56:39,265 INFO com.cts.controller.Controller [scheduling-1] Scanning for new input file/s for circutorPLCFormat in C:\Users\ronend\Desktop\BKKE_BASE_FOLDER\CircutorPLC\Borettslag_3.
2020-06-20 13:56:39,266 INFO com.cts.controller.Controller [scheduling-1] Found 0 new input file/s.
2020-06-20 13:56:39,267 INFO com.cts.controller.Controller [scheduling-1] Completed processing C:\Users\ronend\Desktop\BKKE_BASE_FOLDER\CircutorPLC in 0 seconds.
2020-06-20 13:56:39,267 INFO com.cts.controller.Controller [scheduling-1] Scanning for sub directories for forbruksImportFormat in C:\Users\ronend\Desktop\BKKE_BASE_FOLDER\Forbruk.
2020-06-20 13:56:39,267 INFO com.cts.utils.GetListOfSubDirectories [scheduling-1] Scanning C:\Users\ronend\Desktop\BKKE_BASE_FOLDER\Forbruk\ for existing sub-directories.
2020-06-20 13:56:39,279 INFO com.cts.controller.Controller [scheduling-1] Found 3 sub-folders for forbruksImportFormat - one for each meter data collection system .
2020-06-20 13:56:39,280 INFO com.cts.controller.Controller [scheduling-1] Scanning for new input file/s for forbruksImportFormat in C:\Users\ronend\Desktop\BKKE_BASE_FOLDER\Forbruk\Borettslag_1.
2020-06-20 13:56:39,281 INFO com.cts.controller.Controller [scheduling-1] Found 0 new input file/s.
2020-06-20 13:56:39,282 INFO com.cts.controller.Controller [scheduling-1] Scanning for new input file/s for forbruksImportFormat in C:\Users\ronend\Desktop\BKKE_BASE_FOLDER\Forbruk\Borettslag_2.
2020-06-20 13:56:39,283 INFO com.cts.controller.Controller [scheduling-1] Found 0 new input file/s.
2020-06-20 13:56:39,283 INFO com.cts.controller.Controller [scheduling-1] Scanning for new input file/s for forbruksImportFormat in C:\Users\ronend\Desktop\BKKE_BASE_FOLDER\Forbruk\Borettslag_3.
2020-06-20 13:56:39,286 INFO com.cts.controller.Controller [scheduling-1] Found 0 new input file/s.
2020-06-20 13:56:39,286 INFO com.cts.controller.Controller [scheduling-1] Completed processing C:\Users\ronend\Desktop\BKKE_BASE_FOLDER\Forbruk in 0 seconds.
2020-06-20 13:56:39,286 INFO com.cts.controller.Controller [scheduling-1] Scanning for sub directories for VBVFormat in C:\Users\ronend\Desktop\BKKE_BASE_FOLDER\KamstrupVBV.
2020-06-20 13:56:39,286 INFO com.cts.utils.GetListOfSubDirectories [scheduling-1] Scanning C:\Users\ronend\Desktop\BKKE_BASE_FOLDER\KamstrupVBV\ for existing sub-directories.
2020-06-20 13:56:39,289 INFO com.cts.controller.Controller [scheduling-1] Found 3 sub-folders for VBVFormat - one for each meter data collection system .
2020-06-20 13:56:39,289 INFO com.cts.controller.Controller [scheduling-1] Scanning for new input file/s for VBVFormat in C:\Users\ronend\Desktop\BKKE_BASE_FOLDER\KamstrupVBV\Borettslag_1.
2020-06-20 13:56:39,290 INFO com.cts.controller.Controller [scheduling-1] Found 0 new input file/s.
2020-06-20 13:56:39,291 INFO com.cts.controller.Controller [scheduling-1] Scanning for new input file/s for VBVFormat in C:\Users\ronend\Desktop\BKKE_BASE_FOLDER\KamstrupVBV\Borettslag_2.
2020-06-20 13:56:39,292 INFO com.cts.controller.Controller [scheduling-1] Found 0 new input file/s.
2020-06-20 13:56:39,292 INFO com.cts.controller.Controller [scheduling-1] Scanning for new input file/s for VBVFormat in C:\Users\ronend\Desktop\BKKE_BASE_FOLDER\KamstrupVBV\Borettslag_3.
2020-06-20 13:56:39,294 INFO com.cts.controller.Controller [scheduling-1] Found 0 new input file/s.
2020-06-20 13:56:39,294 INFO com.cts.controller.Controller [scheduling-1] Completed processing C:\Users\ronend\Desktop\BKKE_BASE_FOLDER\KamstrupVBV in 0 seconds.
2020-06-20 13:56:39,294 INFO com.cts.controller.Controller [scheduling-1] Scanning for sub directories for VTFormat in C:\Users\ronend\Desktop\BKKE_BASE_FOLDER\KamstrupVT.
2020-06-20 13:56:39,294 INFO com.cts.utils.GetListOfSubDirectories [scheduling-1] Scanning C:\Users\ronend\Desktop\BKKE_BASE_FOLDER\KamstrupVT\ for existing sub-directories.
2020-06-20 13:56:39,297 INFO com.cts.controller.Controller [scheduling-1] Found 3 sub-folders for VTFormat - one for each meter data collection system .
2020-06-20 13:56:39,297 INFO com.cts.controller.Controller [scheduling-1] Scanning for new input file/s for VTFormat in C:\Users\ronend\Desktop\BKKE_BASE_FOLDER\KamstrupVT\Borettslag_1.
2020-06-20 13:56:39,298 INFO com.cts.controller.Controller [scheduling-1] Found 0 new input file/s.
2020-06-20 13:56:39,298 INFO com.cts.controller.Controller [scheduling-1] Scanning for new input file/s for VTFormat in C:\Users\ronend\Desktop\BKKE_BASE_FOLDER\KamstrupVT\Borettslag_2.
2020-06-20 13:56:39,300 INFO com.cts.controller.Controller [scheduling-1] Found 0 new input file/s.
2020-06-20 13:56:39,300 INFO com.cts.controller.Controller [scheduling-1] Scanning for new input file/s for VTFormat in C:\Users\ronend\Desktop\BKKE_BASE_FOLDER\KamstrupVT\Borettslag_3.
2020-06-20 13:56:39,301 INFO com.cts.controller.Controller [scheduling-1] Found 0 new input file/s.
2020-06-20 13:56:39,301 INFO com.cts.controller.Controller [scheduling-1] Completed processing C:\Users\ronend\Desktop\BKKE_BASE_FOLDER\KamstrupVT in 0 seconds.
2020-06-20 13:56:39,301 INFO com.cts.controller.Controller [scheduling-1] Scanning for sub directories for mBusFormat in C:\Users\ronend\Desktop\BKKE_BASE_FOLDER\M-bus.
2020-06-20 13:56:39,301 INFO com.cts.utils.GetListOfSubDirectories [scheduling-1] Scanning C:\Users\ronend\Desktop\BKKE_BASE_FOLDER\M-bus\ for existing sub-directories.
2020-06-20 13:56:39,304 INFO com.cts.controller.Controller [scheduling-1] Found 4 sub-folders for mBusFormat - one for each meter data collection system .
2020-06-20 13:56:39,305 INFO com.cts.controller.Controller [scheduling-1] Scanning for new input file/s for mBusFormat in C:\Users\ronend\Desktop\BKKE_BASE_FOLDER\M-bus\Borettslag_1.
2020-06-20 13:56:39,306 INFO com.cts.controller.Controller [scheduling-1] Found 0 new input file/s.
2020-06-20 13:56:39,306 INFO com.cts.controller.Controller [scheduling-1] Scanning for new input file/s for mBusFormat in C:\Users\ronend\Desktop\BKKE_BASE_FOLDER\M-bus\Borettslag_2.
2020-06-20 13:56:39,307 INFO com.cts.controller.Controller [scheduling-1] Found 0 new input file/s.
2020-06-20 13:56:39,307 INFO com.cts.controller.Controller [scheduling-1] Scanning for new input file/s for mBusFormat in C:\Users\ronend\Desktop\BKKE_BASE_FOLDER\M-bus\Borettslag_3.
2020-06-20 13:56:39,309 INFO com.cts.controller.Controller [scheduling-1] Found 0 new input file/s.
2020-06-20 13:56:39,309 INFO com.cts.controller.Controller [scheduling-1] Scanning for new input file/s for mBusFormat in C:\Users\ronend\Desktop\BKKE_BASE_FOLDER\M-bus\Test.
2020-06-20 13:56:39,319 INFO com.cts.controller.Controller [scheduling-1] Found 1 new input file/s.
2020-06-20 13:56:39,319 INFO com.cts.controller.Controller [scheduling-1] Found input file: bus_1_TimestampRead_1592654199311.txt.
2020-06-20 13:56:39,321 INFO com.cts.generator.ProcessInput [scheduling-1] Start processing input file bus_1_TimestampRead_1592654199311.txt.
2020-06-20 13:56:39,323 INFO com.cts.ioutils.InputFileReader [scheduling-1] Starting to read bus_1_TimestampRead_1592654199311.txt.
2020-06-20 13:56:39,324 INFO com.cts.ioutils.InputFileReader [scheduling-1] Completed reading. Total rows read = 5.
2020-06-20 13:56:39,324 INFO com.cts.generator.ProcessInput [scheduling-1] Collected 5 input rows.
2020-06-20 13:56:39,324 INFO com.cts.generator.ProcessInput [scheduling-1] Checking correct date format.
2020-06-20 13:56:39,393 INFO com.cts.utils.VerifyDateFormat [scheduling-1] Completed checking 5 rows, out of which 5 have correct date format.
2020-06-20 13:56:39,393 INFO com.cts.utils.VerifyDateFormat [scheduling-1] Checked date for 5 rows in less than a second.
2020-06-20 13:56:39,393 INFO com.cts.generator.ProcessInput [scheduling-1] Checking correct number format.
2020-06-20 13:56:39,396 INFO com.cts.utils.VerifyNumberFormat [scheduling-1] Completed checking 5 rows, out of which 5 have correct number format.
2020-06-20 13:56:39,396 INFO com.cts.utils.VerifyNumberFormat [scheduling-1] Checked number for 5 rows in less than a second.
2020-06-20 13:56:39,396 INFO com.cts.generator.ProcessInput [scheduling-1] Received 5 input rows, will check for an entry in customer for distinct meters in the input.
2020-06-20 13:56:39,408 INFO com.cts.customerGateway.CheckMeterInCustomer [scheduling-1] Starting to check for Customer record.
2020-06-20 13:56:39,668 INFO com.zaxxer.hikari.HikariDataSource [main] HikariPool-1 - Start completed.
2020-06-20 13:56:41,702 INFO com.cts.customerGateway.CheckMeterInCustomer [scheduling-1] Found 5 distinct meters. Will check for a Customer registry for each.
2020-06-20 13:56:41,729 INFO com.cts.customerGateway.CheckMeterInCustomer [scheduling-1] Got meter details for meter 5706567274344770, UNIT kVArh, from internal local H2 DB.
2020-06-20 13:56:41,730 INFO com.cts.customerGateway.CheckMeterInCustomer [scheduling-1] Got meter details for meter 5706567274516542, UNIT kWh, from internal local H2 DB.
2020-06-20 13:56:41,730 INFO com.cts.customerGateway.CheckMeterInCustomer [scheduling-1] Got meter details for meter 5706567274787577, UNIT kVArh, from internal local H2 DB.
2020-06-20 13:56:41,731 INFO com.cts.customerGateway.CheckMeterInCustomer [scheduling-1] Got meter details for meter 017836770, UNIT kWh, from internal local H2 DB.
2020-06-20 13:56:41,731 INFO com.cts.customerGateway.CheckMeterInCustomer [scheduling-1] Got meter details for meter 017836771, UNIT kW, from internal local H2 DB.
2020-06-20 13:56:41,731 INFO com.cts.customerGateway.CheckMeterInCustomer [scheduling-1] So far checked 5 meters. Out of which 5 has Customer entry.
2020-06-20 13:56:41,732 INFO com.cts.customerGateway.CheckMeterInCustomer [scheduling-1] Time to check 5 meters =  0 seconds.
2020-06-20 13:56:41,732 INFO com.cts.customerGateway.CheckMeterInCustomer [scheduling-1] Completed check for entry in Customer, found 5 meters which have a Customer record.
2020-06-20 13:56:41,732 INFO com.cts.generator.ProcessInput [scheduling-1] proceeding to process 5 input rows.
2020-06-20 13:56:41,732 INFO com.cts.generator.ProcessInput [scheduling-1] Getting necessary details for mBusFormat.
2020-06-20 13:56:41,734 INFO com.cts.generator.ProcessInput [scheduling-1] Necessary details collected for 5 meters out of a total of 5 meters.
2020-06-20 13:56:41,738 INFO com.cts.utils.InitiateMappingMeterToDetails [scheduling-1] starting to assign productType from Customer.
2020-06-20 13:56:41,743 INFO com.cts.utils.InitiateMappingMeterToDetails [scheduling-1] Checking if meter 5706567274344770 exists in base of previously checked meters.
2020-06-20 13:56:41,744 INFO com.cts.utils.InitiateMappingMeterToDetails [scheduling-1] Found meter 5706567274344770, productType ReactiveEnergy, in in base of previously checked meters.
2020-06-20 13:56:41,744 INFO com.cts.utils.InitiateMappingMeterToDetails [scheduling-1] Checking if meter 5706567274516542 exists in base of previously checked meters.
2020-06-20 13:56:41,744 INFO com.cts.utils.InitiateMappingMeterToDetails [scheduling-1] Found meter 5706567274516542, productType ActiveEnergy, in in base of previously checked meters.
2020-06-20 13:56:41,744 INFO com.cts.utils.InitiateMappingMeterToDetails [scheduling-1] Checking if meter 5706567274787577 exists in base of previously checked meters.
2020-06-20 13:56:41,745 INFO com.cts.utils.InitiateMappingMeterToDetails [scheduling-1] Found meter 5706567274787577, productType ReactiveEnergy, in in base of previously checked meters.
2020-06-20 13:56:41,745 INFO com.cts.utils.InitiateMappingMeterToDetails [scheduling-1] Checking if meter 017836770 exists in base of previously checked meters.
2020-06-20 13:56:41,745 INFO com.cts.utils.InitiateMappingMeterToDetails [scheduling-1] Found meter 017836770, productType DistrictHeatingEnergy, in in base of previously checked meters.
2020-06-20 13:56:41,745 INFO com.cts.utils.InitiateMappingMeterToDetails [scheduling-1] Checking if meter 017836771 exists in base of previously checked meters.
2020-06-20 13:56:41,745 INFO com.cts.utils.InitiateMappingMeterToDetails [scheduling-1] Found meter 017836771, productType DistrictHeatingPower, in in base of previously checked meters.
2020-06-20 13:56:41,746 INFO com.cts.utils.InitiateMappingMeterToDetails [scheduling-1] Completed to retrieve productType for 5 meters out of 5 total distinct meters.
2020-06-20 13:56:41,746 INFO com.cts.generator.ProcessInput [scheduling-1] Will process 5 records for gs2 file - mBusFormat.
2020-06-20 13:56:43,417 INFO com.cts.generator.GeneratorForLastHourlyStand [scheduling-1] Could not get previous meter stand for meter 017836770 from the DB, will use current stand as 1st stand ever.
2020-06-20 13:56:43,564 INFO com.cts.generator.GeneratorForLastHourlyStand [scheduling-1] There are missing 732 day stands for meter 017836770. Last stand date from DB is 2017-01-01T00:00:00.000+01:00, current stand date is 2019-01-03T00:01:00.000+01:00. Will create day stands for 732 days.
2020-06-20 13:56:43,962 INFO com.cts.generator.GeneratorForLastHourlyStand [scheduling-1] There are missing 732 day stands for meter 017836771. Last stand date from DB is 2017-01-01T00:00:00.000+01:00, current stand date is 2019-01-03T00:02:00.000+01:00. Will create day stands for 732 days.
2020-06-20 13:56:44,009 INFO com.cts.generator.ProcessInput [scheduling-1] Created hourlyVolume GS2 file from input.
2020-06-20 13:56:44,011 INFO com.cts.ioutils.OutputFileWriter [scheduling-1] Starting writeOutput to print LastHourlyStand.
2020-06-20 13:56:44,027 INFO com.cts.ioutils.OutputFileWriter [scheduling-1] Completed writeOutput.
2020-06-20 13:56:44,028 INFO com.cts.controller.Controller [scheduling-1] GS2 file for input file bus_1_TimestampRead_1592654199311.txt written to C:\Users\ronend\Desktop\BKKE_BASE_FOLDER\M-bus\Test\Processed\.
2020-06-20 13:56:44,028 INFO com.cts.controller.Controller [scheduling-1] Starting to move used input files to C:\Users\ronend\Desktop\BKKE_BASE_FOLDER\M-bus\Test\Used\.
2020-06-20 13:56:44,039 INFO com.cts.utils.MoveUsedInputFilesToUsedFolder [scheduling-1] bus_1_TimestampRead_1592654199311.txt moved to C:\Users\ronend\Desktop\BKKE_BASE_FOLDER\M-bus\Test\Used\ .
2020-06-20 13:56:44,039 INFO com.cts.controller.Controller [scheduling-1] Completed processing in 4 seconds.
2020-06-20 13:56:44,039 INFO com.cts.controller.Controller [scheduling-1] Scan for new input files will be performed in 10 minutes according to scheduling plan.
2020-06-20 13:56:44,039 INFO com.cts.controller.Controller [scheduling-1] Completed processing C:\Users\ronend\Desktop\BKKE_BASE_FOLDER\M-bus in 4 seconds.
2020-06-20 13:56:44,040 INFO com.cts.controller.Controller [scheduling-1] Scanning for sub directories for gamleAnleggFormat in C:\Users\ronend\Desktop\BKKE_BASE_FOLDER\QKunde.
2020-06-20 13:56:44,040 INFO com.cts.utils.GetListOfSubDirectories [scheduling-1] Scanning C:\Users\ronend\Desktop\BKKE_BASE_FOLDER\QKunde\ for existing sub-directories.
2020-06-20 13:56:44,042 INFO com.cts.controller.Controller [scheduling-1] Found 3 sub-folders for gamleAnleggFormat - one for each meter data collection system .
2020-06-20 13:56:44,043 INFO com.cts.controller.Controller [scheduling-1] Scanning for new input file/s for gamleAnleggFormat in C:\Users\ronend\Desktop\BKKE_BASE_FOLDER\QKunde\Borettslag_1.
2020-06-20 13:56:44,046 INFO com.cts.controller.Controller [scheduling-1] Found 0 new input file/s.
2020-06-20 13:56:44,047 INFO com.cts.controller.Controller [scheduling-1] Scanning for new input file/s for gamleAnleggFormat in C:\Users\ronend\Desktop\BKKE_BASE_FOLDER\QKunde\Borettslag_2.
2020-06-20 13:56:44,054 INFO com.cts.controller.Controller [scheduling-1] Found 0 new input file/s.
2020-06-20 13:56:44,055 INFO com.cts.controller.Controller [scheduling-1] Scanning for new input file/s for gamleAnleggFormat in C:\Users\ronend\Desktop\BKKE_BASE_FOLDER\QKunde\Borettslag_3.
2020-06-20 13:56:44,057 INFO com.cts.controller.Controller [scheduling-1] Found 0 new input file/s.
2020-06-20 13:56:44,057 INFO com.cts.controller.Controller [scheduling-1] Completed processing C:\Users\ronend\Desktop\BKKE_BASE_FOLDER\QKunde in 4 seconds.
2020-06-20 13:56:44,058 INFO com.cts.controller.Controller [scheduling-1] Completed processing in 4 seconds.
2020-06-20 13:56:44,058 INFO com.cts.controller.Controller [scheduling-1] Scan for new input files will be performed in 10 minutes according to scheduling plan.
2020-06-20 14:00:23,313 INFO org.springframework.boot.StartupInfoLogger [main] Starting StartPoint on NOLI125045 with PID 17384 (C:\sandbox\BKK_EnergiTjenester_SpringBoot\target\classes started by ronend in C:\sandbox\BKK_EnergiTjenester_SpringBoot)
2020-06-20 14:00:23,318 INFO org.springframework.boot.SpringApplication [main] No active profile set, falling back to default profiles: default
2020-06-20 14:00:24,857 INFO org.springframework.scheduling.concurrent.ExecutorConfigurationSupport [main] Initializing ExecutorService 'taskScheduler'
2020-06-20 14:00:24,918 INFO com.cts.utils.GetListOfSubDirectories [scheduling-1] Scanning C:\Users\ronend\Desktop\BKKE_BASE_FOLDER for existing sub-directories.
2020-06-20 14:00:24,924 INFO org.springframework.boot.StartupInfoLogger [main] Started StartPoint in 2.444 seconds (JVM running for 3.312)
2020-06-20 14:00:24,938 INFO com.zaxxer.hikari.HikariDataSource [main] HikariPool-1 - Starting...
2020-06-20 14:00:24,963 INFO com.cts.controller.Controller [scheduling-1] Found 6 sub-directories - one directory per file format.
2020-06-20 14:00:24,964 INFO com.cts.controller.Controller [scheduling-1] Scanning for sub directories for circutorPLCFormat in C:\Users\ronend\Desktop\BKKE_BASE_FOLDER\CircutorPLC.
2020-06-20 14:00:24,965 INFO com.cts.utils.GetListOfSubDirectories [scheduling-1] Scanning C:\Users\ronend\Desktop\BKKE_BASE_FOLDER\CircutorPLC\ for existing sub-directories.
2020-06-20 14:00:24,969 INFO com.cts.controller.Controller [scheduling-1] Found 3 sub-folders for circutorPLCFormat - one for each meter data collection system .
2020-06-20 14:00:24,969 INFO com.cts.controller.Controller [scheduling-1] Scanning for new input file/s for circutorPLCFormat in C:\Users\ronend\Desktop\BKKE_BASE_FOLDER\CircutorPLC\Borettslag_1.
2020-06-20 14:00:24,974 INFO com.cts.controller.Controller [scheduling-1] Found 0 new input file/s.
2020-06-20 14:00:24,974 INFO com.cts.controller.Controller [scheduling-1] Scanning for new input file/s for circutorPLCFormat in C:\Users\ronend\Desktop\BKKE_BASE_FOLDER\CircutorPLC\Borettslag_2.
2020-06-20 14:00:24,980 INFO com.cts.controller.Controller [scheduling-1] Found 0 new input file/s.
2020-06-20 14:00:24,981 INFO com.cts.controller.Controller [scheduling-1] Scanning for new input file/s for circutorPLCFormat in C:\Users\ronend\Desktop\BKKE_BASE_FOLDER\CircutorPLC\Borettslag_3.
2020-06-20 14:00:24,986 INFO com.cts.controller.Controller [scheduling-1] Found 0 new input file/s.
2020-06-20 14:00:24,986 INFO com.cts.controller.Controller [scheduling-1] Completed processing C:\Users\ronend\Desktop\BKKE_BASE_FOLDER\CircutorPLC in 0 seconds.
2020-06-20 14:00:24,986 INFO com.cts.controller.Controller [scheduling-1] Scanning for sub directories for forbruksImportFormat in C:\Users\ronend\Desktop\BKKE_BASE_FOLDER\Forbruk.
2020-06-20 14:00:24,986 INFO com.cts.utils.GetListOfSubDirectories [scheduling-1] Scanning C:\Users\ronend\Desktop\BKKE_BASE_FOLDER\Forbruk\ for existing sub-directories.
2020-06-20 14:00:24,990 INFO com.cts.controller.Controller [scheduling-1] Found 3 sub-folders for forbruksImportFormat - one for each meter data collection system .
2020-06-20 14:00:24,990 INFO com.cts.controller.Controller [scheduling-1] Scanning for new input file/s for forbruksImportFormat in C:\Users\ronend\Desktop\BKKE_BASE_FOLDER\Forbruk\Borettslag_1.
2020-06-20 14:00:24,991 INFO com.cts.controller.Controller [scheduling-1] Found 0 new input file/s.
2020-06-20 14:00:24,992 INFO com.cts.controller.Controller [scheduling-1] Scanning for new input file/s for forbruksImportFormat in C:\Users\ronend\Desktop\BKKE_BASE_FOLDER\Forbruk\Borettslag_2.
2020-06-20 14:00:24,996 INFO com.cts.controller.Controller [scheduling-1] Found 0 new input file/s.
2020-06-20 14:00:24,998 INFO com.cts.controller.Controller [scheduling-1] Scanning for new input file/s for forbruksImportFormat in C:\Users\ronend\Desktop\BKKE_BASE_FOLDER\Forbruk\Borettslag_3.
2020-06-20 14:00:25,004 INFO com.cts.controller.Controller [scheduling-1] Found 0 new input file/s.
2020-06-20 14:00:25,004 INFO com.cts.controller.Controller [scheduling-1] Completed processing C:\Users\ronend\Desktop\BKKE_BASE_FOLDER\Forbruk in 0 seconds.
2020-06-20 14:00:25,005 INFO com.cts.controller.Controller [scheduling-1] Scanning for sub directories for VBVFormat in C:\Users\ronend\Desktop\BKKE_BASE_FOLDER\KamstrupVBV.
2020-06-20 14:00:25,005 INFO com.cts.utils.GetListOfSubDirectories [scheduling-1] Scanning C:\Users\ronend\Desktop\BKKE_BASE_FOLDER\KamstrupVBV\ for existing sub-directories.
2020-06-20 14:00:25,008 INFO com.cts.controller.Controller [scheduling-1] Found 3 sub-folders for VBVFormat - one for each meter data collection system .
2020-06-20 14:00:25,009 INFO com.cts.controller.Controller [scheduling-1] Scanning for new input file/s for VBVFormat in C:\Users\ronend\Desktop\BKKE_BASE_FOLDER\KamstrupVBV\Borettslag_1.
2020-06-20 14:00:25,010 INFO com.cts.controller.Controller [scheduling-1] Found 0 new input file/s.
2020-06-20 14:00:25,011 INFO com.cts.controller.Controller [scheduling-1] Scanning for new input file/s for VBVFormat in C:\Users\ronend\Desktop\BKKE_BASE_FOLDER\KamstrupVBV\Borettslag_2.
2020-06-20 14:00:25,013 INFO com.cts.controller.Controller [scheduling-1] Found 0 new input file/s.
2020-06-20 14:00:25,013 INFO com.cts.controller.Controller [scheduling-1] Scanning for new input file/s for VBVFormat in C:\Users\ronend\Desktop\BKKE_BASE_FOLDER\KamstrupVBV\Borettslag_3.
2020-06-20 14:00:25,015 INFO com.cts.controller.Controller [scheduling-1] Found 0 new input file/s.
2020-06-20 14:00:25,015 INFO com.cts.controller.Controller [scheduling-1] Completed processing C:\Users\ronend\Desktop\BKKE_BASE_FOLDER\KamstrupVBV in 0 seconds.
2020-06-20 14:00:25,015 INFO com.cts.controller.Controller [scheduling-1] Scanning for sub directories for VTFormat in C:\Users\ronend\Desktop\BKKE_BASE_FOLDER\KamstrupVT.
2020-06-20 14:00:25,015 INFO com.cts.utils.GetListOfSubDirectories [scheduling-1] Scanning C:\Users\ronend\Desktop\BKKE_BASE_FOLDER\KamstrupVT\ for existing sub-directories.
2020-06-20 14:00:25,019 INFO com.cts.controller.Controller [scheduling-1] Found 3 sub-folders for VTFormat - one for each meter data collection system .
2020-06-20 14:00:25,019 INFO com.cts.controller.Controller [scheduling-1] Scanning for new input file/s for VTFormat in C:\Users\ronend\Desktop\BKKE_BASE_FOLDER\KamstrupVT\Borettslag_1.
2020-06-20 14:00:25,020 INFO com.cts.controller.Controller [scheduling-1] Found 0 new input file/s.
2020-06-20 14:00:25,020 INFO com.cts.controller.Controller [scheduling-1] Scanning for new input file/s for VTFormat in C:\Users\ronend\Desktop\BKKE_BASE_FOLDER\KamstrupVT\Borettslag_2.
2020-06-20 14:00:25,022 INFO com.cts.controller.Controller [scheduling-1] Found 0 new input file/s.
2020-06-20 14:00:25,022 INFO com.cts.controller.Controller [scheduling-1] Scanning for new input file/s for VTFormat in C:\Users\ronend\Desktop\BKKE_BASE_FOLDER\KamstrupVT\Borettslag_3.
2020-06-20 14:00:25,023 INFO com.cts.controller.Controller [scheduling-1] Found 0 new input file/s.
2020-06-20 14:00:25,024 INFO com.cts.controller.Controller [scheduling-1] Completed processing C:\Users\ronend\Desktop\BKKE_BASE_FOLDER\KamstrupVT in 0 seconds.
2020-06-20 14:00:25,024 INFO com.cts.controller.Controller [scheduling-1] Scanning for sub directories for mBusFormat in C:\Users\ronend\Desktop\BKKE_BASE_FOLDER\M-bus.
2020-06-20 14:00:25,024 INFO com.cts.utils.GetListOfSubDirectories [scheduling-1] Scanning C:\Users\ronend\Desktop\BKKE_BASE_FOLDER\M-bus\ for existing sub-directories.
2020-06-20 14:00:25,028 INFO com.cts.controller.Controller [scheduling-1] Found 4 sub-folders for mBusFormat - one for each meter data collection system .
2020-06-20 14:00:25,028 INFO com.cts.controller.Controller [scheduling-1] Scanning for new input file/s for mBusFormat in C:\Users\ronend\Desktop\BKKE_BASE_FOLDER\M-bus\Borettslag_1.
2020-06-20 14:00:25,029 INFO com.cts.controller.Controller [scheduling-1] Found 0 new input file/s.
2020-06-20 14:00:25,030 INFO com.cts.controller.Controller [scheduling-1] Scanning for new input file/s for mBusFormat in C:\Users\ronend\Desktop\BKKE_BASE_FOLDER\M-bus\Borettslag_2.
2020-06-20 14:00:25,031 INFO com.cts.controller.Controller [scheduling-1] Found 0 new input file/s.
2020-06-20 14:00:25,031 INFO com.cts.controller.Controller [scheduling-1] Scanning for new input file/s for mBusFormat in C:\Users\ronend\Desktop\BKKE_BASE_FOLDER\M-bus\Borettslag_3.
2020-06-20 14:00:25,033 INFO com.cts.controller.Controller [scheduling-1] Found 0 new input file/s.
2020-06-20 14:00:25,033 INFO com.cts.controller.Controller [scheduling-1] Scanning for new input file/s for mBusFormat in C:\Users\ronend\Desktop\BKKE_BASE_FOLDER\M-bus\Test.
2020-06-20 14:00:25,055 INFO com.cts.controller.Controller [scheduling-1] Found 1 new input file/s.
2020-06-20 14:00:25,055 INFO com.cts.controller.Controller [scheduling-1] Found input file: bus_1_TimestampRead_1592654425036.txt.
2020-06-20 14:00:25,058 INFO com.cts.generator.ProcessInput [scheduling-1] Start processing input file bus_1_TimestampRead_1592654425036.txt.
2020-06-20 14:00:25,059 INFO com.cts.ioutils.InputFileReader [scheduling-1] Starting to read bus_1_TimestampRead_1592654425036.txt.
2020-06-20 14:00:25,062 INFO com.cts.ioutils.InputFileReader [scheduling-1] Completed reading. Total rows read = 5.
2020-06-20 14:00:25,062 INFO com.cts.generator.ProcessInput [scheduling-1] Collected 5 input rows.
2020-06-20 14:00:25,062 INFO com.cts.generator.ProcessInput [scheduling-1] Checking correct date format.
2020-06-20 14:00:25,176 INFO com.cts.utils.VerifyDateFormat [scheduling-1] Completed checking 5 rows, out of which 5 have correct date format.
2020-06-20 14:00:25,177 INFO com.cts.utils.VerifyDateFormat [scheduling-1] Checked date for 5 rows in less than a second.
2020-06-20 14:00:25,177 INFO com.cts.generator.ProcessInput [scheduling-1] Checking correct number format.
2020-06-20 14:00:25,180 INFO com.cts.utils.VerifyNumberFormat [scheduling-1] Completed checking 5 rows, out of which 5 have correct number format.
2020-06-20 14:00:25,180 INFO com.cts.utils.VerifyNumberFormat [scheduling-1] Checked number for 5 rows in less than a second.
2020-06-20 14:00:25,180 INFO com.cts.generator.ProcessInput [scheduling-1] Received 5 input rows, will check for an entry in customer for distinct meters in the input.
2020-06-20 14:00:25,187 INFO com.cts.customerGateway.CheckMeterInCustomer [scheduling-1] Starting to check for Customer record.
2020-06-20 14:00:25,405 INFO com.zaxxer.hikari.HikariDataSource [main] HikariPool-1 - Start completed.
2020-06-20 14:00:28,433 INFO com.cts.customerGateway.CheckMeterInCustomer [scheduling-1] Found 5 distinct meters. Will check for a Customer registry for each.
2020-06-20 14:00:28,463 INFO com.cts.customerGateway.CheckMeterInCustomer [scheduling-1] Got meter details for meter 5706567274344770, UNIT kVArh, from internal local H2 DB.
2020-06-20 14:00:28,464 INFO com.cts.customerGateway.CheckMeterInCustomer [scheduling-1] Got meter details for meter 5706567274516542, UNIT kWh, from internal local H2 DB.
2020-06-20 14:00:28,464 INFO com.cts.customerGateway.CheckMeterInCustomer [scheduling-1] Got meter details for meter 5706567274787577, UNIT kVArh, from internal local H2 DB.
2020-06-20 14:00:28,464 INFO com.cts.customerGateway.CheckMeterInCustomer [scheduling-1] Got meter details for meter 017836770, UNIT kWh, from internal local H2 DB.
2020-06-20 14:00:28,465 INFO com.cts.customerGateway.CheckMeterInCustomer [scheduling-1] Got meter details for meter 017836771, UNIT kW, from internal local H2 DB.
2020-06-20 14:00:28,465 INFO com.cts.customerGateway.CheckMeterInCustomer [scheduling-1] So far checked 5 meters. Out of which 5 has Customer entry.
2020-06-20 14:00:28,465 INFO com.cts.customerGateway.CheckMeterInCustomer [scheduling-1] Time to check 5 meters =  0 seconds.
2020-06-20 14:00:28,465 INFO com.cts.customerGateway.CheckMeterInCustomer [scheduling-1] Completed check for entry in Customer, found 5 meters which have a Customer record.
2020-06-20 14:00:28,465 INFO com.cts.generator.ProcessInput [scheduling-1] proceeding to process 5 input rows.
2020-06-20 14:00:28,465 INFO com.cts.generator.ProcessInput [scheduling-1] Getting necessary details for mBusFormat.
2020-06-20 14:00:28,468 INFO com.cts.generator.ProcessInput [scheduling-1] Necessary details collected for 5 meters out of a total of 5 meters.
2020-06-20 14:00:28,472 INFO com.cts.utils.InitiateMappingMeterToDetails [scheduling-1] starting to assign productType from Customer.
2020-06-20 14:00:28,477 INFO com.cts.utils.InitiateMappingMeterToDetails [scheduling-1] Checking if meter 5706567274344770 exists in base of previously checked meters.
2020-06-20 14:00:28,478 INFO com.cts.utils.InitiateMappingMeterToDetails [scheduling-1] Found meter 5706567274344770, productType ReactiveEnergy, in in base of previously checked meters.
2020-06-20 14:00:28,478 INFO com.cts.utils.InitiateMappingMeterToDetails [scheduling-1] Checking if meter 5706567274516542 exists in base of previously checked meters.
2020-06-20 14:00:28,478 INFO com.cts.utils.InitiateMappingMeterToDetails [scheduling-1] Found meter 5706567274516542, productType ActiveEnergy, in in base of previously checked meters.
2020-06-20 14:00:28,478 INFO com.cts.utils.InitiateMappingMeterToDetails [scheduling-1] Checking if meter 5706567274787577 exists in base of previously checked meters.
2020-06-20 14:00:28,478 INFO com.cts.utils.InitiateMappingMeterToDetails [scheduling-1] Found meter 5706567274787577, productType ReactiveEnergy, in in base of previously checked meters.
2020-06-20 14:00:28,479 INFO com.cts.utils.InitiateMappingMeterToDetails [scheduling-1] Checking if meter 017836770 exists in base of previously checked meters.
2020-06-20 14:00:28,479 INFO com.cts.utils.InitiateMappingMeterToDetails [scheduling-1] Found meter 017836770, productType DistrictHeatingEnergy, in in base of previously checked meters.
2020-06-20 14:00:28,479 INFO com.cts.utils.InitiateMappingMeterToDetails [scheduling-1] Checking if meter 017836771 exists in base of previously checked meters.
2020-06-20 14:00:28,479 INFO com.cts.utils.InitiateMappingMeterToDetails [scheduling-1] Found meter 017836771, productType DistrictHeatingPower, in in base of previously checked meters.
2020-06-20 14:00:28,479 INFO com.cts.utils.InitiateMappingMeterToDetails [scheduling-1] Completed to retrieve productType for 5 meters out of 5 total distinct meters.
2020-06-20 14:00:28,480 INFO com.cts.generator.ProcessInput [scheduling-1] Will process 5 records for gs2 file - mBusFormat.
2020-06-20 14:00:30,526 INFO com.cts.generator.GeneratorForLastHourlyStand [scheduling-1] Could not get previous meter stand for meter 017836770 from the DB, will use current stand as 1st stand ever.
2020-06-20 14:00:30,669 INFO com.cts.generator.GeneratorForLastHourlyStand [scheduling-1] There are missing 732 day stands for meter 017836770. Last stand date from DB is 2017-01-01T00:00:00.000+01:00, current stand date is 2019-01-03T00:01:00.000+01:00. Will create day stands for 732 days.
2020-06-20 14:00:31,090 INFO com.cts.generator.GeneratorForLastHourlyStand [scheduling-1] There are missing 732 day stands for meter 017836771. Last stand date from DB is 2017-01-01T00:00:00.000+01:00, current stand date is 2019-01-03T00:02:00.000+01:00. Will create day stands for 732 days.
2020-06-20 14:00:31,143 INFO com.cts.generator.ProcessInput [scheduling-1] Created hourlyVolume GS2 file from input.
2020-06-20 14:00:31,146 INFO com.cts.ioutils.OutputFileWriter [scheduling-1] Starting writeOutput to print LastHourlyStand.
2020-06-20 14:00:31,158 INFO com.cts.ioutils.OutputFileWriter [scheduling-1] Completed writeOutput.
2020-06-20 14:00:31,158 INFO com.cts.controller.Controller [scheduling-1] GS2 file for input file bus_1_TimestampRead_1592654425036.txt written to C:\Users\ronend\Desktop\BKKE_BASE_FOLDER\M-bus\Test\Processed\.
2020-06-20 14:00:31,158 INFO com.cts.controller.Controller [scheduling-1] Starting to move used input files to C:\Users\ronend\Desktop\BKKE_BASE_FOLDER\M-bus\Test\Used\.
2020-06-20 14:00:31,168 INFO com.cts.utils.MoveUsedInputFilesToUsedFolder [scheduling-1] bus_1_TimestampRead_1592654425036.txt moved to C:\Users\ronend\Desktop\BKKE_BASE_FOLDER\M-bus\Test\Used\ .
2020-06-20 14:00:31,169 INFO com.cts.controller.Controller [scheduling-1] Completed processing in 6 seconds.
2020-06-20 14:00:31,169 INFO com.cts.controller.Controller [scheduling-1] Scan for new input files will be performed in 10 minutes according to scheduling plan.
2020-06-20 14:00:31,169 INFO com.cts.controller.Controller [scheduling-1] Completed processing C:\Users\ronend\Desktop\BKKE_BASE_FOLDER\M-bus in 6 seconds.
2020-06-20 14:00:31,169 INFO com.cts.controller.Controller [scheduling-1] Scanning for sub directories for gamleAnleggFormat in C:\Users\ronend\Desktop\BKKE_BASE_FOLDER\QKunde.
2020-06-20 14:00:31,169 INFO com.cts.utils.GetListOfSubDirectories [scheduling-1] Scanning C:\Users\ronend\Desktop\BKKE_BASE_FOLDER\QKunde\ for existing sub-directories.
2020-06-20 14:00:31,172 INFO com.cts.controller.Controller [scheduling-1] Found 3 sub-folders for gamleAnleggFormat - one for each meter data collection system .
2020-06-20 14:00:31,173 INFO com.cts.controller.Controller [scheduling-1] Scanning for new input file/s for gamleAnleggFormat in C:\Users\ronend\Desktop\BKKE_BASE_FOLDER\QKunde\Borettslag_1.
2020-06-20 14:00:31,174 INFO com.cts.controller.Controller [scheduling-1] Found 0 new input file/s.
2020-06-20 14:00:31,174 INFO com.cts.controller.Controller [scheduling-1] Scanning for new input file/s for gamleAnleggFormat in C:\Users\ronend\Desktop\BKKE_BASE_FOLDER\QKunde\Borettslag_2.
2020-06-20 14:00:31,175 INFO com.cts.controller.Controller [scheduling-1] Found 0 new input file/s.
2020-06-20 14:00:31,176 INFO com.cts.controller.Controller [scheduling-1] Scanning for new input file/s for gamleAnleggFormat in C:\Users\ronend\Desktop\BKKE_BASE_FOLDER\QKunde\Borettslag_3.
2020-06-20 14:00:31,177 INFO com.cts.controller.Controller [scheduling-1] Found 0 new input file/s.
2020-06-20 14:00:31,177 INFO com.cts.controller.Controller [scheduling-1] Completed processing C:\Users\ronend\Desktop\BKKE_BASE_FOLDER\QKunde in 6 seconds.
2020-06-20 14:00:31,177 INFO com.cts.controller.Controller [scheduling-1] Completed processing in 6 seconds.
2020-06-20 14:00:31,177 INFO com.cts.controller.Controller [scheduling-1] Scan for new input files will be performed in 10 minutes according to scheduling plan.
2020-06-20 14:04:28,509 INFO org.springframework.boot.StartupInfoLogger [main] Starting StartPoint on NOLI125045 with PID 14824 (C:\sandbox\BKK_EnergiTjenester_SpringBoot\target\classes started by ronend in C:\sandbox\BKK_EnergiTjenester_SpringBoot)
2020-06-20 14:04:28,513 INFO org.springframework.boot.SpringApplication [main] No active profile set, falling back to default profiles: default
2020-06-20 14:04:30,085 INFO org.springframework.scheduling.concurrent.ExecutorConfigurationSupport [main] Initializing ExecutorService 'taskScheduler'
2020-06-20 14:04:30,131 INFO com.cts.utils.GetListOfSubDirectories [scheduling-1] Scanning C:\Users\ronend\Desktop\BKKE_BASE_FOLDER for existing sub-directories.
2020-06-20 14:04:30,134 INFO org.springframework.boot.StartupInfoLogger [main] Started StartPoint in 2.47 seconds (JVM running for 3.203)
2020-06-20 14:04:30,148 INFO com.zaxxer.hikari.HikariDataSource [main] HikariPool-1 - Starting...
2020-06-20 14:04:30,179 INFO com.cts.controller.Controller [scheduling-1] Found 6 sub-directories - one directory per file format.
2020-06-20 14:04:30,180 INFO com.cts.controller.Controller [scheduling-1] Scanning for sub directories for circutorPLCFormat in C:\Users\ronend\Desktop\BKKE_BASE_FOLDER\CircutorPLC.
2020-06-20 14:04:30,180 INFO com.cts.utils.GetListOfSubDirectories [scheduling-1] Scanning C:\Users\ronend\Desktop\BKKE_BASE_FOLDER\CircutorPLC\ for existing sub-directories.
2020-06-20 14:04:30,185 INFO com.cts.controller.Controller [scheduling-1] Found 3 sub-folders for circutorPLCFormat - one for each meter data collection system .
2020-06-20 14:04:30,185 INFO com.cts.controller.Controller [scheduling-1] Scanning for new input file/s for circutorPLCFormat in C:\Users\ronend\Desktop\BKKE_BASE_FOLDER\CircutorPLC\Borettslag_1.
2020-06-20 14:04:30,199 INFO com.cts.controller.Controller [scheduling-1] Found 0 new input file/s.
2020-06-20 14:04:30,199 INFO com.cts.controller.Controller [scheduling-1] Scanning for new input file/s for circutorPLCFormat in C:\Users\ronend\Desktop\BKKE_BASE_FOLDER\CircutorPLC\Borettslag_2.
2020-06-20 14:04:30,201 INFO com.cts.controller.Controller [scheduling-1] Found 0 new input file/s.
2020-06-20 14:04:30,202 INFO com.cts.controller.Controller [scheduling-1] Scanning for new input file/s for circutorPLCFormat in C:\Users\ronend\Desktop\BKKE_BASE_FOLDER\CircutorPLC\Borettslag_3.
2020-06-20 14:04:30,203 INFO com.cts.controller.Controller [scheduling-1] Found 0 new input file/s.
2020-06-20 14:04:30,204 INFO com.cts.controller.Controller [scheduling-1] Completed processing C:\Users\ronend\Desktop\BKKE_BASE_FOLDER\CircutorPLC in 0 seconds.
2020-06-20 14:04:30,204 INFO com.cts.controller.Controller [scheduling-1] Scanning for sub directories for forbruksImportFormat in C:\Users\ronend\Desktop\BKKE_BASE_FOLDER\Forbruk.
2020-06-20 14:04:30,204 INFO com.cts.utils.GetListOfSubDirectories [scheduling-1] Scanning C:\Users\ronend\Desktop\BKKE_BASE_FOLDER\Forbruk\ for existing sub-directories.
2020-06-20 14:04:30,208 INFO com.cts.controller.Controller [scheduling-1] Found 3 sub-folders for forbruksImportFormat - one for each meter data collection system .
2020-06-20 14:04:30,208 INFO com.cts.controller.Controller [scheduling-1] Scanning for new input file/s for forbruksImportFormat in C:\Users\ronend\Desktop\BKKE_BASE_FOLDER\Forbruk\Borettslag_1.
2020-06-20 14:04:30,212 INFO com.cts.controller.Controller [scheduling-1] Found 0 new input file/s.
2020-06-20 14:04:30,213 INFO com.cts.controller.Controller [scheduling-1] Scanning for new input file/s for forbruksImportFormat in C:\Users\ronend\Desktop\BKKE_BASE_FOLDER\Forbruk\Borettslag_2.
2020-06-20 14:04:30,221 INFO com.cts.controller.Controller [scheduling-1] Found 0 new input file/s.
2020-06-20 14:04:30,221 INFO com.cts.controller.Controller [scheduling-1] Scanning for new input file/s for forbruksImportFormat in C:\Users\ronend\Desktop\BKKE_BASE_FOLDER\Forbruk\Borettslag_3.
2020-06-20 14:04:30,223 INFO com.cts.controller.Controller [scheduling-1] Found 0 new input file/s.
2020-06-20 14:04:30,224 INFO com.cts.controller.Controller [scheduling-1] Completed processing C:\Users\ronend\Desktop\BKKE_BASE_FOLDER\Forbruk in 0 seconds.
2020-06-20 14:04:30,224 INFO com.cts.controller.Controller [scheduling-1] Scanning for sub directories for VBVFormat in C:\Users\ronend\Desktop\BKKE_BASE_FOLDER\KamstrupVBV.
2020-06-20 14:04:30,224 INFO com.cts.utils.GetListOfSubDirectories [scheduling-1] Scanning C:\Users\ronend\Desktop\BKKE_BASE_FOLDER\KamstrupVBV\ for existing sub-directories.
2020-06-20 14:04:30,227 INFO com.cts.controller.Controller [scheduling-1] Found 3 sub-folders for VBVFormat - one for each meter data collection system .
2020-06-20 14:04:30,228 INFO com.cts.controller.Controller [scheduling-1] Scanning for new input file/s for VBVFormat in C:\Users\ronend\Desktop\BKKE_BASE_FOLDER\KamstrupVBV\Borettslag_1.
2020-06-20 14:04:30,230 INFO com.cts.controller.Controller [scheduling-1] Found 0 new input file/s.
2020-06-20 14:04:30,230 INFO com.cts.controller.Controller [scheduling-1] Scanning for new input file/s for VBVFormat in C:\Users\ronend\Desktop\BKKE_BASE_FOLDER\KamstrupVBV\Borettslag_2.
2020-06-20 14:04:30,232 INFO com.cts.controller.Controller [scheduling-1] Found 0 new input file/s.
2020-06-20 14:04:30,232 INFO com.cts.controller.Controller [scheduling-1] Scanning for new input file/s for VBVFormat in C:\Users\ronend\Desktop\BKKE_BASE_FOLDER\KamstrupVBV\Borettslag_3.
2020-06-20 14:04:30,235 INFO com.cts.controller.Controller [scheduling-1] Found 0 new input file/s.
2020-06-20 14:04:30,235 INFO com.cts.controller.Controller [scheduling-1] Completed processing C:\Users\ronend\Desktop\BKKE_BASE_FOLDER\KamstrupVBV in 0 seconds.
2020-06-20 14:04:30,235 INFO com.cts.controller.Controller [scheduling-1] Scanning for sub directories for VTFormat in C:\Users\ronend\Desktop\BKKE_BASE_FOLDER\KamstrupVT.
2020-06-20 14:04:30,236 INFO com.cts.utils.GetListOfSubDirectories [scheduling-1] Scanning C:\Users\ronend\Desktop\BKKE_BASE_FOLDER\KamstrupVT\ for existing sub-directories.
2020-06-20 14:04:30,247 INFO com.cts.controller.Controller [scheduling-1] Found 3 sub-folders for VTFormat - one for each meter data collection system .
2020-06-20 14:04:30,248 INFO com.cts.controller.Controller [scheduling-1] Scanning for new input file/s for VTFormat in C:\Users\ronend\Desktop\BKKE_BASE_FOLDER\KamstrupVT\Borettslag_1.
2020-06-20 14:04:30,250 INFO com.cts.controller.Controller [scheduling-1] Found 0 new input file/s.
2020-06-20 14:04:30,250 INFO com.cts.controller.Controller [scheduling-1] Scanning for new input file/s for VTFormat in C:\Users\ronend\Desktop\BKKE_BASE_FOLDER\KamstrupVT\Borettslag_2.
2020-06-20 14:04:30,252 INFO com.cts.controller.Controller [scheduling-1] Found 0 new input file/s.
2020-06-20 14:04:30,252 INFO com.cts.controller.Controller [scheduling-1] Scanning for new input file/s for VTFormat in C:\Users\ronend\Desktop\BKKE_BASE_FOLDER\KamstrupVT\Borettslag_3.
2020-06-20 14:04:30,254 INFO com.cts.controller.Controller [scheduling-1] Found 0 new input file/s.
2020-06-20 14:04:30,255 INFO com.cts.controller.Controller [scheduling-1] Completed processing C:\Users\ronend\Desktop\BKKE_BASE_FOLDER\KamstrupVT in 0 seconds.
2020-06-20 14:04:30,255 INFO com.cts.controller.Controller [scheduling-1] Scanning for sub directories for mBusFormat in C:\Users\ronend\Desktop\BKKE_BASE_FOLDER\M-bus.
2020-06-20 14:04:30,255 INFO com.cts.utils.GetListOfSubDirectories [scheduling-1] Scanning C:\Users\ronend\Desktop\BKKE_BASE_FOLDER\M-bus\ for existing sub-directories.
2020-06-20 14:04:30,260 INFO com.cts.controller.Controller [scheduling-1] Found 4 sub-folders for mBusFormat - one for each meter data collection system .
2020-06-20 14:04:30,260 INFO com.cts.controller.Controller [scheduling-1] Scanning for new input file/s for mBusFormat in C:\Users\ronend\Desktop\BKKE_BASE_FOLDER\M-bus\Borettslag_1.
2020-06-20 14:04:30,264 INFO com.cts.controller.Controller [scheduling-1] Found 0 new input file/s.
2020-06-20 14:04:30,265 INFO com.cts.controller.Controller [scheduling-1] Scanning for new input file/s for mBusFormat in C:\Users\ronend\Desktop\BKKE_BASE_FOLDER\M-bus\Borettslag_2.
2020-06-20 14:04:30,272 INFO com.cts.controller.Controller [scheduling-1] Found 0 new input file/s.
2020-06-20 14:04:30,272 INFO com.cts.controller.Controller [scheduling-1] Scanning for new input file/s for mBusFormat in C:\Users\ronend\Desktop\BKKE_BASE_FOLDER\M-bus\Borettslag_3.
2020-06-20 14:04:30,274 INFO com.cts.controller.Controller [scheduling-1] Found 0 new input file/s.
2020-06-20 14:04:30,275 INFO com.cts.controller.Controller [scheduling-1] Scanning for new input file/s for mBusFormat in C:\Users\ronend\Desktop\BKKE_BASE_FOLDER\M-bus\Test.
2020-06-20 14:04:30,287 INFO com.cts.controller.Controller [scheduling-1] Found 1 new input file/s.
2020-06-20 14:04:30,287 INFO com.cts.controller.Controller [scheduling-1] Found input file: bus_1_TimestampRead_1592654670277.txt.
2020-06-20 14:04:30,291 INFO com.cts.generator.ProcessInput [scheduling-1] Start processing input file bus_1_TimestampRead_1592654670277.txt.
2020-06-20 14:04:30,298 INFO com.cts.ioutils.InputFileReader [scheduling-1] Starting to read bus_1_TimestampRead_1592654670277.txt.
2020-06-20 14:04:30,302 INFO com.cts.ioutils.InputFileReader [scheduling-1] Completed reading. Total rows read = 5.
2020-06-20 14:04:30,303 INFO com.cts.generator.ProcessInput [scheduling-1] Collected 5 input rows.
2020-06-20 14:04:30,303 INFO com.cts.generator.ProcessInput [scheduling-1] Checking correct date format.
2020-06-20 14:04:30,428 INFO com.cts.utils.VerifyDateFormat [scheduling-1] Completed checking 5 rows, out of which 5 have correct date format.
2020-06-20 14:04:30,428 INFO com.cts.utils.VerifyDateFormat [scheduling-1] Checked date for 5 rows in less than a second.
2020-06-20 14:04:30,428 INFO com.cts.generator.ProcessInput [scheduling-1] Checking correct number format.
2020-06-20 14:04:30,430 INFO com.cts.utils.VerifyNumberFormat [scheduling-1] Completed checking 5 rows, out of which 5 have correct number format.
2020-06-20 14:04:30,430 INFO com.cts.utils.VerifyNumberFormat [scheduling-1] Checked number for 5 rows in less than a second.
2020-06-20 14:04:30,432 INFO com.cts.generator.ProcessInput [scheduling-1] Received 5 input rows, will check for an entry in customer for distinct meters in the input.
2020-06-20 14:04:30,435 INFO com.cts.customerGateway.CheckMeterInCustomer [scheduling-1] Starting to check for Customer record.
2020-06-20 14:04:30,665 INFO com.zaxxer.hikari.HikariDataSource [main] HikariPool-1 - Start completed.
2020-06-20 14:04:33,605 INFO com.cts.customerGateway.CheckMeterInCustomer [scheduling-1] Found 5 distinct meters. Will check for a Customer registry for each.
2020-06-20 14:04:33,632 INFO com.cts.customerGateway.CheckMeterInCustomer [scheduling-1] Got meter details for meter 5706567274344770, UNIT kVArh, from internal local H2 DB.
2020-06-20 14:04:33,633 INFO com.cts.customerGateway.CheckMeterInCustomer [scheduling-1] Got meter details for meter 5706567274516542, UNIT kWh, from internal local H2 DB.
2020-06-20 14:04:33,633 INFO com.cts.customerGateway.CheckMeterInCustomer [scheduling-1] Got meter details for meter 5706567274787577, UNIT kVArh, from internal local H2 DB.
2020-06-20 14:04:33,633 INFO com.cts.customerGateway.CheckMeterInCustomer [scheduling-1] Got meter details for meter 017836770, UNIT kWh, from internal local H2 DB.
2020-06-20 14:04:33,634 INFO com.cts.customerGateway.CheckMeterInCustomer [scheduling-1] Got meter details for meter 017836771, UNIT kW, from internal local H2 DB.
2020-06-20 14:04:33,634 INFO com.cts.customerGateway.CheckMeterInCustomer [scheduling-1] So far checked 5 meters. Out of which 5 has Customer entry.
2020-06-20 14:04:33,634 INFO com.cts.customerGateway.CheckMeterInCustomer [scheduling-1] Time to check 5 meters =  0 seconds.
2020-06-20 14:04:33,634 INFO com.cts.customerGateway.CheckMeterInCustomer [scheduling-1] Completed check for entry in Customer, found 5 meters which have a Customer record.
2020-06-20 14:04:33,635 INFO com.cts.generator.ProcessInput [scheduling-1] proceeding to process 5 input rows.
2020-06-20 14:04:33,635 INFO com.cts.generator.ProcessInput [scheduling-1] Getting necessary details for mBusFormat.
2020-06-20 14:04:33,638 INFO com.cts.generator.ProcessInput [scheduling-1] Necessary details collected for 5 meters out of a total of 5 meters.
2020-06-20 14:04:33,641 INFO com.cts.utils.InitiateMappingMeterToDetails [scheduling-1] starting to assign productType from Customer.
2020-06-20 14:04:33,647 INFO com.cts.utils.InitiateMappingMeterToDetails [scheduling-1] Checking if meter 5706567274344770 exists in base of previously checked meters.
2020-06-20 14:04:33,647 INFO com.cts.utils.InitiateMappingMeterToDetails [scheduling-1] Found meter 5706567274344770, productType ReactiveEnergy, in in base of previously checked meters.
2020-06-20 14:04:33,647 INFO com.cts.utils.InitiateMappingMeterToDetails [scheduling-1] Checking if meter 5706567274516542 exists in base of previously checked meters.
2020-06-20 14:04:33,648 INFO com.cts.utils.InitiateMappingMeterToDetails [scheduling-1] Found meter 5706567274516542, productType ActiveEnergy, in in base of previously checked meters.
2020-06-20 14:04:33,648 INFO com.cts.utils.InitiateMappingMeterToDetails [scheduling-1] Checking if meter 5706567274787577 exists in base of previously checked meters.
2020-06-20 14:04:33,648 INFO com.cts.utils.InitiateMappingMeterToDetails [scheduling-1] Found meter 5706567274787577, productType ReactiveEnergy, in in base of previously checked meters.
2020-06-20 14:04:33,648 INFO com.cts.utils.InitiateMappingMeterToDetails [scheduling-1] Checking if meter 017836770 exists in base of previously checked meters.
2020-06-20 14:04:33,648 INFO com.cts.utils.InitiateMappingMeterToDetails [scheduling-1] Found meter 017836770, productType DistrictHeatingEnergy, in in base of previously checked meters.
2020-06-20 14:04:33,649 INFO com.cts.utils.InitiateMappingMeterToDetails [scheduling-1] Checking if meter 017836771 exists in base of previously checked meters.
2020-06-20 14:04:33,649 INFO com.cts.utils.InitiateMappingMeterToDetails [scheduling-1] Found meter 017836771, productType DistrictHeatingPower, in in base of previously checked meters.
2020-06-20 14:04:33,649 INFO com.cts.utils.InitiateMappingMeterToDetails [scheduling-1] Completed to retrieve productType for 5 meters out of 5 total distinct meters.
2020-06-20 14:04:33,650 INFO com.cts.generator.ProcessInput [scheduling-1] Will process 5 records for gs2 file - mBusFormat.
2020-06-20 14:04:35,587 INFO com.cts.generator.GeneratorForLastHourlyStand [scheduling-1] Could not get previous meter stand for meter 017836770 from the DB, will use current stand as 1st stand ever.
2020-06-20 14:04:35,731 INFO com.cts.generator.GeneratorForLastHourlyStand [scheduling-1] There are missing 732 day stands for meter 017836770. Last stand date from DB is 2017-01-01T00:00:00.000+01:00, current stand date is 2019-01-03T00:01:00.000+01:00. Will create day stands for 732 days.
2020-06-20 14:04:36,152 INFO com.cts.generator.GeneratorForLastHourlyStand [scheduling-1] There are missing 732 day stands for meter 017836771. Last stand date from DB is 2017-01-01T00:00:00.000+01:00, current stand date is 2019-01-03T00:02:00.000+01:00. Will create day stands for 732 days.
2020-06-20 14:04:36,210 INFO com.cts.generator.ProcessInput [scheduling-1] Created hourlyVolume GS2 file from input.
2020-06-20 14:04:36,217 INFO com.cts.ioutils.OutputFileWriter [scheduling-1] Starting writeOutput to print LastHourlyStand.
2020-06-20 14:04:36,232 INFO com.cts.ioutils.OutputFileWriter [scheduling-1] Completed writeOutput.
2020-06-20 14:04:36,233 INFO com.cts.controller.Controller [scheduling-1] GS2 file for input file bus_1_TimestampRead_1592654670277.txt written to C:\Users\ronend\Desktop\BKKE_BASE_FOLDER\M-bus\Test\Processed\.
2020-06-20 14:04:36,233 INFO com.cts.controller.Controller [scheduling-1] Starting to move used input files to C:\Users\ronend\Desktop\BKKE_BASE_FOLDER\M-bus\Test\Used\.
2020-06-20 14:04:36,240 INFO com.cts.utils.MoveUsedInputFilesToUsedFolder [scheduling-1] bus_1_TimestampRead_1592654670277.txt moved to C:\Users\ronend\Desktop\BKKE_BASE_FOLDER\M-bus\Test\Used\ .
2020-06-20 14:04:36,240 INFO com.cts.controller.Controller [scheduling-1] Completed processing in 6 seconds.
2020-06-20 14:04:36,240 INFO com.cts.controller.Controller [scheduling-1] Scan for new input files will be performed in 10 minutes according to scheduling plan.
2020-06-20 14:04:36,241 INFO com.cts.controller.Controller [scheduling-1] Completed processing C:\Users\ronend\Desktop\BKKE_BASE_FOLDER\M-bus in 6 seconds.
2020-06-20 14:04:36,241 INFO com.cts.controller.Controller [scheduling-1] Scanning for sub directories for gamleAnleggFormat in C:\Users\ronend\Desktop\BKKE_BASE_FOLDER\QKunde.
2020-06-20 14:04:36,241 INFO com.cts.utils.GetListOfSubDirectories [scheduling-1] Scanning C:\Users\ronend\Desktop\BKKE_BASE_FOLDER\QKunde\ for existing sub-directories.
2020-06-20 14:04:36,243 INFO com.cts.controller.Controller [scheduling-1] Found 3 sub-folders for gamleAnleggFormat - one for each meter data collection system .
2020-06-20 14:04:36,244 INFO com.cts.controller.Controller [scheduling-1] Scanning for new input file/s for gamleAnleggFormat in C:\Users\ronend\Desktop\BKKE_BASE_FOLDER\QKunde\Borettslag_1.
2020-06-20 14:04:36,245 INFO com.cts.controller.Controller [scheduling-1] Found 0 new input file/s.
2020-06-20 14:04:36,245 INFO com.cts.controller.Controller [scheduling-1] Scanning for new input file/s for gamleAnleggFormat in C:\Users\ronend\Desktop\BKKE_BASE_FOLDER\QKunde\Borettslag_2.
2020-06-20 14:04:36,246 INFO com.cts.controller.Controller [scheduling-1] Found 0 new input file/s.
2020-06-20 14:04:36,246 INFO com.cts.controller.Controller [scheduling-1] Scanning for new input file/s for gamleAnleggFormat in C:\Users\ronend\Desktop\BKKE_BASE_FOLDER\QKunde\Borettslag_3.
2020-06-20 14:04:36,248 INFO com.cts.controller.Controller [scheduling-1] Found 0 new input file/s.
2020-06-20 14:04:36,248 INFO com.cts.controller.Controller [scheduling-1] Completed processing C:\Users\ronend\Desktop\BKKE_BASE_FOLDER\QKunde in 6 seconds.
2020-06-20 14:04:36,249 INFO com.cts.controller.Controller [scheduling-1] Completed processing in 6 seconds.
2020-06-20 14:04:36,249 INFO com.cts.controller.Controller [scheduling-1] Scan for new input files will be performed in 10 minutes according to scheduling plan.
2020-06-20 14:09:12,300 INFO org.springframework.boot.StartupInfoLogger [main] Starting StartPoint on NOLI125045 with PID 22768 (C:\sandbox\BKK_EnergiTjenester_SpringBoot\target\classes started by ronend in C:\sandbox\BKK_EnergiTjenester_SpringBoot)
2020-06-20 14:09:12,304 INFO org.springframework.boot.SpringApplication [main] No active profile set, falling back to default profiles: default
2020-06-20 14:09:13,971 INFO org.springframework.scheduling.concurrent.ExecutorConfigurationSupport [main] Initializing ExecutorService 'taskScheduler'
2020-06-20 14:09:14,036 INFO com.cts.utils.GetListOfSubDirectories [scheduling-1] Scanning C:\Users\ronend\Desktop\BKKE_BASE_FOLDER for existing sub-directories.
2020-06-20 14:09:14,039 INFO org.springframework.boot.StartupInfoLogger [main] Started StartPoint in 2.624 seconds (JVM running for 3.419)
2020-06-20 14:09:14,055 INFO com.zaxxer.hikari.HikariDataSource [main] HikariPool-1 - Starting...
2020-06-20 14:09:14,068 INFO com.cts.controller.Controller [scheduling-1] Found 6 sub-directories - one directory per file format.
2020-06-20 14:09:14,069 INFO com.cts.controller.Controller [scheduling-1] Scanning for sub directories for circutorPLCFormat in C:\Users\ronend\Desktop\BKKE_BASE_FOLDER\CircutorPLC.
2020-06-20 14:09:14,069 INFO com.cts.utils.GetListOfSubDirectories [scheduling-1] Scanning C:\Users\ronend\Desktop\BKKE_BASE_FOLDER\CircutorPLC\ for existing sub-directories.
2020-06-20 14:09:14,073 INFO com.cts.controller.Controller [scheduling-1] Found 3 sub-folders for circutorPLCFormat - one for each meter data collection system .
2020-06-20 14:09:14,074 INFO com.cts.controller.Controller [scheduling-1] Scanning for new input file/s for circutorPLCFormat in C:\Users\ronend\Desktop\BKKE_BASE_FOLDER\CircutorPLC\Borettslag_1.
2020-06-20 14:09:14,086 INFO com.cts.controller.Controller [scheduling-1] Found 0 new input file/s.
2020-06-20 14:09:14,086 INFO com.cts.controller.Controller [scheduling-1] Scanning for new input file/s for circutorPLCFormat in C:\Users\ronend\Desktop\BKKE_BASE_FOLDER\CircutorPLC\Borettslag_2.
2020-06-20 14:09:14,088 INFO com.cts.controller.Controller [scheduling-1] Found 0 new input file/s.
2020-06-20 14:09:14,088 INFO com.cts.controller.Controller [scheduling-1] Scanning for new input file/s for circutorPLCFormat in C:\Users\ronend\Desktop\BKKE_BASE_FOLDER\CircutorPLC\Borettslag_3.
2020-06-20 14:09:14,089 INFO com.cts.controller.Controller [scheduling-1] Found 0 new input file/s.
2020-06-20 14:09:14,090 INFO com.cts.controller.Controller [scheduling-1] Completed processing C:\Users\ronend\Desktop\BKKE_BASE_FOLDER\CircutorPLC in 0 seconds.
2020-06-20 14:09:14,090 INFO com.cts.controller.Controller [scheduling-1] Scanning for sub directories for forbruksImportFormat in C:\Users\ronend\Desktop\BKKE_BASE_FOLDER\Forbruk.
2020-06-20 14:09:14,090 INFO com.cts.utils.GetListOfSubDirectories [scheduling-1] Scanning C:\Users\ronend\Desktop\BKKE_BASE_FOLDER\Forbruk\ for existing sub-directories.
2020-06-20 14:09:14,093 INFO com.cts.controller.Controller [scheduling-1] Found 3 sub-folders for forbruksImportFormat - one for each meter data collection system .
2020-06-20 14:09:14,093 INFO com.cts.controller.Controller [scheduling-1] Scanning for new input file/s for forbruksImportFormat in C:\Users\ronend\Desktop\BKKE_BASE_FOLDER\Forbruk\Borettslag_1.
2020-06-20 14:09:14,095 INFO com.cts.controller.Controller [scheduling-1] Found 0 new input file/s.
2020-06-20 14:09:14,095 INFO com.cts.controller.Controller [scheduling-1] Scanning for new input file/s for forbruksImportFormat in C:\Users\ronend\Desktop\BKKE_BASE_FOLDER\Forbruk\Borettslag_2.
2020-06-20 14:09:14,096 INFO com.cts.controller.Controller [scheduling-1] Found 0 new input file/s.
2020-06-20 14:09:14,096 INFO com.cts.controller.Controller [scheduling-1] Scanning for new input file/s for forbruksImportFormat in C:\Users\ronend\Desktop\BKKE_BASE_FOLDER\Forbruk\Borettslag_3.
2020-06-20 14:09:14,098 INFO com.cts.controller.Controller [scheduling-1] Found 0 new input file/s.
2020-06-20 14:09:14,099 INFO com.cts.controller.Controller [scheduling-1] Completed processing C:\Users\ronend\Desktop\BKKE_BASE_FOLDER\Forbruk in 0 seconds.
2020-06-20 14:09:14,099 INFO com.cts.controller.Controller [scheduling-1] Scanning for sub directories for VBVFormat in C:\Users\ronend\Desktop\BKKE_BASE_FOLDER\KamstrupVBV.
2020-06-20 14:09:14,099 INFO com.cts.utils.GetListOfSubDirectories [scheduling-1] Scanning C:\Users\ronend\Desktop\BKKE_BASE_FOLDER\KamstrupVBV\ for existing sub-directories.
2020-06-20 14:09:14,101 INFO com.cts.controller.Controller [scheduling-1] Found 3 sub-folders for VBVFormat - one for each meter data collection system .
2020-06-20 14:09:14,102 INFO com.cts.controller.Controller [scheduling-1] Scanning for new input file/s for VBVFormat in C:\Users\ronend\Desktop\BKKE_BASE_FOLDER\KamstrupVBV\Borettslag_1.
2020-06-20 14:09:14,103 INFO com.cts.controller.Controller [scheduling-1] Found 0 new input file/s.
2020-06-20 14:09:14,104 INFO com.cts.controller.Controller [scheduling-1] Scanning for new input file/s for VBVFormat in C:\Users\ronend\Desktop\BKKE_BASE_FOLDER\KamstrupVBV\Borettslag_2.
2020-06-20 14:09:14,108 INFO com.cts.controller.Controller [scheduling-1] Found 0 new input file/s.
2020-06-20 14:09:14,109 INFO com.cts.controller.Controller [scheduling-1] Scanning for new input file/s for VBVFormat in C:\Users\ronend\Desktop\BKKE_BASE_FOLDER\KamstrupVBV\Borettslag_3.
2020-06-20 14:09:14,115 INFO com.cts.controller.Controller [scheduling-1] Found 0 new input file/s.
2020-06-20 14:09:14,116 INFO com.cts.controller.Controller [scheduling-1] Completed processing C:\Users\ronend\Desktop\BKKE_BASE_FOLDER\KamstrupVBV in 0 seconds.
2020-06-20 14:09:14,116 INFO com.cts.controller.Controller [scheduling-1] Scanning for sub directories for VTFormat in C:\Users\ronend\Desktop\BKKE_BASE_FOLDER\KamstrupVT.
2020-06-20 14:09:14,116 INFO com.cts.utils.GetListOfSubDirectories [scheduling-1] Scanning C:\Users\ronend\Desktop\BKKE_BASE_FOLDER\KamstrupVT\ for existing sub-directories.
2020-06-20 14:09:14,120 INFO com.cts.controller.Controller [scheduling-1] Found 3 sub-folders for VTFormat - one for each meter data collection system .
2020-06-20 14:09:14,120 INFO com.cts.controller.Controller [scheduling-1] Scanning for new input file/s for VTFormat in C:\Users\ronend\Desktop\BKKE_BASE_FOLDER\KamstrupVT\Borettslag_1.
2020-06-20 14:09:14,122 INFO com.cts.controller.Controller [scheduling-1] Found 0 new input file/s.
2020-06-20 14:09:14,122 INFO com.cts.controller.Controller [scheduling-1] Scanning for new input file/s for VTFormat in C:\Users\ronend\Desktop\BKKE_BASE_FOLDER\KamstrupVT\Borettslag_2.
2020-06-20 14:09:14,123 INFO com.cts.controller.Controller [scheduling-1] Found 0 new input file/s.
2020-06-20 14:09:14,123 INFO com.cts.controller.Controller [scheduling-1] Scanning for new input file/s for VTFormat in C:\Users\ronend\Desktop\BKKE_BASE_FOLDER\KamstrupVT\Borettslag_3.
2020-06-20 14:09:14,125 INFO com.cts.controller.Controller [scheduling-1] Found 0 new input file/s.
2020-06-20 14:09:14,125 INFO com.cts.controller.Controller [scheduling-1] Completed processing C:\Users\ronend\Desktop\BKKE_BASE_FOLDER\KamstrupVT in 0 seconds.
2020-06-20 14:09:14,125 INFO com.cts.controller.Controller [scheduling-1] Scanning for sub directories for mBusFormat in C:\Users\ronend\Desktop\BKKE_BASE_FOLDER\M-bus.
2020-06-20 14:09:14,125 INFO com.cts.utils.GetListOfSubDirectories [scheduling-1] Scanning C:\Users\ronend\Desktop\BKKE_BASE_FOLDER\M-bus\ for existing sub-directories.
2020-06-20 14:09:14,128 INFO com.cts.controller.Controller [scheduling-1] Found 4 sub-folders for mBusFormat - one for each meter data collection system .
2020-06-20 14:09:14,129 INFO com.cts.controller.Controller [scheduling-1] Scanning for new input file/s for mBusFormat in C:\Users\ronend\Desktop\BKKE_BASE_FOLDER\M-bus\Borettslag_1.
2020-06-20 14:09:14,130 INFO com.cts.controller.Controller [scheduling-1] Found 0 new input file/s.
2020-06-20 14:09:14,130 INFO com.cts.controller.Controller [scheduling-1] Scanning for new input file/s for mBusFormat in C:\Users\ronend\Desktop\BKKE_BASE_FOLDER\M-bus\Borettslag_2.
2020-06-20 14:09:14,132 INFO com.cts.controller.Controller [scheduling-1] Found 0 new input file/s.
2020-06-20 14:09:14,132 INFO com.cts.controller.Controller [scheduling-1] Scanning for new input file/s for mBusFormat in C:\Users\ronend\Desktop\BKKE_BASE_FOLDER\M-bus\Borettslag_3.
2020-06-20 14:09:14,133 INFO com.cts.controller.Controller [scheduling-1] Found 0 new input file/s.
2020-06-20 14:09:14,133 INFO com.cts.controller.Controller [scheduling-1] Scanning for new input file/s for mBusFormat in C:\Users\ronend\Desktop\BKKE_BASE_FOLDER\M-bus\Test.
2020-06-20 14:09:14,144 INFO com.cts.controller.Controller [scheduling-1] Found 1 new input file/s.
2020-06-20 14:09:14,145 INFO com.cts.controller.Controller [scheduling-1] Found input file: bus_1_TimestampRead_1592654954135.txt.
2020-06-20 14:09:14,147 INFO com.cts.generator.ProcessInput [scheduling-1] Start processing input file bus_1_TimestampRead_1592654954135.txt.
2020-06-20 14:09:14,148 INFO com.cts.ioutils.InputFileReader [scheduling-1] Starting to read bus_1_TimestampRead_1592654954135.txt.
2020-06-20 14:09:14,150 INFO com.cts.ioutils.InputFileReader [scheduling-1] Completed reading. Total rows read = 5.
2020-06-20 14:09:14,150 INFO com.cts.generator.ProcessInput [scheduling-1] Collected 5 input rows.
2020-06-20 14:09:14,150 INFO com.cts.generator.ProcessInput [scheduling-1] Checking correct date format.
2020-06-20 14:09:14,217 INFO com.cts.utils.VerifyDateFormat [scheduling-1] Completed checking 5 rows, out of which 5 have correct date format.
2020-06-20 14:09:14,217 INFO com.cts.utils.VerifyDateFormat [scheduling-1] Checked date for 5 rows in less than a second.
2020-06-20 14:09:14,218 INFO com.cts.generator.ProcessInput [scheduling-1] Checking correct number format.
2020-06-20 14:09:14,220 INFO com.cts.utils.VerifyNumberFormat [scheduling-1] Completed checking 5 rows, out of which 5 have correct number format.
2020-06-20 14:09:14,220 INFO com.cts.utils.VerifyNumberFormat [scheduling-1] Checked number for 5 rows in less than a second.
2020-06-20 14:09:14,221 INFO com.cts.generator.ProcessInput [scheduling-1] Received 5 input rows, will check for an entry in customer for distinct meters in the input.
2020-06-20 14:09:14,224 INFO com.cts.customerGateway.CheckMeterInCustomer [scheduling-1] Starting to check for Customer record.
2020-06-20 14:09:14,498 INFO com.zaxxer.hikari.HikariDataSource [main] HikariPool-1 - Start completed.
2020-06-20 14:09:17,109 INFO com.cts.customerGateway.CheckMeterInCustomer [scheduling-1] Found 5 distinct meters. Will check for a Customer registry for each.
2020-06-20 14:09:17,139 INFO com.cts.customerGateway.CheckMeterInCustomer [scheduling-1] Got meter details for meter 5706567274344770, UNIT kVArh, from internal local H2 DB.
2020-06-20 14:09:17,140 INFO com.cts.customerGateway.CheckMeterInCustomer [scheduling-1] Got meter details for meter 5706567274516542, UNIT kWh, from internal local H2 DB.
2020-06-20 14:09:17,140 INFO com.cts.customerGateway.CheckMeterInCustomer [scheduling-1] Got meter details for meter 5706567274787577, UNIT kVArh, from internal local H2 DB.
2020-06-20 14:09:17,140 INFO com.cts.customerGateway.CheckMeterInCustomer [scheduling-1] Got meter details for meter 017836770, UNIT kWh, from internal local H2 DB.
2020-06-20 14:09:17,141 INFO com.cts.customerGateway.CheckMeterInCustomer [scheduling-1] Got meter details for meter 017836771, UNIT kW, from internal local H2 DB.
2020-06-20 14:09:17,141 INFO com.cts.customerGateway.CheckMeterInCustomer [scheduling-1] So far checked 5 meters. Out of which 5 has Customer entry.
2020-06-20 14:09:17,141 INFO com.cts.customerGateway.CheckMeterInCustomer [scheduling-1] Time to check 5 meters =  0 seconds.
2020-06-20 14:09:17,141 INFO com.cts.customerGateway.CheckMeterInCustomer [scheduling-1] Completed check for entry in Customer, found 5 meters which have a Customer record.
2020-06-20 14:09:17,141 INFO com.cts.generator.ProcessInput [scheduling-1] proceeding to process 5 input rows.
2020-06-20 14:09:17,141 INFO com.cts.generator.ProcessInput [scheduling-1] Getting necessary details for mBusFormat.
2020-06-20 14:09:17,144 INFO com.cts.generator.ProcessInput [scheduling-1] Necessary details collected for 5 meters out of a total of 5 meters.
2020-06-20 14:09:17,148 INFO com.cts.utils.InitiateMappingMeterToDetails [scheduling-1] starting to assign productType from Customer.
2020-06-20 14:09:17,153 INFO com.cts.utils.InitiateMappingMeterToDetails [scheduling-1] Checking if meter 5706567274344770 exists in base of previously checked meters.
2020-06-20 14:09:17,154 INFO com.cts.utils.InitiateMappingMeterToDetails [scheduling-1] Found meter 5706567274344770, productType ReactiveEnergy, in in base of previously checked meters.
2020-06-20 14:09:17,155 INFO com.cts.utils.InitiateMappingMeterToDetails [scheduling-1] Checking if meter 5706567274516542 exists in base of previously checked meters.
2020-06-20 14:09:17,155 INFO com.cts.utils.InitiateMappingMeterToDetails [scheduling-1] Found meter 5706567274516542, productType ActiveEnergy, in in base of previously checked meters.
2020-06-20 14:09:17,155 INFO com.cts.utils.InitiateMappingMeterToDetails [scheduling-1] Checking if meter 5706567274787577 exists in base of previously checked meters.
2020-06-20 14:09:17,155 INFO com.cts.utils.InitiateMappingMeterToDetails [scheduling-1] Found meter 5706567274787577, productType ReactiveEnergy, in in base of previously checked meters.
2020-06-20 14:09:17,155 INFO com.cts.utils.InitiateMappingMeterToDetails [scheduling-1] Checking if meter 017836770 exists in base of previously checked meters.
2020-06-20 14:09:17,156 INFO com.cts.utils.InitiateMappingMeterToDetails [scheduling-1] Found meter 017836770, productType DistrictHeatingEnergy, in in base of previously checked meters.
2020-06-20 14:09:17,156 INFO com.cts.utils.InitiateMappingMeterToDetails [scheduling-1] Checking if meter 017836771 exists in base of previously checked meters.
2020-06-20 14:09:17,156 INFO com.cts.utils.InitiateMappingMeterToDetails [scheduling-1] Found meter 017836771, productType DistrictHeatingPower, in in base of previously checked meters.
2020-06-20 14:09:17,156 INFO com.cts.utils.InitiateMappingMeterToDetails [scheduling-1] Completed to retrieve productType for 5 meters out of 5 total distinct meters.
2020-06-20 14:09:17,157 INFO com.cts.generator.ProcessInput [scheduling-1] Will process 5 records for gs2 file - mBusFormat.
2020-06-20 14:09:19,059 INFO com.cts.generator.GeneratorForLastHourlyStand [scheduling-1] Could not get previous meter stand for meter 017836770 from the DB, will use current stand as 1st stand ever.
2020-06-20 14:09:19,202 INFO com.cts.generator.GeneratorForLastHourlyStand [scheduling-1] There are missing 732 day stands for meter 017836770. Last stand date from DB is 2017-01-01T00:00:00.000+01:00, current stand date is 2019-01-03T00:01:00.000+01:00. Will create day stands for 732 days.
2020-06-20 14:09:19,555 INFO com.cts.generator.GeneratorForLastHourlyStand [scheduling-1] There are missing 732 day stands for meter 017836771. Last stand date from DB is 2017-01-01T00:00:00.000+01:00, current stand date is 2019-01-03T00:02:00.000+01:00. Will create day stands for 732 days.
2020-06-20 14:09:19,597 INFO com.cts.generator.ProcessInput [scheduling-1] Created hourlyVolume GS2 file from input.
2020-06-20 14:09:19,600 INFO com.cts.ioutils.OutputFileWriter [scheduling-1] Starting writeOutput to print LastHourlyStand.
2020-06-20 14:09:19,616 INFO com.cts.ioutils.OutputFileWriter [scheduling-1] Completed writeOutput.
2020-06-20 14:09:19,616 INFO com.cts.controller.Controller [scheduling-1] GS2 file for input file bus_1_TimestampRead_1592654954135.txt written to C:\Users\ronend\Desktop\BKKE_BASE_FOLDER\M-bus\Test\Processed\.
2020-06-20 14:09:19,617 INFO com.cts.controller.Controller [scheduling-1] Starting to move used input files to C:\Users\ronend\Desktop\BKKE_BASE_FOLDER\M-bus\Test\Used\.
2020-06-20 14:09:19,623 INFO com.cts.utils.MoveUsedInputFilesToUsedFolder [scheduling-1] bus_1_TimestampRead_1592654954135.txt moved to C:\Users\ronend\Desktop\BKKE_BASE_FOLDER\M-bus\Test\Used\ .
2020-06-20 14:09:19,623 INFO com.cts.controller.Controller [scheduling-1] Completed processing in 5 seconds.
2020-06-20 14:09:19,624 INFO com.cts.controller.Controller [scheduling-1] Scan for new input files will be performed in 10 minutes according to scheduling plan.
2020-06-20 14:09:19,624 INFO com.cts.controller.Controller [scheduling-1] Completed processing C:\Users\ronend\Desktop\BKKE_BASE_FOLDER\M-bus in 5 seconds.
2020-06-20 14:09:19,624 INFO com.cts.controller.Controller [scheduling-1] Scanning for sub directories for gamleAnleggFormat in C:\Users\ronend\Desktop\BKKE_BASE_FOLDER\QKunde.
2020-06-20 14:09:19,624 INFO com.cts.utils.GetListOfSubDirectories [scheduling-1] Scanning C:\Users\ronend\Desktop\BKKE_BASE_FOLDER\QKunde\ for existing sub-directories.
2020-06-20 14:09:19,626 INFO com.cts.controller.Controller [scheduling-1] Found 3 sub-folders for gamleAnleggFormat - one for each meter data collection system .
2020-06-20 14:09:19,626 INFO com.cts.controller.Controller [scheduling-1] Scanning for new input file/s for gamleAnleggFormat in C:\Users\ronend\Desktop\BKKE_BASE_FOLDER\QKunde\Borettslag_1.
2020-06-20 14:09:19,627 INFO com.cts.controller.Controller [scheduling-1] Found 0 new input file/s.
2020-06-20 14:09:19,627 INFO com.cts.controller.Controller [scheduling-1] Scanning for new input file/s for gamleAnleggFormat in C:\Users\ronend\Desktop\BKKE_BASE_FOLDER\QKunde\Borettslag_2.
2020-06-20 14:09:19,628 INFO com.cts.controller.Controller [scheduling-1] Found 0 new input file/s.
2020-06-20 14:09:19,628 INFO com.cts.controller.Controller [scheduling-1] Scanning for new input file/s for gamleAnleggFormat in C:\Users\ronend\Desktop\BKKE_BASE_FOLDER\QKunde\Borettslag_3.
2020-06-20 14:09:19,630 INFO com.cts.controller.Controller [scheduling-1] Found 0 new input file/s.
2020-06-20 14:09:19,630 INFO com.cts.controller.Controller [scheduling-1] Completed processing C:\Users\ronend\Desktop\BKKE_BASE_FOLDER\QKunde in 5 seconds.
2020-06-20 14:09:19,630 INFO com.cts.controller.Controller [scheduling-1] Completed processing in 5 seconds.
2020-06-20 14:09:19,630 INFO com.cts.controller.Controller [scheduling-1] Scan for new input files will be performed in 10 minutes according to scheduling plan.
