2020-10-19 10:35:00,926 INFO org.springframework.boot.StartupInfoLogger [main] Starting StartPoint on NOLI125045 with PID 19860 (C:\sandbox\BKK_EnergiTjenester_SpringBoot\target\classes started by ronend in C:\sandbox\BKK_EnergiTjenester_SpringBoot)
2020-10-19 10:35:00,942 INFO org.springframework.boot.SpringApplication [main] No active profile set, falling back to default profiles: default
2020-10-19 10:35:02,186 INFO org.springframework.scheduling.concurrent.ExecutorConfigurationSupport [main] Initializing ExecutorService 'taskScheduler'
2020-10-19 10:35:02,247 INFO com.cts.utils.GetListOfSubDirectories [scheduling-1] Scanning C:\Users\ronend\Desktop\BKKE_BASE_FOLDER for existing sub-directories.
2020-10-19 10:35:02,257 INFO org.springframework.boot.StartupInfoLogger [main] Started StartPoint in 2.048 seconds (JVM running for 2.9)
2020-10-19 10:35:02,265 INFO com.zaxxer.hikari.HikariDataSource [main] HikariPool-1 - Starting...
2020-10-19 10:35:02,297 INFO com.cts.controller.Controller [scheduling-1] Found 6 sub-directories - one directory per file format.
2020-10-19 10:35:02,297 INFO com.cts.controller.Controller [scheduling-1] Scanning for sub directories for circutorPLCFormat in C:\Users\ronend\Desktop\BKKE_BASE_FOLDER\CircutorPLC.
2020-10-19 10:35:02,297 INFO com.cts.utils.GetListOfSubDirectories [scheduling-1] Scanning C:\Users\ronend\Desktop\BKKE_BASE_FOLDER\CircutorPLC\ for existing sub-directories.
2020-10-19 10:35:02,305 INFO com.cts.controller.Controller [scheduling-1] Found 3 sub-folders for circutorPLCFormat - one for each meter data collection system .
2020-10-19 10:35:02,305 INFO com.cts.controller.Controller [scheduling-1] Scanning for new input file/s for circutorPLCFormat in C:\Users\ronend\Desktop\BKKE_BASE_FOLDER\CircutorPLC\Borettslag_1.
2020-10-19 10:35:02,326 INFO com.cts.controller.Controller [scheduling-1] Found 1 new input file/s.
2020-10-19 10:35:02,326 INFO com.cts.controller.Controller [scheduling-1] Found input file: test_1509_1_TimestampRead_1603096502307.txt.
2020-10-19 10:35:02,328 INFO com.cts.generator.ProcessInput [scheduling-1] Start processing input file test_1509_1_TimestampRead_1603096502307.txt.
2020-10-19 10:35:02,328 INFO com.cts.ioutils.InputFileReader [scheduling-1] Starting to read test_1509_1_TimestampRead_1603096502307.txt.
2020-10-19 10:35:02,328 INFO com.cts.ioutils.InputFileReader [scheduling-1] Completed reading. Total rows read = 16.
2020-10-19 10:35:02,336 INFO com.cts.generator.ProcessInput [scheduling-1] Collected 16 input rows.
2020-10-19 10:35:02,338 INFO com.cts.generator.ProcessInput [scheduling-1] Checking correct date format.
2020-10-19 10:35:02,409 INFO com.cts.utils.VerifyDateFormat [scheduling-1] Completed checking 16 rows, out of which 16 have correct date format.
2020-10-19 10:35:02,409 INFO com.cts.utils.VerifyDateFormat [scheduling-1] Checked date for 16 rows in less than a second.
2020-10-19 10:35:02,409 INFO com.cts.generator.ProcessInput [scheduling-1] Checking correct number format.
2020-10-19 10:35:02,417 INFO com.cts.utils.VerifyNumberFormat [scheduling-1] Completed checking 16 rows, out of which 16 have correct number format.
2020-10-19 10:35:02,417 INFO com.cts.utils.VerifyNumberFormat [scheduling-1] Checked number for 16 rows in less than a second.
2020-10-19 10:35:02,417 INFO com.cts.generator.ProcessInput [scheduling-1] Received 16 input rows, will check for an entry in customer for distinct meters in the input.
2020-10-19 10:35:02,419 INFO com.cts.customerGateway.CheckMeterInCustomer [scheduling-1] Starting to check for Customer record.
2020-10-19 10:35:02,640 INFO com.zaxxer.hikari.HikariDataSource [main] HikariPool-1 - Start completed.
2020-10-19 10:35:09,913 INFO com.cts.customerGateway.CheckMeterInCustomer [scheduling-1] Found 1 distinct meters. Will check for a Customer registry for each.
2020-10-19 10:35:09,944 INFO com.cts.customerGateway.CheckMeterInCustomer [scheduling-1] Got meter details for meter 12163501, UNIT kWh, from internal local H2 DB.
2020-10-19 10:35:09,944 INFO com.cts.customerGateway.CheckMeterInCustomer [scheduling-1] So far checked 1 meters. Out of which 1 has Customer entry.
2020-10-19 10:35:09,944 INFO com.cts.customerGateway.CheckMeterInCustomer [scheduling-1] Time to check 1 meters =  0 seconds.
2020-10-19 10:35:09,944 INFO com.cts.customerGateway.CheckMeterInCustomer [scheduling-1] Completed check for entry in Customer, found 1 meters which have a Customer record.
2020-10-19 10:35:09,944 INFO com.cts.generator.ProcessInput [scheduling-1] proceeding to process 16 input rows.
2020-10-19 10:35:09,944 INFO com.cts.generator.ProcessInput [scheduling-1] Getting necessary details for circutorPLCFormat.
2020-10-19 10:35:09,944 INFO com.cts.generator.ProcessInput [scheduling-1] Necessary details collected for 16 meters out of 16 meters received.
2020-10-19 10:35:09,960 INFO com.cts.utils.ExcludePulseCounters [scheduling-1] Getting list of pulse counters to be excluded.
2020-10-19 10:35:09,960 INFO com.cts.generator.ProcessInput [scheduling-1] Will process 1 records for gs2 file - circutorPLCFormat.
2020-10-19 10:35:09,960 INFO com.cts.generator.GeneratorForLastHourlyStand [scheduling-1] Getting last meter stand for meter 12163501 from the db.
2020-10-19 10:35:09,975 INFO com.cts.meteringGateWay.MeterReadingsClient [scheduling-1] Getting last reading details For meter_id 12163501.
2020-10-19 10:35:10,831 INFO com.cts.generator.GeneratorForLastHourlyStand [scheduling-1] getting last reading date for meter 12163501 from the db.
2020-10-19 10:35:10,847 INFO com.cts.meteringGateWay.MeterReadingsClient [scheduling-1] Getting last reading details For meter_id 12163501.
2020-10-19 10:35:10,993 INFO com.cts.generator.GeneratorForLastHourlyStand [scheduling-1] There are missing 4653 day stands for meter 12163501. Last stand date from DB is 2007-04-01T00:00:00.000+02:00, current stand date is 2019-12-26T23:00:00.000+01:00. Will create day stands for 4653 days.
2020-10-19 10:35:11,147 INFO com.cts.generator.GeneratorForStandPerHourForCircutorPLCFormat [scheduling-1] Creating file for stand per hour for circutorPLCFormat.
2020-10-19 10:35:11,163 INFO com.cts.meteringGateWay.MeterReadingsClient [scheduling-1] Getting last reading details For meter_id 12163501.
2020-10-19 10:35:11,347 INFO com.cts.meteringGateWay.MeterReadingsClient [scheduling-1] Getting last reading details For meter_id 12163501.
2020-10-19 10:35:11,494 INFO com.cts.customerGateway.GetDeliveryPoint [scheduling-1] Starting to check for Customer record.
2020-10-19 10:35:11,516 INFO com.cts.customerGateway.GetDeliveryPoint [scheduling-1] Got meter details for meter 12163501, lev_punkt_id 2979, from internal local H2 DB.
2020-10-19 10:35:11,516 INFO com.cts.generator.GeneratorForStandPerHourForCircutorPLCFormat [scheduling-1] Meter = 12163501, Objectid = 2979 - Gap of 111657 hours between last available stand_hour 2007-04-01T00:00:00.000+02:00 and current input hour 2019-12-26T08:00:00.000+01:00.
2020-10-19 10:35:11,516 INFO com.cts.generator.GeneratorForStandPerHourForCircutorPLCFormat [scheduling-1] Last stand before the gap = 409.580, current stand after the gap = 60531.000.
2020-10-19 10:35:11,516 INFO com.cts.generator.GeneratorForStandPerHourForCircutorPLCFormat [scheduling-1] Will fill the gap by equal distribution of total consumption in the gap divided by number of hours in the gap.
2020-10-19 10:35:11,610 INFO com.cts.generator.ProcessInput [scheduling-1] Created hourlyVolume GS2 file from input.
2020-10-19 10:35:11,610 INFO com.cts.ioutils.OutputFileWriter [scheduling-1] Starting writeOutput to print LastHourlyStand.
2020-10-19 10:35:11,632 INFO com.cts.ioutils.OutputFileWriter [scheduling-1] Completed writeOutput.
2020-10-19 10:35:11,632 INFO com.cts.controller.Controller [scheduling-1] GS2 file for input file test_1509_1_TimestampRead_1603096502307.txt written to C:\Users\ronend\Desktop\BKKE_BASE_FOLDER\CircutorPLC\Borettslag_1\Processed\.
2020-10-19 10:35:11,632 INFO com.cts.controller.Controller [scheduling-1] Starting to move used input files to C:\Users\ronend\Desktop\BKKE_BASE_FOLDER\CircutorPLC\Borettslag_1\Used\.
2020-10-19 10:35:11,648 INFO com.cts.utils.MoveUsedInputFilesToUsedFolder [scheduling-1] test_1509_1_TimestampRead_1603096502307.txt moved to C:\Users\ronend\Desktop\BKKE_BASE_FOLDER\CircutorPLC\Borettslag_1\Used\ .
2020-10-19 10:35:11,648 INFO com.cts.controller.Controller [scheduling-1] Completed processing in 9 seconds.
2020-10-19 10:35:11,648 INFO com.cts.controller.Controller [scheduling-1] Scan for new input files will be performed in 10 minutes according to scheduling plan.
2020-10-19 10:35:11,648 INFO com.cts.controller.Controller [scheduling-1] Scanning for new input file/s for circutorPLCFormat in C:\Users\ronend\Desktop\BKKE_BASE_FOLDER\CircutorPLC\Borettslag_2.
2020-10-19 10:35:11,648 INFO com.cts.controller.Controller [scheduling-1] Found 0 new input file/s.
2020-10-19 10:35:11,648 INFO com.cts.controller.Controller [scheduling-1] Scanning for new input file/s for circutorPLCFormat in C:\Users\ronend\Desktop\BKKE_BASE_FOLDER\CircutorPLC\Borettslag_3.
2020-10-19 10:35:11,648 INFO com.cts.controller.Controller [scheduling-1] Found 0 new input file/s.
2020-10-19 10:35:11,648 INFO com.cts.controller.Controller [scheduling-1] Completed processing C:\Users\ronend\Desktop\BKKE_BASE_FOLDER\CircutorPLC in 9 seconds.
2020-10-19 10:35:11,648 INFO com.cts.controller.Controller [scheduling-1] Scanning for sub directories for forbruksImportFormat in C:\Users\ronend\Desktop\BKKE_BASE_FOLDER\Forbruk.
2020-10-19 10:35:11,648 INFO com.cts.utils.GetListOfSubDirectories [scheduling-1] Scanning C:\Users\ronend\Desktop\BKKE_BASE_FOLDER\Forbruk\ for existing sub-directories.
2020-10-19 10:35:11,648 INFO com.cts.controller.Controller [scheduling-1] Found 3 sub-folders for forbruksImportFormat - one for each meter data collection system .
2020-10-19 10:35:11,648 INFO com.cts.controller.Controller [scheduling-1] Scanning for new input file/s for forbruksImportFormat in C:\Users\ronend\Desktop\BKKE_BASE_FOLDER\Forbruk\Borettslag_1.
2020-10-19 10:35:11,648 INFO com.cts.controller.Controller [scheduling-1] Found 0 new input file/s.
2020-10-19 10:35:11,648 INFO com.cts.controller.Controller [scheduling-1] Scanning for new input file/s for forbruksImportFormat in C:\Users\ronend\Desktop\BKKE_BASE_FOLDER\Forbruk\Borettslag_2.
2020-10-19 10:35:11,663 INFO com.cts.controller.Controller [scheduling-1] Found 0 new input file/s.
2020-10-19 10:35:11,663 INFO com.cts.controller.Controller [scheduling-1] Scanning for new input file/s for forbruksImportFormat in C:\Users\ronend\Desktop\BKKE_BASE_FOLDER\Forbruk\Borettslag_3.
2020-10-19 10:35:11,663 INFO com.cts.controller.Controller [scheduling-1] Found 0 new input file/s.
2020-10-19 10:35:11,663 INFO com.cts.controller.Controller [scheduling-1] Completed processing C:\Users\ronend\Desktop\BKKE_BASE_FOLDER\Forbruk in 9 seconds.
2020-10-19 10:35:11,663 INFO com.cts.controller.Controller [scheduling-1] Scanning for sub directories for VBVFormat in C:\Users\ronend\Desktop\BKKE_BASE_FOLDER\KamstrupVBV.
2020-10-19 10:35:11,663 INFO com.cts.utils.GetListOfSubDirectories [scheduling-1] Scanning C:\Users\ronend\Desktop\BKKE_BASE_FOLDER\KamstrupVBV\ for existing sub-directories.
2020-10-19 10:35:11,663 INFO com.cts.controller.Controller [scheduling-1] Found 3 sub-folders for VBVFormat - one for each meter data collection system .
2020-10-19 10:35:11,663 INFO com.cts.controller.Controller [scheduling-1] Scanning for new input file/s for VBVFormat in C:\Users\ronend\Desktop\BKKE_BASE_FOLDER\KamstrupVBV\Borettslag_1.
2020-10-19 10:35:11,663 INFO com.cts.controller.Controller [scheduling-1] Found 0 new input file/s.
2020-10-19 10:35:11,663 INFO com.cts.controller.Controller [scheduling-1] Scanning for new input file/s for VBVFormat in C:\Users\ronend\Desktop\BKKE_BASE_FOLDER\KamstrupVBV\Borettslag_2.
2020-10-19 10:35:11,663 INFO com.cts.controller.Controller [scheduling-1] Found 0 new input file/s.
2020-10-19 10:35:11,663 INFO com.cts.controller.Controller [scheduling-1] Scanning for new input file/s for VBVFormat in C:\Users\ronend\Desktop\BKKE_BASE_FOLDER\KamstrupVBV\Borettslag_3.
2020-10-19 10:35:11,663 INFO com.cts.controller.Controller [scheduling-1] Found 0 new input file/s.
2020-10-19 10:35:11,663 INFO com.cts.controller.Controller [scheduling-1] Completed processing C:\Users\ronend\Desktop\BKKE_BASE_FOLDER\KamstrupVBV in 9 seconds.
2020-10-19 10:35:11,663 INFO com.cts.controller.Controller [scheduling-1] Scanning for sub directories for VTFormat in C:\Users\ronend\Desktop\BKKE_BASE_FOLDER\KamstrupVT.
2020-10-19 10:35:11,663 INFO com.cts.utils.GetListOfSubDirectories [scheduling-1] Scanning C:\Users\ronend\Desktop\BKKE_BASE_FOLDER\KamstrupVT\ for existing sub-directories.
2020-10-19 10:35:11,663 INFO com.cts.controller.Controller [scheduling-1] Found 3 sub-folders for VTFormat - one for each meter data collection system .
2020-10-19 10:35:11,663 INFO com.cts.controller.Controller [scheduling-1] Scanning for new input file/s for VTFormat in C:\Users\ronend\Desktop\BKKE_BASE_FOLDER\KamstrupVT\Borettslag_1.
2020-10-19 10:35:11,663 INFO com.cts.controller.Controller [scheduling-1] Found 0 new input file/s.
2020-10-19 10:35:11,663 INFO com.cts.controller.Controller [scheduling-1] Scanning for new input file/s for VTFormat in C:\Users\ronend\Desktop\BKKE_BASE_FOLDER\KamstrupVT\Borettslag_2.
2020-10-19 10:35:11,663 INFO com.cts.controller.Controller [scheduling-1] Found 0 new input file/s.
2020-10-19 10:35:11,663 INFO com.cts.controller.Controller [scheduling-1] Scanning for new input file/s for VTFormat in C:\Users\ronend\Desktop\BKKE_BASE_FOLDER\KamstrupVT\Borettslag_3.
2020-10-19 10:35:11,663 INFO com.cts.controller.Controller [scheduling-1] Found 0 new input file/s.
2020-10-19 10:35:11,663 INFO com.cts.controller.Controller [scheduling-1] Completed processing C:\Users\ronend\Desktop\BKKE_BASE_FOLDER\KamstrupVT in 9 seconds.
2020-10-19 10:35:11,663 INFO com.cts.controller.Controller [scheduling-1] Scanning for sub directories for mBusFormat in C:\Users\ronend\Desktop\BKKE_BASE_FOLDER\M-bus.
2020-10-19 10:35:11,663 INFO com.cts.utils.GetListOfSubDirectories [scheduling-1] Scanning C:\Users\ronend\Desktop\BKKE_BASE_FOLDER\M-bus\ for existing sub-directories.
2020-10-19 10:35:11,679 INFO com.cts.controller.Controller [scheduling-1] Found 5 sub-folders for mBusFormat - one for each meter data collection system .
2020-10-19 10:35:11,679 INFO com.cts.controller.Controller [scheduling-1] Scanning for new input file/s for mBusFormat in C:\Users\ronend\Desktop\BKKE_BASE_FOLDER\M-bus\Borettslag_1.
2020-10-19 10:35:11,679 INFO com.cts.controller.Controller [scheduling-1] Found 0 new input file/s.
2020-10-19 10:35:11,679 INFO com.cts.controller.Controller [scheduling-1] Scanning for new input file/s for mBusFormat in C:\Users\ronend\Desktop\BKKE_BASE_FOLDER\M-bus\Borettslag_2.
2020-10-19 10:35:11,679 INFO com.cts.controller.Controller [scheduling-1] Found 0 new input file/s.
2020-10-19 10:35:11,679 INFO com.cts.controller.Controller [scheduling-1] Scanning for new input file/s for mBusFormat in C:\Users\ronend\Desktop\BKKE_BASE_FOLDER\M-bus\Borettslag_3.
2020-10-19 10:35:11,679 INFO com.cts.controller.Controller [scheduling-1] Found 0 new input file/s.
2020-10-19 10:35:11,679 INFO com.cts.controller.Controller [scheduling-1] Scanning for new input file/s for mBusFormat in C:\Users\ronend\Desktop\BKKE_BASE_FOLDER\M-bus\Paradishagen.
2020-10-19 10:35:11,679 INFO com.cts.controller.Controller [scheduling-1] Found 0 new input file/s.
2020-10-19 10:35:11,679 INFO com.cts.controller.Controller [scheduling-1] Scanning for new input file/s for mBusFormat in C:\Users\ronend\Desktop\BKKE_BASE_FOLDER\M-bus\Test.
2020-10-19 10:35:11,679 INFO com.cts.controller.Controller [scheduling-1] Found 0 new input file/s.
2020-10-19 10:35:11,679 INFO com.cts.controller.Controller [scheduling-1] Completed processing C:\Users\ronend\Desktop\BKKE_BASE_FOLDER\M-bus in 9 seconds.
2020-10-19 10:35:11,679 INFO com.cts.controller.Controller [scheduling-1] Scanning for sub directories for gamleAnleggFormat in C:\Users\ronend\Desktop\BKKE_BASE_FOLDER\QKunde.
2020-10-19 10:35:11,679 INFO com.cts.utils.GetListOfSubDirectories [scheduling-1] Scanning C:\Users\ronend\Desktop\BKKE_BASE_FOLDER\QKunde\ for existing sub-directories.
2020-10-19 10:35:11,679 INFO com.cts.controller.Controller [scheduling-1] Found 3 sub-folders for gamleAnleggFormat - one for each meter data collection system .
2020-10-19 10:35:11,679 INFO com.cts.controller.Controller [scheduling-1] Scanning for new input file/s for gamleAnleggFormat in C:\Users\ronend\Desktop\BKKE_BASE_FOLDER\QKunde\Borettslag_1.
2020-10-19 10:35:11,679 INFO com.cts.controller.Controller [scheduling-1] Found 0 new input file/s.
2020-10-19 10:35:11,679 INFO com.cts.controller.Controller [scheduling-1] Scanning for new input file/s for gamleAnleggFormat in C:\Users\ronend\Desktop\BKKE_BASE_FOLDER\QKunde\Borettslag_2.
2020-10-19 10:35:11,679 INFO com.cts.controller.Controller [scheduling-1] Found 0 new input file/s.
2020-10-19 10:35:11,679 INFO com.cts.controller.Controller [scheduling-1] Scanning for new input file/s for gamleAnleggFormat in C:\Users\ronend\Desktop\BKKE_BASE_FOLDER\QKunde\Borettslag_3.
2020-10-19 10:35:11,695 INFO com.cts.controller.Controller [scheduling-1] Found 0 new input file/s.
2020-10-19 10:35:11,695 INFO com.cts.controller.Controller [scheduling-1] Completed processing C:\Users\ronend\Desktop\BKKE_BASE_FOLDER\QKunde in 9 seconds.
2020-10-19 10:35:11,695 INFO com.cts.controller.Controller [scheduling-1] Completed processing in 9 seconds.
2020-10-19 10:35:11,695 INFO com.cts.controller.Controller [scheduling-1] Scan for new input files will be performed in 10 minutes according to scheduling plan.
2020-10-19 10:37:08,718 INFO org.springframework.boot.StartupInfoLogger [main] Starting StartPoint on NOLI125045 with PID 10568 (C:\sandbox\BKK_EnergiTjenester_SpringBoot\target\classes started by ronend in C:\sandbox\BKK_EnergiTjenester_SpringBoot)
2020-10-19 10:37:08,718 INFO org.springframework.boot.SpringApplication [main] No active profile set, falling back to default profiles: default
2020-10-19 10:37:09,974 INFO org.springframework.scheduling.concurrent.ExecutorConfigurationSupport [main] Initializing ExecutorService 'taskScheduler'
2020-10-19 10:37:10,021 INFO com.cts.utils.GetListOfSubDirectories [scheduling-1] Scanning C:\Users\ronend\Desktop\BKKE_BASE_FOLDER for existing sub-directories.
2020-10-19 10:37:10,021 INFO org.springframework.boot.StartupInfoLogger [main] Started StartPoint in 2.023 seconds (JVM running for 2.837)
2020-10-19 10:37:10,037 INFO com.zaxxer.hikari.HikariDataSource [main] HikariPool-1 - Starting...
2020-10-19 10:37:10,052 INFO com.cts.controller.Controller [scheduling-1] Found 6 sub-directories - one directory per file format.
2020-10-19 10:37:10,052 INFO com.cts.controller.Controller [scheduling-1] Scanning for sub directories for circutorPLCFormat in C:\Users\ronend\Desktop\BKKE_BASE_FOLDER\CircutorPLC.
2020-10-19 10:37:10,052 INFO com.cts.utils.GetListOfSubDirectories [scheduling-1] Scanning C:\Users\ronend\Desktop\BKKE_BASE_FOLDER\CircutorPLC\ for existing sub-directories.
2020-10-19 10:37:10,068 INFO com.cts.controller.Controller [scheduling-1] Found 3 sub-folders for circutorPLCFormat - one for each meter data collection system .
2020-10-19 10:37:10,068 INFO com.cts.controller.Controller [scheduling-1] Scanning for new input file/s for circutorPLCFormat in C:\Users\ronend\Desktop\BKKE_BASE_FOLDER\CircutorPLC\Borettslag_1.
2020-10-19 10:37:10,075 INFO com.cts.controller.Controller [scheduling-1] Found 0 new input file/s.
2020-10-19 10:37:10,075 INFO com.cts.controller.Controller [scheduling-1] Scanning for new input file/s for circutorPLCFormat in C:\Users\ronend\Desktop\BKKE_BASE_FOLDER\CircutorPLC\Borettslag_2.
2020-10-19 10:37:10,075 INFO com.cts.controller.Controller [scheduling-1] Found 0 new input file/s.
2020-10-19 10:37:10,075 INFO com.cts.controller.Controller [scheduling-1] Scanning for new input file/s for circutorPLCFormat in C:\Users\ronend\Desktop\BKKE_BASE_FOLDER\CircutorPLC\Borettslag_3.
2020-10-19 10:37:10,075 INFO com.cts.controller.Controller [scheduling-1] Found 0 new input file/s.
2020-10-19 10:37:10,075 INFO com.cts.controller.Controller [scheduling-1] Completed processing C:\Users\ronend\Desktop\BKKE_BASE_FOLDER\CircutorPLC in 0 seconds.
2020-10-19 10:37:10,075 INFO com.cts.controller.Controller [scheduling-1] Scanning for sub directories for forbruksImportFormat in C:\Users\ronend\Desktop\BKKE_BASE_FOLDER\Forbruk.
2020-10-19 10:37:10,075 INFO com.cts.utils.GetListOfSubDirectories [scheduling-1] Scanning C:\Users\ronend\Desktop\BKKE_BASE_FOLDER\Forbruk\ for existing sub-directories.
2020-10-19 10:37:10,075 INFO com.cts.controller.Controller [scheduling-1] Found 3 sub-folders for forbruksImportFormat - one for each meter data collection system .
2020-10-19 10:37:10,075 INFO com.cts.controller.Controller [scheduling-1] Scanning for new input file/s for forbruksImportFormat in C:\Users\ronend\Desktop\BKKE_BASE_FOLDER\Forbruk\Borettslag_1.
2020-10-19 10:37:10,075 INFO com.cts.controller.Controller [scheduling-1] Found 0 new input file/s.
2020-10-19 10:37:10,075 INFO com.cts.controller.Controller [scheduling-1] Scanning for new input file/s for forbruksImportFormat in C:\Users\ronend\Desktop\BKKE_BASE_FOLDER\Forbruk\Borettslag_2.
2020-10-19 10:37:10,075 INFO com.cts.controller.Controller [scheduling-1] Found 0 new input file/s.
2020-10-19 10:37:10,075 INFO com.cts.controller.Controller [scheduling-1] Scanning for new input file/s for forbruksImportFormat in C:\Users\ronend\Desktop\BKKE_BASE_FOLDER\Forbruk\Borettslag_3.
2020-10-19 10:37:10,075 INFO com.cts.controller.Controller [scheduling-1] Found 0 new input file/s.
2020-10-19 10:37:10,075 INFO com.cts.controller.Controller [scheduling-1] Completed processing C:\Users\ronend\Desktop\BKKE_BASE_FOLDER\Forbruk in 0 seconds.
2020-10-19 10:37:10,075 INFO com.cts.controller.Controller [scheduling-1] Scanning for sub directories for VBVFormat in C:\Users\ronend\Desktop\BKKE_BASE_FOLDER\KamstrupVBV.
2020-10-19 10:37:10,075 INFO com.cts.utils.GetListOfSubDirectories [scheduling-1] Scanning C:\Users\ronend\Desktop\BKKE_BASE_FOLDER\KamstrupVBV\ for existing sub-directories.
2020-10-19 10:37:10,090 INFO com.cts.controller.Controller [scheduling-1] Found 3 sub-folders for VBVFormat - one for each meter data collection system .
2020-10-19 10:37:10,090 INFO com.cts.controller.Controller [scheduling-1] Scanning for new input file/s for VBVFormat in C:\Users\ronend\Desktop\BKKE_BASE_FOLDER\KamstrupVBV\Borettslag_1.
2020-10-19 10:37:10,090 INFO com.cts.controller.Controller [scheduling-1] Found 0 new input file/s.
2020-10-19 10:37:10,090 INFO com.cts.controller.Controller [scheduling-1] Scanning for new input file/s for VBVFormat in C:\Users\ronend\Desktop\BKKE_BASE_FOLDER\KamstrupVBV\Borettslag_2.
2020-10-19 10:37:10,090 INFO com.cts.controller.Controller [scheduling-1] Found 0 new input file/s.
2020-10-19 10:37:10,090 INFO com.cts.controller.Controller [scheduling-1] Scanning for new input file/s for VBVFormat in C:\Users\ronend\Desktop\BKKE_BASE_FOLDER\KamstrupVBV\Borettslag_3.
2020-10-19 10:37:10,090 INFO com.cts.controller.Controller [scheduling-1] Found 0 new input file/s.
2020-10-19 10:37:10,090 INFO com.cts.controller.Controller [scheduling-1] Completed processing C:\Users\ronend\Desktop\BKKE_BASE_FOLDER\KamstrupVBV in 0 seconds.
2020-10-19 10:37:10,090 INFO com.cts.controller.Controller [scheduling-1] Scanning for sub directories for VTFormat in C:\Users\ronend\Desktop\BKKE_BASE_FOLDER\KamstrupVT.
2020-10-19 10:37:10,090 INFO com.cts.utils.GetListOfSubDirectories [scheduling-1] Scanning C:\Users\ronend\Desktop\BKKE_BASE_FOLDER\KamstrupVT\ for existing sub-directories.
2020-10-19 10:37:10,106 INFO com.cts.controller.Controller [scheduling-1] Found 3 sub-folders for VTFormat - one for each meter data collection system .
2020-10-19 10:37:10,106 INFO com.cts.controller.Controller [scheduling-1] Scanning for new input file/s for VTFormat in C:\Users\ronend\Desktop\BKKE_BASE_FOLDER\KamstrupVT\Borettslag_1.
2020-10-19 10:37:10,106 INFO com.cts.controller.Controller [scheduling-1] Found 0 new input file/s.
2020-10-19 10:37:10,106 INFO com.cts.controller.Controller [scheduling-1] Scanning for new input file/s for VTFormat in C:\Users\ronend\Desktop\BKKE_BASE_FOLDER\KamstrupVT\Borettslag_2.
2020-10-19 10:37:10,106 INFO com.cts.controller.Controller [scheduling-1] Found 0 new input file/s.
2020-10-19 10:37:10,106 INFO com.cts.controller.Controller [scheduling-1] Scanning for new input file/s for VTFormat in C:\Users\ronend\Desktop\BKKE_BASE_FOLDER\KamstrupVT\Borettslag_3.
2020-10-19 10:37:10,106 INFO com.cts.controller.Controller [scheduling-1] Found 0 new input file/s.
2020-10-19 10:37:10,106 INFO com.cts.controller.Controller [scheduling-1] Completed processing C:\Users\ronend\Desktop\BKKE_BASE_FOLDER\KamstrupVT in 0 seconds.
2020-10-19 10:37:10,106 INFO com.cts.controller.Controller [scheduling-1] Scanning for sub directories for mBusFormat in C:\Users\ronend\Desktop\BKKE_BASE_FOLDER\M-bus.
2020-10-19 10:37:10,106 INFO com.cts.utils.GetListOfSubDirectories [scheduling-1] Scanning C:\Users\ronend\Desktop\BKKE_BASE_FOLDER\M-bus\ for existing sub-directories.
2020-10-19 10:37:10,121 INFO com.cts.controller.Controller [scheduling-1] Found 5 sub-folders for mBusFormat - one for each meter data collection system .
2020-10-19 10:37:10,121 INFO com.cts.controller.Controller [scheduling-1] Scanning for new input file/s for mBusFormat in C:\Users\ronend\Desktop\BKKE_BASE_FOLDER\M-bus\Borettslag_1.
2020-10-19 10:37:10,153 INFO com.cts.controller.Controller [scheduling-1] Found 1 new input file/s.
2020-10-19 10:37:10,153 INFO com.cts.controller.Controller [scheduling-1] Found input file: m_bus_10_TimestampRead_1603096630121.txt.
2020-10-19 10:37:10,153 INFO com.cts.generator.ProcessInput [scheduling-1] Start processing input file m_bus_10_TimestampRead_1603096630121.txt.
2020-10-19 10:37:10,153 INFO com.cts.ioutils.InputFileReader [scheduling-1] Starting to read m_bus_10_TimestampRead_1603096630121.txt.
2020-10-19 10:37:10,153 INFO com.cts.ioutils.InputFileReader [scheduling-1] Completed reading. Total rows read = 2.
2020-10-19 10:37:10,153 INFO com.cts.generator.ProcessInput [scheduling-1] Collected 2 input rows.
2020-10-19 10:37:10,153 INFO com.cts.generator.ProcessInput [scheduling-1] Checking correct date format.
2020-10-19 10:37:10,277 INFO com.cts.utils.VerifyDateFormat [scheduling-1] Completed checking 2 rows, out of which 2 have correct date format.
2020-10-19 10:37:10,277 INFO com.cts.utils.VerifyDateFormat [scheduling-1] Checked date for 2 rows in less than a second.
2020-10-19 10:37:10,277 INFO com.cts.generator.ProcessInput [scheduling-1] Checking correct number format.
2020-10-19 10:37:10,287 INFO com.cts.utils.VerifyNumberFormat [scheduling-1] Completed checking 2 rows, out of which 2 have correct number format.
2020-10-19 10:37:10,287 INFO com.cts.utils.VerifyNumberFormat [scheduling-1] Checked number for 2 rows in less than a second.
2020-10-19 10:37:10,287 INFO com.cts.generator.ProcessInput [scheduling-1] Received 2 input rows, will check for an entry in customer for distinct meters in the input.
2020-10-19 10:37:10,298 INFO com.cts.customerGateway.CheckMeterInCustomer [scheduling-1] Starting to check for Customer record.
2020-10-19 10:37:10,503 INFO com.zaxxer.hikari.HikariDataSource [main] HikariPool-1 - Start completed.
2020-10-19 10:37:17,589 INFO com.cts.customerGateway.CheckMeterInCustomer [scheduling-1] Found 2 distinct meters. Will check for a Customer registry for each.
2020-10-19 10:37:17,627 INFO com.cts.customerGateway.CheckMeterInCustomer [scheduling-1] Got meter details for meter 9670, UNIT kWh, from internal local H2 DB.
2020-10-19 10:37:17,627 INFO com.cts.customerGateway.CheckMeterInCustomer [scheduling-1] Got meter details for meter 9680, UNIT kWh, from internal local H2 DB.
2020-10-19 10:37:17,627 INFO com.cts.customerGateway.CheckMeterInCustomer [scheduling-1] So far checked 2 meters. Out of which 2 has Customer entry.
2020-10-19 10:37:17,627 INFO com.cts.customerGateway.CheckMeterInCustomer [scheduling-1] Time to check 2 meters =  0 seconds.
2020-10-19 10:37:17,627 INFO com.cts.customerGateway.CheckMeterInCustomer [scheduling-1] Completed check for entry in Customer, found 2 meters which have a Customer record.
2020-10-19 10:37:17,627 INFO com.cts.generator.ProcessInput [scheduling-1] proceeding to process 2 input rows.
2020-10-19 10:37:17,627 INFO com.cts.generator.ProcessInput [scheduling-1] Getting necessary details for mBusFormat.
2020-10-19 10:37:17,627 INFO com.cts.generator.ProcessInput [scheduling-1] Necessary details collected for 2 meters out of a total of 2 meters.
2020-10-19 10:37:17,627 INFO com.cts.utils.InitiateMappingMeterToDetails [scheduling-1] starting to assign productType from Customer.
2020-10-19 10:37:17,627 INFO com.cts.utils.InitiateMappingMeterToDetails [scheduling-1] Checking if meter 9670 exists in base of previously checked meters.
2020-10-19 10:37:17,642 INFO com.cts.utils.InitiateMappingMeterToDetails [scheduling-1] Found meter 9670, productType ActiveEnergy, in in base of previously checked meters.
2020-10-19 10:37:17,642 INFO com.cts.utils.InitiateMappingMeterToDetails [scheduling-1] Checking if meter 9680 exists in base of previously checked meters.
2020-10-19 10:37:17,642 INFO com.cts.utils.InitiateMappingMeterToDetails [scheduling-1] Could not find meter 9680 in the base of previously checked meters, will try to get details by API call to ISCU.
2020-10-19 10:37:17,642 INFO com.cts.customerGateway.MeterSetupClient [scheduling-1] Getting details For meter_id 9680.
2020-10-19 10:37:17,642 INFO com.cts.customerGateway.MeterSetupClient [scheduling-1] Full URL to the API is: https://juniorgorg10.infosynergi.no:9061/iscustomer/api/metersetups/9680
2020-10-19 10:37:17,642 INFO com.cts.customerGateway.MeterSetupClient [scheduling-1] Executing: return yafrRestTemplate.getForEntity(https://juniorgorg10.infosynergi.no:9061/iscustomer/api/metersetups/9680, MeterSetupV2.class).getBody();
2020-10-19 10:37:18,315 INFO com.cts.utils.InitiateMappingMeterToDetails [scheduling-1] Got requested details for meter 9680, productType ActiveEnergy, from API call.
2020-10-19 10:37:18,315 INFO com.cts.utils.InitiateMappingMeterToDetails [scheduling-1] Will try to insert meter 9680, detail ActiveEnergy, to local DB.
2020-10-19 10:37:18,315 INFO com.cts.utils.InitiateMappingMeterToDetails [scheduling-1] Inserted meterid = 9680, detail =  ActiveEnergy into H2 local database
2020-10-19 10:37:18,315 INFO com.cts.utils.InitiateMappingMeterToDetails [scheduling-1] Completed to retrieve productType for 2 meters out of 2 total distinct meters.
2020-10-19 10:37:18,315 INFO com.cts.generator.ProcessInput [scheduling-1] Will process 2 records for gs2 file - mBusFormat.
2020-10-19 10:37:18,323 INFO com.cts.generator.GeneratorForLastHourlyStand [scheduling-1] Getting last meter stand for meter 9670 from the db.
2020-10-19 10:37:18,333 INFO com.cts.meteringGateWay.MeterReadingsClient [scheduling-1] Getting last reading details For meter_id 9670.
2020-10-19 10:37:19,077 INFO com.cts.generator.GeneratorForLastHourlyStand [scheduling-1] getting last reading date for meter 9670 from the db.
2020-10-19 10:37:19,077 INFO com.cts.meteringGateWay.MeterReadingsClient [scheduling-1] Getting last reading details For meter_id 9670.
2020-10-19 10:37:19,267 INFO com.cts.generator.GeneratorForLastHourlyStand [scheduling-1] There are missing 276 day stands for meter 9670. Last stand date from DB is 2018-04-01T00:00:00.000+02:00, current stand date is 2019-01-01T23:00:59.000+01:00. Will create day stands for 276 days.
2020-10-19 10:37:19,298 INFO com.cts.generator.GeneratorForLastHourlyStand [scheduling-1] Getting last meter stand for meter 9680 from the db.
2020-10-19 10:37:19,314 INFO com.cts.meteringGateWay.MeterReadingsClient [scheduling-1] Getting last reading details For meter_id 9680.
2020-10-19 10:37:19,552 INFO com.cts.generator.GeneratorForLastHourlyStand [scheduling-1] getting last reading date for meter 9680 from the db.
2020-10-19 10:37:19,552 INFO com.cts.meteringGateWay.MeterReadingsClient [scheduling-1] Getting last reading details For meter_id 9680.
2020-10-19 10:37:19,699 INFO com.cts.generator.GeneratorForLastHourlyStand [scheduling-1] There are missing 277 day stands for meter 9680. Last stand date from DB is 2018-04-01T00:00:00.000+02:00, current stand date is 2019-01-02T00:59:59.000+01:00. Will create day stands for 277 days.
2020-10-19 10:37:19,737 INFO com.cts.generator.ProcessInput [scheduling-1] Created hourlyVolume GS2 file from input.
2020-10-19 10:37:19,737 INFO com.cts.ioutils.OutputFileWriter [scheduling-1] Starting writeOutput to print LastHourlyStand.
2020-10-19 10:37:19,737 INFO com.cts.ioutils.OutputFileWriter [scheduling-1] Completed writeOutput.
2020-10-19 10:37:19,737 INFO com.cts.controller.Controller [scheduling-1] GS2 file for input file m_bus_10_TimestampRead_1603096630121.txt written to C:\Users\ronend\Desktop\BKKE_BASE_FOLDER\M-bus\Borettslag_1\Processed\.
2020-10-19 10:37:19,737 INFO com.cts.controller.Controller [scheduling-1] Starting to move used input files to C:\Users\ronend\Desktop\BKKE_BASE_FOLDER\M-bus\Borettslag_1\Used\.
2020-10-19 10:37:19,753 INFO com.cts.utils.MoveUsedInputFilesToUsedFolder [scheduling-1] m_bus_10_TimestampRead_1603096630121.txt moved to C:\Users\ronend\Desktop\BKKE_BASE_FOLDER\M-bus\Borettslag_1\Used\ .
2020-10-19 10:37:19,753 INFO com.cts.controller.Controller [scheduling-1] Completed processing in 9 seconds.
2020-10-19 10:37:19,753 INFO com.cts.controller.Controller [scheduling-1] Scan for new input files will be performed in 10 minutes according to scheduling plan.
2020-10-19 10:37:19,753 INFO com.cts.controller.Controller [scheduling-1] Scanning for new input file/s for mBusFormat in C:\Users\ronend\Desktop\BKKE_BASE_FOLDER\M-bus\Borettslag_2.
2020-10-19 10:37:19,753 INFO com.cts.controller.Controller [scheduling-1] Found 0 new input file/s.
2020-10-19 10:37:19,753 INFO com.cts.controller.Controller [scheduling-1] Scanning for new input file/s for mBusFormat in C:\Users\ronend\Desktop\BKKE_BASE_FOLDER\M-bus\Borettslag_3.
2020-10-19 10:37:19,753 INFO com.cts.controller.Controller [scheduling-1] Found 0 new input file/s.
2020-10-19 10:37:19,753 INFO com.cts.controller.Controller [scheduling-1] Scanning for new input file/s for mBusFormat in C:\Users\ronend\Desktop\BKKE_BASE_FOLDER\M-bus\Paradishagen.
2020-10-19 10:37:19,753 INFO com.cts.controller.Controller [scheduling-1] Found 0 new input file/s.
2020-10-19 10:37:19,753 INFO com.cts.controller.Controller [scheduling-1] Scanning for new input file/s for mBusFormat in C:\Users\ronend\Desktop\BKKE_BASE_FOLDER\M-bus\Test.
2020-10-19 10:37:19,753 INFO com.cts.controller.Controller [scheduling-1] Found 0 new input file/s.
2020-10-19 10:37:19,753 INFO com.cts.controller.Controller [scheduling-1] Completed processing C:\Users\ronend\Desktop\BKKE_BASE_FOLDER\M-bus in 9 seconds.
2020-10-19 10:37:19,753 INFO com.cts.controller.Controller [scheduling-1] Scanning for sub directories for gamleAnleggFormat in C:\Users\ronend\Desktop\BKKE_BASE_FOLDER\QKunde.
2020-10-19 10:37:19,753 INFO com.cts.utils.GetListOfSubDirectories [scheduling-1] Scanning C:\Users\ronend\Desktop\BKKE_BASE_FOLDER\QKunde\ for existing sub-directories.
2020-10-19 10:37:19,753 INFO com.cts.controller.Controller [scheduling-1] Found 3 sub-folders for gamleAnleggFormat - one for each meter data collection system .
2020-10-19 10:37:19,753 INFO com.cts.controller.Controller [scheduling-1] Scanning for new input file/s for gamleAnleggFormat in C:\Users\ronend\Desktop\BKKE_BASE_FOLDER\QKunde\Borettslag_1.
2020-10-19 10:37:19,753 INFO com.cts.controller.Controller [scheduling-1] Found 0 new input file/s.
2020-10-19 10:37:19,753 INFO com.cts.controller.Controller [scheduling-1] Scanning for new input file/s for gamleAnleggFormat in C:\Users\ronend\Desktop\BKKE_BASE_FOLDER\QKunde\Borettslag_2.
2020-10-19 10:37:19,753 INFO com.cts.controller.Controller [scheduling-1] Found 0 new input file/s.
2020-10-19 10:37:19,753 INFO com.cts.controller.Controller [scheduling-1] Scanning for new input file/s for gamleAnleggFormat in C:\Users\ronend\Desktop\BKKE_BASE_FOLDER\QKunde\Borettslag_3.
2020-10-19 10:37:19,753 INFO com.cts.controller.Controller [scheduling-1] Found 0 new input file/s.
2020-10-19 10:37:19,753 INFO com.cts.controller.Controller [scheduling-1] Completed processing C:\Users\ronend\Desktop\BKKE_BASE_FOLDER\QKunde in 9 seconds.
2020-10-19 10:37:19,753 INFO com.cts.controller.Controller [scheduling-1] Completed processing in 9 seconds.
2020-10-19 10:37:19,753 INFO com.cts.controller.Controller [scheduling-1] Scan for new input files will be performed in 10 minutes according to scheduling plan.
2020-10-22 15:14:18,121 INFO org.springframework.boot.StartupInfoLogger [main] Starting StartPoint on NOLI125045 with PID 25168 (C:\Users\ronend\Desktop\BKKE_In_Progress\ctc_convertersuite_bkk_energitjenester_springboot\target\classes started by ronend in C:\Users\ronend\Desktop\BKKE_In_Progress\ctc_convertersuite_bkk_energitjenester_springboot)
2020-10-22 15:14:18,127 INFO org.springframework.boot.SpringApplication [main] No active profile set, falling back to default profiles: default
2020-10-22 15:14:19,696 INFO org.springframework.scheduling.concurrent.ExecutorConfigurationSupport [main] Initializing ExecutorService 'taskScheduler'
2020-10-22 15:14:19,771 INFO org.springframework.boot.StartupInfoLogger [main] Started StartPoint in 2.858 seconds (JVM running for 4.364)
2020-10-22 15:14:19,765 INFO com.cts.utils.GetListOfSubDirectories [scheduling-1] Scanning C:\Users\ronend\Desktop\BKKE_BASE_FOLDER for existing sub-directories.
2020-10-22 15:14:19,784 INFO com.zaxxer.hikari.HikariDataSource [main] HikariPool-1 - Starting...
2020-10-22 15:14:19,813 INFO com.cts.controller.Controller [scheduling-1] Found 6 sub-directories - one directory per file format.
2020-10-22 15:14:19,814 INFO com.cts.controller.Controller [scheduling-1] Scanning for sub directories for circutorPLCFormat in C:\Users\ronend\Desktop\BKKE_BASE_FOLDER\CircutorPLC.
2020-10-22 15:14:19,815 INFO com.cts.utils.GetListOfSubDirectories [scheduling-1] Scanning C:\Users\ronend\Desktop\BKKE_BASE_FOLDER\CircutorPLC\ for existing sub-directories.
2020-10-22 15:14:19,824 INFO com.cts.controller.Controller [scheduling-1] Found 3 sub-folders for circutorPLCFormat - one for each meter data collection system .
2020-10-22 15:14:19,824 INFO com.cts.controller.Controller [scheduling-1] Scanning for new input file/s for circutorPLCFormat in C:\Users\ronend\Desktop\BKKE_BASE_FOLDER\CircutorPLC\Borettslag_1.
2020-10-22 15:14:19,847 INFO com.cts.controller.Controller [scheduling-1] Found 0 new input file/s.
2020-10-22 15:14:19,848 INFO com.cts.controller.Controller [scheduling-1] Scanning for new input file/s for circutorPLCFormat in C:\Users\ronend\Desktop\BKKE_BASE_FOLDER\CircutorPLC\Borettslag_2.
2020-10-22 15:14:19,850 INFO com.cts.controller.Controller [scheduling-1] Found 0 new input file/s.
2020-10-22 15:14:19,851 INFO com.cts.controller.Controller [scheduling-1] Scanning for new input file/s for circutorPLCFormat in C:\Users\ronend\Desktop\BKKE_BASE_FOLDER\CircutorPLC\Borettslag_3.
2020-10-22 15:14:19,855 INFO com.cts.controller.Controller [scheduling-1] Found 0 new input file/s.
2020-10-22 15:14:19,862 INFO com.cts.controller.Controller [scheduling-1] Completed processing C:\Users\ronend\Desktop\BKKE_BASE_FOLDER\CircutorPLC in 0 seconds.
2020-10-22 15:14:19,862 INFO com.cts.controller.Controller [scheduling-1] Scanning for sub directories for forbruksImportFormat in C:\Users\ronend\Desktop\BKKE_BASE_FOLDER\Forbruk.
2020-10-22 15:14:19,862 INFO com.cts.utils.GetListOfSubDirectories [scheduling-1] Scanning C:\Users\ronend\Desktop\BKKE_BASE_FOLDER\Forbruk\ for existing sub-directories.
2020-10-22 15:14:19,879 INFO com.cts.controller.Controller [scheduling-1] Found 3 sub-folders for forbruksImportFormat - one for each meter data collection system .
2020-10-22 15:14:19,880 INFO com.cts.controller.Controller [scheduling-1] Scanning for new input file/s for forbruksImportFormat in C:\Users\ronend\Desktop\BKKE_BASE_FOLDER\Forbruk\Borettslag_1.
2020-10-22 15:14:19,889 INFO com.cts.controller.Controller [scheduling-1] Found 0 new input file/s.
2020-10-22 15:14:19,890 INFO com.cts.controller.Controller [scheduling-1] Scanning for new input file/s for forbruksImportFormat in C:\Users\ronend\Desktop\BKKE_BASE_FOLDER\Forbruk\Borettslag_2.
2020-10-22 15:14:19,892 INFO com.cts.controller.Controller [scheduling-1] Found 0 new input file/s.
2020-10-22 15:14:19,893 INFO com.cts.controller.Controller [scheduling-1] Scanning for new input file/s for forbruksImportFormat in C:\Users\ronend\Desktop\BKKE_BASE_FOLDER\Forbruk\Borettslag_3.
2020-10-22 15:14:19,895 INFO com.cts.controller.Controller [scheduling-1] Found 0 new input file/s.
2020-10-22 15:14:19,896 INFO com.cts.controller.Controller [scheduling-1] Completed processing C:\Users\ronend\Desktop\BKKE_BASE_FOLDER\Forbruk in 0 seconds.
2020-10-22 15:14:19,896 INFO com.cts.controller.Controller [scheduling-1] Scanning for sub directories for VBVFormat in C:\Users\ronend\Desktop\BKKE_BASE_FOLDER\KamstrupVBV.
2020-10-22 15:14:19,896 INFO com.cts.utils.GetListOfSubDirectories [scheduling-1] Scanning C:\Users\ronend\Desktop\BKKE_BASE_FOLDER\KamstrupVBV\ for existing sub-directories.
2020-10-22 15:14:19,903 INFO com.cts.controller.Controller [scheduling-1] Found 3 sub-folders for VBVFormat - one for each meter data collection system .
2020-10-22 15:14:19,904 INFO com.cts.controller.Controller [scheduling-1] Scanning for new input file/s for VBVFormat in C:\Users\ronend\Desktop\BKKE_BASE_FOLDER\KamstrupVBV\Borettslag_1.
2020-10-22 15:14:19,907 INFO com.cts.controller.Controller [scheduling-1] Found 0 new input file/s.
2020-10-22 15:14:19,908 INFO com.cts.controller.Controller [scheduling-1] Scanning for new input file/s for VBVFormat in C:\Users\ronend\Desktop\BKKE_BASE_FOLDER\KamstrupVBV\Borettslag_2.
2020-10-22 15:14:19,910 INFO com.cts.controller.Controller [scheduling-1] Found 0 new input file/s.
2020-10-22 15:14:19,910 INFO com.cts.controller.Controller [scheduling-1] Scanning for new input file/s for VBVFormat in C:\Users\ronend\Desktop\BKKE_BASE_FOLDER\KamstrupVBV\Borettslag_3.
2020-10-22 15:14:19,912 INFO com.cts.controller.Controller [scheduling-1] Found 0 new input file/s.
2020-10-22 15:14:19,913 INFO com.cts.controller.Controller [scheduling-1] Completed processing C:\Users\ronend\Desktop\BKKE_BASE_FOLDER\KamstrupVBV in 0 seconds.
2020-10-22 15:14:19,913 INFO com.cts.controller.Controller [scheduling-1] Scanning for sub directories for VTFormat in C:\Users\ronend\Desktop\BKKE_BASE_FOLDER\KamstrupVT.
2020-10-22 15:14:19,913 INFO com.cts.utils.GetListOfSubDirectories [scheduling-1] Scanning C:\Users\ronend\Desktop\BKKE_BASE_FOLDER\KamstrupVT\ for existing sub-directories.
2020-10-22 15:14:19,918 INFO com.cts.controller.Controller [scheduling-1] Found 3 sub-folders for VTFormat - one for each meter data collection system .
2020-10-22 15:14:19,918 INFO com.cts.controller.Controller [scheduling-1] Scanning for new input file/s for VTFormat in C:\Users\ronend\Desktop\BKKE_BASE_FOLDER\KamstrupVT\Borettslag_1.
2020-10-22 15:14:19,925 INFO com.cts.controller.Controller [scheduling-1] Found 0 new input file/s.
2020-10-22 15:14:19,925 INFO com.cts.controller.Controller [scheduling-1] Scanning for new input file/s for VTFormat in C:\Users\ronend\Desktop\BKKE_BASE_FOLDER\KamstrupVT\Borettslag_2.
2020-10-22 15:14:19,927 INFO com.cts.controller.Controller [scheduling-1] Found 0 new input file/s.
2020-10-22 15:14:19,928 INFO com.cts.controller.Controller [scheduling-1] Scanning for new input file/s for VTFormat in C:\Users\ronend\Desktop\BKKE_BASE_FOLDER\KamstrupVT\Borettslag_3.
2020-10-22 15:14:19,932 INFO com.cts.controller.Controller [scheduling-1] Found 0 new input file/s.
2020-10-22 15:14:19,932 INFO com.cts.controller.Controller [scheduling-1] Completed processing C:\Users\ronend\Desktop\BKKE_BASE_FOLDER\KamstrupVT in 0 seconds.
2020-10-22 15:14:19,933 INFO com.cts.controller.Controller [scheduling-1] Scanning for sub directories for mBusFormat in C:\Users\ronend\Desktop\BKKE_BASE_FOLDER\M-bus.
2020-10-22 15:14:19,933 INFO com.cts.utils.GetListOfSubDirectories [scheduling-1] Scanning C:\Users\ronend\Desktop\BKKE_BASE_FOLDER\M-bus\ for existing sub-directories.
2020-10-22 15:14:19,941 INFO com.cts.controller.Controller [scheduling-1] Found 5 sub-folders for mBusFormat - one for each meter data collection system .
2020-10-22 15:14:19,941 INFO com.cts.controller.Controller [scheduling-1] Scanning for new input file/s for mBusFormat in C:\Users\ronend\Desktop\BKKE_BASE_FOLDER\M-bus\Borettslag_1.
2020-10-22 15:14:19,943 INFO com.cts.controller.Controller [scheduling-1] Found 0 new input file/s.
2020-10-22 15:14:19,944 INFO com.cts.controller.Controller [scheduling-1] Scanning for new input file/s for mBusFormat in C:\Users\ronend\Desktop\BKKE_BASE_FOLDER\M-bus\Borettslag_2.
2020-10-22 15:14:19,947 INFO com.cts.controller.Controller [scheduling-1] Found 0 new input file/s.
2020-10-22 15:14:19,947 INFO com.cts.controller.Controller [scheduling-1] Scanning for new input file/s for mBusFormat in C:\Users\ronend\Desktop\BKKE_BASE_FOLDER\M-bus\Borettslag_3.
2020-10-22 15:14:19,950 INFO com.cts.controller.Controller [scheduling-1] Found 0 new input file/s.
2020-10-22 15:14:19,951 INFO com.cts.controller.Controller [scheduling-1] Scanning for new input file/s for mBusFormat in C:\Users\ronend\Desktop\BKKE_BASE_FOLDER\M-bus\Paradishagen.
2020-10-22 15:14:19,952 INFO com.cts.controller.Controller [scheduling-1] Found 0 new input file/s.
2020-10-22 15:14:19,953 INFO com.cts.controller.Controller [scheduling-1] Scanning for new input file/s for mBusFormat in C:\Users\ronend\Desktop\BKKE_BASE_FOLDER\M-bus\Test.
2020-10-22 15:14:19,956 INFO com.cts.controller.Controller [scheduling-1] Found 0 new input file/s.
2020-10-22 15:14:19,956 INFO com.cts.controller.Controller [scheduling-1] Completed processing C:\Users\ronend\Desktop\BKKE_BASE_FOLDER\M-bus in 0 seconds.
2020-10-22 15:14:19,957 INFO com.cts.controller.Controller [scheduling-1] Scanning for sub directories for gamleAnleggFormat in C:\Users\ronend\Desktop\BKKE_BASE_FOLDER\QKunde.
2020-10-22 15:14:19,957 INFO com.cts.utils.GetListOfSubDirectories [scheduling-1] Scanning C:\Users\ronend\Desktop\BKKE_BASE_FOLDER\QKunde\ for existing sub-directories.
2020-10-22 15:14:19,977 INFO com.cts.controller.Controller [scheduling-1] Found 3 sub-folders for gamleAnleggFormat - one for each meter data collection system .
2020-10-22 15:14:19,978 INFO com.cts.controller.Controller [scheduling-1] Scanning for new input file/s for gamleAnleggFormat in C:\Users\ronend\Desktop\BKKE_BASE_FOLDER\QKunde\Borettslag_1.
2020-10-22 15:14:19,979 INFO com.cts.controller.Controller [scheduling-1] Found 0 new input file/s.
2020-10-22 15:14:19,980 INFO com.cts.controller.Controller [scheduling-1] Scanning for new input file/s for gamleAnleggFormat in C:\Users\ronend\Desktop\BKKE_BASE_FOLDER\QKunde\Borettslag_2.
2020-10-22 15:14:19,983 INFO com.cts.controller.Controller [scheduling-1] Found 0 new input file/s.
2020-10-22 15:14:19,983 INFO com.cts.controller.Controller [scheduling-1] Scanning for new input file/s for gamleAnleggFormat in C:\Users\ronend\Desktop\BKKE_BASE_FOLDER\QKunde\Borettslag_3.
2020-10-22 15:14:19,985 INFO com.cts.controller.Controller [scheduling-1] Found 0 new input file/s.
2020-10-22 15:14:19,986 INFO com.cts.controller.Controller [scheduling-1] Completed processing C:\Users\ronend\Desktop\BKKE_BASE_FOLDER\QKunde in 0 seconds.
2020-10-22 15:14:19,986 INFO com.cts.controller.Controller [scheduling-1] Completed processing in 0 seconds.
2020-10-22 15:14:19,986 INFO com.cts.controller.Controller [scheduling-1] Scan for new input files will be performed in 10 minutes according to scheduling plan.
2020-10-22 15:14:20,286 INFO com.zaxxer.hikari.HikariDataSource [main] HikariPool-1 - Start completed.
2020-10-22 15:14:20,315 INFO com.cts.utils.GetListOfSubDirectories [main] Scanning C:\Users\ronend\Desktop\BKKE_BASE_FOLDER for existing sub-directories.
2020-10-22 15:14:20,333 INFO com.cts.controller.Controller [main] Found 6 sub-directories - one directory per file format.
2020-10-22 15:14:20,333 INFO com.cts.controller.Controller [main] Scanning for sub directories for circutorPLCFormat in C:\Users\ronend\Desktop\BKKE_BASE_FOLDER\CircutorPLC.
2020-10-22 15:14:20,334 INFO com.cts.utils.GetListOfSubDirectories [main] Scanning C:\Users\ronend\Desktop\BKKE_BASE_FOLDER\CircutorPLC\ for existing sub-directories.
2020-10-22 15:14:20,344 INFO com.cts.controller.Controller [main] Found 3 sub-folders for circutorPLCFormat - one for each meter data collection system .
2020-10-22 15:14:20,347 INFO com.cts.controller.Controller [main] Scanning for new input file/s for circutorPLCFormat in C:\Users\ronend\Desktop\BKKE_BASE_FOLDER\CircutorPLC\Borettslag_1.
2020-10-22 15:14:20,352 INFO com.cts.controller.Controller [main] Found 0 new input file/s.
2020-10-22 15:14:20,352 INFO com.cts.controller.Controller [main] Scanning for new input file/s for circutorPLCFormat in C:\Users\ronend\Desktop\BKKE_BASE_FOLDER\CircutorPLC\Borettslag_2.
2020-10-22 15:14:20,354 INFO com.cts.controller.Controller [main] Found 0 new input file/s.
2020-10-22 15:14:20,355 INFO com.cts.controller.Controller [main] Scanning for new input file/s for circutorPLCFormat in C:\Users\ronend\Desktop\BKKE_BASE_FOLDER\CircutorPLC\Borettslag_3.
2020-10-22 15:14:20,359 INFO com.cts.controller.Controller [main] Found 0 new input file/s.
2020-10-22 15:14:20,361 INFO com.cts.controller.Controller [main] Completed processing C:\Users\ronend\Desktop\BKKE_BASE_FOLDER\CircutorPLC in 0 seconds.
2020-10-22 15:14:20,361 INFO com.cts.controller.Controller [main] Scanning for sub directories for forbruksImportFormat in C:\Users\ronend\Desktop\BKKE_BASE_FOLDER\Forbruk.
2020-10-22 15:14:20,361 INFO com.cts.utils.GetListOfSubDirectories [main] Scanning C:\Users\ronend\Desktop\BKKE_BASE_FOLDER\Forbruk\ for existing sub-directories.
2020-10-22 15:14:20,365 INFO com.cts.controller.Controller [main] Found 3 sub-folders for forbruksImportFormat - one for each meter data collection system .
2020-10-22 15:14:20,365 INFO com.cts.controller.Controller [main] Scanning for new input file/s for forbruksImportFormat in C:\Users\ronend\Desktop\BKKE_BASE_FOLDER\Forbruk\Borettslag_1.
2020-10-22 15:14:20,367 INFO com.cts.controller.Controller [main] Found 0 new input file/s.
2020-10-22 15:14:20,367 INFO com.cts.controller.Controller [main] Scanning for new input file/s for forbruksImportFormat in C:\Users\ronend\Desktop\BKKE_BASE_FOLDER\Forbruk\Borettslag_2.
2020-10-22 15:14:20,370 INFO com.cts.controller.Controller [main] Found 0 new input file/s.
2020-10-22 15:14:20,371 INFO com.cts.controller.Controller [main] Scanning for new input file/s for forbruksImportFormat in C:\Users\ronend\Desktop\BKKE_BASE_FOLDER\Forbruk\Borettslag_3.
2020-10-22 15:14:20,376 INFO com.cts.controller.Controller [main] Found 0 new input file/s.
2020-10-22 15:14:20,377 INFO com.cts.controller.Controller [main] Completed processing C:\Users\ronend\Desktop\BKKE_BASE_FOLDER\Forbruk in 0 seconds.
2020-10-22 15:14:20,377 INFO com.cts.controller.Controller [main] Scanning for sub directories for VBVFormat in C:\Users\ronend\Desktop\BKKE_BASE_FOLDER\KamstrupVBV.
2020-10-22 15:14:20,377 INFO com.cts.utils.GetListOfSubDirectories [main] Scanning C:\Users\ronend\Desktop\BKKE_BASE_FOLDER\KamstrupVBV\ for existing sub-directories.
2020-10-22 15:14:20,381 INFO com.cts.controller.Controller [main] Found 3 sub-folders for VBVFormat - one for each meter data collection system .
2020-10-22 15:14:20,382 INFO com.cts.controller.Controller [main] Scanning for new input file/s for VBVFormat in C:\Users\ronend\Desktop\BKKE_BASE_FOLDER\KamstrupVBV\Borettslag_1.
2020-10-22 15:14:20,383 INFO com.cts.controller.Controller [main] Found 0 new input file/s.
2020-10-22 15:14:20,384 INFO com.cts.controller.Controller [main] Scanning for new input file/s for VBVFormat in C:\Users\ronend\Desktop\BKKE_BASE_FOLDER\KamstrupVBV\Borettslag_2.
2020-10-22 15:14:20,385 INFO com.cts.controller.Controller [main] Found 0 new input file/s.
2020-10-22 15:14:20,386 INFO com.cts.controller.Controller [main] Scanning for new input file/s for VBVFormat in C:\Users\ronend\Desktop\BKKE_BASE_FOLDER\KamstrupVBV\Borettslag_3.
2020-10-22 15:14:20,388 INFO com.cts.controller.Controller [main] Found 0 new input file/s.
2020-10-22 15:14:20,389 INFO com.cts.controller.Controller [main] Completed processing C:\Users\ronend\Desktop\BKKE_BASE_FOLDER\KamstrupVBV in 0 seconds.
2020-10-22 15:14:20,389 INFO com.cts.controller.Controller [main] Scanning for sub directories for VTFormat in C:\Users\ronend\Desktop\BKKE_BASE_FOLDER\KamstrupVT.
2020-10-22 15:14:20,390 INFO com.cts.utils.GetListOfSubDirectories [main] Scanning C:\Users\ronend\Desktop\BKKE_BASE_FOLDER\KamstrupVT\ for existing sub-directories.
2020-10-22 15:14:20,393 INFO com.cts.controller.Controller [main] Found 3 sub-folders for VTFormat - one for each meter data collection system .
2020-10-22 15:14:20,394 INFO com.cts.controller.Controller [main] Scanning for new input file/s for VTFormat in C:\Users\ronend\Desktop\BKKE_BASE_FOLDER\KamstrupVT\Borettslag_1.
2020-10-22 15:14:20,396 INFO com.cts.controller.Controller [main] Found 0 new input file/s.
2020-10-22 15:14:20,397 INFO com.cts.controller.Controller [main] Scanning for new input file/s for VTFormat in C:\Users\ronend\Desktop\BKKE_BASE_FOLDER\KamstrupVT\Borettslag_2.
2020-10-22 15:14:20,398 INFO com.cts.controller.Controller [main] Found 0 new input file/s.
2020-10-22 15:14:20,399 INFO com.cts.controller.Controller [main] Scanning for new input file/s for VTFormat in C:\Users\ronend\Desktop\BKKE_BASE_FOLDER\KamstrupVT\Borettslag_3.
2020-10-22 15:14:20,403 INFO com.cts.controller.Controller [main] Found 0 new input file/s.
2020-10-22 15:14:20,403 INFO com.cts.controller.Controller [main] Completed processing C:\Users\ronend\Desktop\BKKE_BASE_FOLDER\KamstrupVT in 0 seconds.
2020-10-22 15:14:20,404 INFO com.cts.controller.Controller [main] Scanning for sub directories for mBusFormat in C:\Users\ronend\Desktop\BKKE_BASE_FOLDER\M-bus.
2020-10-22 15:14:20,404 INFO com.cts.utils.GetListOfSubDirectories [main] Scanning C:\Users\ronend\Desktop\BKKE_BASE_FOLDER\M-bus\ for existing sub-directories.
2020-10-22 15:14:20,409 INFO com.cts.controller.Controller [main] Found 5 sub-folders for mBusFormat - one for each meter data collection system .
2020-10-22 15:14:20,409 INFO com.cts.controller.Controller [main] Scanning for new input file/s for mBusFormat in C:\Users\ronend\Desktop\BKKE_BASE_FOLDER\M-bus\Borettslag_1.
2020-10-22 15:14:20,411 INFO com.cts.controller.Controller [main] Found 0 new input file/s.
2020-10-22 15:14:20,412 INFO com.cts.controller.Controller [main] Scanning for new input file/s for mBusFormat in C:\Users\ronend\Desktop\BKKE_BASE_FOLDER\M-bus\Borettslag_2.
2020-10-22 15:14:20,413 INFO com.cts.controller.Controller [main] Found 0 new input file/s.
2020-10-22 15:14:20,414 INFO com.cts.controller.Controller [main] Scanning for new input file/s for mBusFormat in C:\Users\ronend\Desktop\BKKE_BASE_FOLDER\M-bus\Borettslag_3.
2020-10-22 15:14:20,415 INFO com.cts.controller.Controller [main] Found 0 new input file/s.
2020-10-22 15:14:20,415 INFO com.cts.controller.Controller [main] Scanning for new input file/s for mBusFormat in C:\Users\ronend\Desktop\BKKE_BASE_FOLDER\M-bus\Paradishagen.
2020-10-22 15:14:20,416 INFO com.cts.controller.Controller [main] Found 0 new input file/s.
2020-10-22 15:14:20,416 INFO com.cts.controller.Controller [main] Scanning for new input file/s for mBusFormat in C:\Users\ronend\Desktop\BKKE_BASE_FOLDER\M-bus\Test.
2020-10-22 15:14:20,418 INFO com.cts.controller.Controller [main] Found 0 new input file/s.
2020-10-22 15:14:20,419 INFO com.cts.controller.Controller [main] Completed processing C:\Users\ronend\Desktop\BKKE_BASE_FOLDER\M-bus in 0 seconds.
2020-10-22 15:14:20,419 INFO com.cts.controller.Controller [main] Scanning for sub directories for gamleAnleggFormat in C:\Users\ronend\Desktop\BKKE_BASE_FOLDER\QKunde.
2020-10-22 15:14:20,419 INFO com.cts.utils.GetListOfSubDirectories [main] Scanning C:\Users\ronend\Desktop\BKKE_BASE_FOLDER\QKunde\ for existing sub-directories.
2020-10-22 15:14:20,422 INFO com.cts.controller.Controller [main] Found 3 sub-folders for gamleAnleggFormat - one for each meter data collection system .
2020-10-22 15:14:20,422 INFO com.cts.controller.Controller [main] Scanning for new input file/s for gamleAnleggFormat in C:\Users\ronend\Desktop\BKKE_BASE_FOLDER\QKunde\Borettslag_1.
2020-10-22 15:14:20,424 INFO com.cts.controller.Controller [main] Found 0 new input file/s.
2020-10-22 15:14:20,424 INFO com.cts.controller.Controller [main] Scanning for new input file/s for gamleAnleggFormat in C:\Users\ronend\Desktop\BKKE_BASE_FOLDER\QKunde\Borettslag_2.
2020-10-22 15:14:20,425 INFO com.cts.controller.Controller [main] Found 0 new input file/s.
2020-10-22 15:14:20,425 INFO com.cts.controller.Controller [main] Scanning for new input file/s for gamleAnleggFormat in C:\Users\ronend\Desktop\BKKE_BASE_FOLDER\QKunde\Borettslag_3.
2020-10-22 15:14:20,426 INFO com.cts.controller.Controller [main] Found 0 new input file/s.
2020-10-22 15:14:20,427 INFO com.cts.controller.Controller [main] Completed processing C:\Users\ronend\Desktop\BKKE_BASE_FOLDER\QKunde in 0 seconds.
2020-10-22 15:14:20,427 INFO com.cts.controller.Controller [main] Completed processing in 0 seconds.
2020-10-22 15:14:20,427 INFO com.cts.controller.Controller [main] Scan for new input files will be performed in 10 minutes according to scheduling plan.
